<?xml version="1.0" encoding="UTF-8"?>
<robot generator="Robot 5.0.1 (Python 3.10.5 on win32)" generated="20220802 13:49:55.247" rpa="false" schemaversion="3">
<suite id="s1" name="Produtos Testes" source="C:\Users\enzoc\OneDrive\Área de Trabalho\RoboTron_Enzo_Ceron_Projeto_Final\tests\produtos_testes.robot">
<test id="s1-t1" name="Cenário: GET Todos os Produtos 200" line="8">
<kw name="Criar Sessao" library="base">
<kw name="Create Session" library="RequestsLibrary">
<arg>serverest</arg>
<arg>${BASE_URI}</arg>
<doc>Create Session: create a HTTP session to a server</doc>
<msg timestamp="20220802 13:49:55.556" level="INFO">Creating Session using : alias=serverest, url=http://localhost:3000, headers={},                     cookies={}, auth=None, timeout=None, proxies=None, verify=False,                     debug=0 </msg>
<status status="PASS" starttime="20220802 13:49:55.555" endtime="20220802 13:49:55.556"/>
</kw>
<status status="PASS" starttime="20220802 13:49:55.555" endtime="20220802 13:49:55.556"/>
</kw>
<kw name="GET Endpoint /produtos" library="produtos_keywords">
<kw name="GET On Session" library="RequestsLibrary">
<var>${response}</var>
<arg>serverest</arg>
<arg>/produtos</arg>
<doc>Sends a GET request on a previously created HTTP Session.</doc>
<msg timestamp="20220802 13:49:55.566" level="INFO">GET Request : url=http://localhost:3000/produtos 
 path_url=/produtos 
 headers={'User-Agent': 'python-requests/2.28.1', 'Accept-Encoding': 'gzip, deflate', 'Accept': '*/*', 'Connection': 'keep-alive'} 
 body=None 
 </msg>
<msg timestamp="20220802 13:49:55.566" level="INFO">GET Response : url=http://localhost:3000/produtos 
 status=200, reason=OK 
 headers={'Access-Control-Allow-Origin': '*', 'x-dns-prefetch-control': 'off', 'x-frame-options': 'SAMEORIGIN', 'strict-transport-security': 'max-age=15552000; includeSubDomains', 'x-download-options': 'noopen', 'x-content-type-options': 'nosniff', 'x-xss-protection': '1; mode=block', 'x-moesif-transaction-id': '3e2fed7b-34d4-4edc-809f-4e8f19b31e78', 'Content-Type': 'application/json; charset=utf-8', 'Content-Length': '1239', 'Date': 'Tue, 02 Aug 2022 16:49:55 GMT', 'Connection': 'keep-alive', 'Keep-Alive': 'timeout=5'} 
 body={
    "quantidade": 6,
    "produtos": [
        {
            "nome": "Logitech MX Vertical",
            "preco": 3556,
            "descricao": "Fire past southern.",
            "quantidade": "8.11959959959956e+2144",
            "_id": "BeeJh5lz3k6kSIzA"
        },
        {
            "nome": "Samsung 60 polegadas",
            "preco": 5240,
            "descricao": "TV",
            "quantidade": 49977,
            "_id": "K6leHdftCeOJj8BJ"
        },
        {
            "nome": "MouseTechMadeira",
            "preco": 400,
            "descricao": "Mouse",
            "quantidade": 100,
            "_id": "KV6z8ZRLBDYEAmRn"
        },
        {
            "nome": "Chaleira Inox",
            "preco": 100,
            "descricao": "Bom dms",
            "quantidade": 25,
            "_id": "iJuMwcyypLSM4R0m"
        },
        {
            "nome": "IPhone 11 - 128GB",
            "preco": 2080,
            "descricao": "Celular em promoção",
            "quantidade": 49,
            "_id": "lJrTbjUUZaQaVCyz"
        },
        {
            "nome": "MouseTech",
            "preco": 400,
            "descricao": "Mouse",
            "quantidade": 100,
            "_id": "p1bjLUESMpK1I2LW"
        }
    ]
} 
 </msg>
<msg timestamp="20220802 13:49:55.566" level="INFO">${response} = &lt;Response [200]&gt;</msg>
<status status="PASS" starttime="20220802 13:49:55.556" endtime="20220802 13:49:55.566"/>
</kw>
<kw name="Printar Conteudo Response" library="common">
<arg>${response}</arg>
<kw name="Log To Console" library="BuiltIn">
<arg>Response: ${response.content}</arg>
<doc>Logs the given message to the console.</doc>
<status status="PASS" starttime="20220802 13:49:55.567" endtime="20220802 13:49:55.572"/>
</kw>
<status status="PASS" starttime="20220802 13:49:55.566" endtime="20220802 13:49:55.573"/>
</kw>
<kw name="Set Global Variable" library="BuiltIn">
<arg>${response}</arg>
<doc>Makes a variable available globally in all tests and suites.</doc>
<msg timestamp="20220802 13:49:55.573" level="INFO">${response} = &lt;Response [200]&gt;</msg>
<status status="PASS" starttime="20220802 13:49:55.573" endtime="20220802 13:49:55.573"/>
</kw>
<status status="PASS" starttime="20220802 13:49:55.556" endtime="20220802 13:49:55.573"/>
</kw>
<kw name="Validar Status Code &quot;200&quot;" library="common" sourcename="Validar Status Code &quot;${statuscode}&quot;">
<kw name="Should Be True" library="BuiltIn">
<arg>${response.status_code} == ${statuscode}</arg>
<doc>Fails if the given condition is not true.</doc>
<status status="PASS" starttime="20220802 13:49:55.574" endtime="20220802 13:49:55.575"/>
</kw>
<status status="PASS" starttime="20220802 13:49:55.574" endtime="20220802 13:49:55.575"/>
</kw>
<tag>GET200.1</tag>
<status status="PASS" starttime="20220802 13:49:55.554" endtime="20220802 13:49:55.575"/>
</test>
<test id="s1-t2" name="Cenário: GET Produto Específico 200" line="14">
<kw name="Criar Sessao" library="base">
<kw name="Create Session" library="RequestsLibrary">
<arg>serverest</arg>
<arg>${BASE_URI}</arg>
<doc>Create Session: create a HTTP session to a server</doc>
<msg timestamp="20220802 13:49:55.577" level="INFO">Creating Session using : alias=serverest, url=http://localhost:3000, headers={},                     cookies={}, auth=None, timeout=None, proxies=None, verify=False,                     debug=0 </msg>
<status status="PASS" starttime="20220802 13:49:55.577" endtime="20220802 13:49:55.578"/>
</kw>
<status status="PASS" starttime="20220802 13:49:55.577" endtime="20220802 13:49:55.578"/>
</kw>
<kw name="GET Endpoint /produtos id &quot;BeeJh5lz3k6kSIzA&quot;" library="produtos_keywords" sourcename="GET Endpoint /produtos id &quot;${id}&quot;">
<kw name="GET On Session" library="RequestsLibrary">
<var>${response}</var>
<arg>serverest</arg>
<arg>/produtos/${id}</arg>
<arg>expected_status=anything</arg>
<doc>Sends a GET request on a previously created HTTP Session.</doc>
<msg timestamp="20220802 13:49:55.583" level="INFO">GET Request : url=http://localhost:3000/produtos/BeeJh5lz3k6kSIzA 
 path_url=/produtos/BeeJh5lz3k6kSIzA 
 headers={'User-Agent': 'python-requests/2.28.1', 'Accept-Encoding': 'gzip, deflate', 'Accept': '*/*', 'Connection': 'keep-alive'} 
 body=None 
 </msg>
<msg timestamp="20220802 13:49:55.583" level="INFO">GET Response : url=http://localhost:3000/produtos/BeeJh5lz3k6kSIzA 
 status=200, reason=OK 
 headers={'Access-Control-Allow-Origin': '*', 'x-dns-prefetch-control': 'off', 'x-frame-options': 'SAMEORIGIN', 'strict-transport-security': 'max-age=15552000; includeSubDomains', 'x-download-options': 'noopen', 'x-content-type-options': 'nosniff', 'x-xss-protection': '1; mode=block', 'x-moesif-transaction-id': 'e0c93fe7-b69a-4e50-870c-3a87ad2e0b88', 'Content-Type': 'application/json; charset=utf-8', 'Content-Length': '172', 'Date': 'Tue, 02 Aug 2022 16:49:55 GMT', 'Connection': 'keep-alive', 'Keep-Alive': 'timeout=5'} 
 body={
    "nome": "Logitech MX Vertical",
    "preco": 3556,
    "descricao": "Fire past southern.",
    "quantidade": "8.11959959959956e+2144",
    "_id": "BeeJh5lz3k6kSIzA"
} 
 </msg>
<msg timestamp="20220802 13:49:55.583" level="INFO">${response} = &lt;Response [200]&gt;</msg>
<status status="PASS" starttime="20220802 13:49:55.578" endtime="20220802 13:49:55.583"/>
</kw>
<kw name="Printar Conteudo Response" library="common">
<arg>${response}</arg>
<kw name="Log To Console" library="BuiltIn">
<arg>Response: ${response.content}</arg>
<doc>Logs the given message to the console.</doc>
<status status="PASS" starttime="20220802 13:49:55.584" endtime="20220802 13:49:55.585"/>
</kw>
<status status="PASS" starttime="20220802 13:49:55.583" endtime="20220802 13:49:55.585"/>
</kw>
<kw name="Set Global Variable" library="BuiltIn">
<arg>${response}</arg>
<doc>Makes a variable available globally in all tests and suites.</doc>
<msg timestamp="20220802 13:49:55.586" level="INFO">${response} = &lt;Response [200]&gt;</msg>
<status status="PASS" starttime="20220802 13:49:55.585" endtime="20220802 13:49:55.586"/>
</kw>
<status status="PASS" starttime="20220802 13:49:55.578" endtime="20220802 13:49:55.586"/>
</kw>
<kw name="Validar Status Code &quot;200&quot;" library="common" sourcename="Validar Status Code &quot;${statuscode}&quot;">
<kw name="Should Be True" library="BuiltIn">
<arg>${response.status_code} == ${statuscode}</arg>
<doc>Fails if the given condition is not true.</doc>
<status status="PASS" starttime="20220802 13:49:55.586" endtime="20220802 13:49:55.587"/>
</kw>
<status status="PASS" starttime="20220802 13:49:55.586" endtime="20220802 13:49:55.587"/>
</kw>
<kw name="Validar Nome: &quot;Logitech MX Vertical&quot;" library="common" sourcename="Validar Nome: &quot;${nome}&quot;">
<kw name="Should Match" library="BuiltIn">
<arg>${response.json()["nome"]}</arg>
<arg>${nome}</arg>
<doc>Fails if the given ``string`` does not match the given ``pattern``.</doc>
<status status="PASS" starttime="20220802 13:49:55.587" endtime="20220802 13:49:55.605"/>
</kw>
<status status="PASS" starttime="20220802 13:49:55.587" endtime="20220802 13:49:55.605"/>
</kw>
<tag>GET200.2</tag>
<status status="PASS" starttime="20220802 13:49:55.577" endtime="20220802 13:49:55.605"/>
</test>
<test id="s1-t3" name="Cenário: GET Produto Inexistente 400" line="21">
<kw name="Criar Sessao" library="base">
<kw name="Create Session" library="RequestsLibrary">
<arg>serverest</arg>
<arg>${BASE_URI}</arg>
<doc>Create Session: create a HTTP session to a server</doc>
<msg timestamp="20220802 13:49:55.607" level="INFO">Creating Session using : alias=serverest, url=http://localhost:3000, headers={},                     cookies={}, auth=None, timeout=None, proxies=None, verify=False,                     debug=0 </msg>
<status status="PASS" starttime="20220802 13:49:55.607" endtime="20220802 13:49:55.608"/>
</kw>
<status status="PASS" starttime="20220802 13:49:55.607" endtime="20220802 13:49:55.608"/>
</kw>
<kw name="GET Endpoint /produtos id &quot;Inexistente&quot;" library="produtos_keywords" sourcename="GET Endpoint /produtos id &quot;${id}&quot;">
<kw name="GET On Session" library="RequestsLibrary">
<var>${response}</var>
<arg>serverest</arg>
<arg>/produtos/${id}</arg>
<arg>expected_status=anything</arg>
<doc>Sends a GET request on a previously created HTTP Session.</doc>
<msg timestamp="20220802 13:49:55.613" level="INFO">GET Request : url=http://localhost:3000/produtos/Inexistente 
 path_url=/produtos/Inexistente 
 headers={'User-Agent': 'python-requests/2.28.1', 'Accept-Encoding': 'gzip, deflate', 'Accept': '*/*', 'Connection': 'keep-alive'} 
 body=None 
 </msg>
<msg timestamp="20220802 13:49:55.613" level="INFO">GET Response : url=http://localhost:3000/produtos/Inexistente 
 status=400, reason=Bad Request 
 headers={'Access-Control-Allow-Origin': '*', 'x-dns-prefetch-control': 'off', 'x-frame-options': 'SAMEORIGIN', 'strict-transport-security': 'max-age=15552000; includeSubDomains', 'x-download-options': 'noopen', 'x-content-type-options': 'nosniff', 'x-xss-protection': '1; mode=block', 'x-moesif-transaction-id': 'fdb91cb5-c8db-4f49-b621-81f510c8ee60', 'Content-Type': 'application/json; charset=utf-8', 'Content-Length': '44', 'Date': 'Tue, 02 Aug 2022 16:49:55 GMT', 'Connection': 'keep-alive', 'Keep-Alive': 'timeout=5'} 
 body={
    "message": "Produto não encontrado"
} 
 </msg>
<msg timestamp="20220802 13:49:55.613" level="INFO">${response} = &lt;Response [400]&gt;</msg>
<status status="PASS" starttime="20220802 13:49:55.608" endtime="20220802 13:49:55.613"/>
</kw>
<kw name="Printar Conteudo Response" library="common">
<arg>${response}</arg>
<kw name="Log To Console" library="BuiltIn">
<arg>Response: ${response.content}</arg>
<doc>Logs the given message to the console.</doc>
<status status="PASS" starttime="20220802 13:49:55.614" endtime="20220802 13:49:55.615"/>
</kw>
<status status="PASS" starttime="20220802 13:49:55.614" endtime="20220802 13:49:55.616"/>
</kw>
<kw name="Set Global Variable" library="BuiltIn">
<arg>${response}</arg>
<doc>Makes a variable available globally in all tests and suites.</doc>
<msg timestamp="20220802 13:49:55.616" level="INFO">${response} = &lt;Response [400]&gt;</msg>
<status status="PASS" starttime="20220802 13:49:55.616" endtime="20220802 13:49:55.616"/>
</kw>
<status status="PASS" starttime="20220802 13:49:55.608" endtime="20220802 13:49:55.616"/>
</kw>
<kw name="Validar Status Code &quot;400&quot;" library="common" sourcename="Validar Status Code &quot;${statuscode}&quot;">
<kw name="Should Be True" library="BuiltIn">
<arg>${response.status_code} == ${statuscode}</arg>
<doc>Fails if the given condition is not true.</doc>
<status status="PASS" starttime="20220802 13:49:55.617" endtime="20220802 13:49:55.617"/>
</kw>
<status status="PASS" starttime="20220802 13:49:55.616" endtime="20220802 13:49:55.617"/>
</kw>
<kw name="Validar Mensagem: &quot;Produto não encontrado&quot;" library="common" sourcename="Validar Mensagem: &quot;${mensagem}&quot;">
<kw name="Should Match" library="BuiltIn">
<arg>${response.json()["message"]}</arg>
<arg>${mensagem}</arg>
<doc>Fails if the given ``string`` does not match the given ``pattern``.</doc>
<status status="PASS" starttime="20220802 13:49:55.619" endtime="20220802 13:49:55.619"/>
</kw>
<status status="PASS" starttime="20220802 13:49:55.618" endtime="20220802 13:49:55.619"/>
</kw>
<tag>GET400</tag>
<status status="PASS" starttime="20220802 13:49:55.607" endtime="20220802 13:49:55.619"/>
</test>
<test id="s1-t4" name="Cenário: POST Cadastrar Novo Produto 201" line="28">
<kw name="Criar Sessao" library="base">
<kw name="Create Session" library="RequestsLibrary">
<arg>serverest</arg>
<arg>${BASE_URI}</arg>
<doc>Create Session: create a HTTP session to a server</doc>
<msg timestamp="20220802 13:49:55.621" level="INFO">Creating Session using : alias=serverest, url=http://localhost:3000, headers={},                     cookies={}, auth=None, timeout=None, proxies=None, verify=False,                     debug=0 </msg>
<status status="PASS" starttime="20220802 13:49:55.621" endtime="20220802 13:49:55.622"/>
</kw>
<status status="PASS" starttime="20220802 13:49:55.621" endtime="20220802 13:49:55.622"/>
</kw>
<kw name="Fazer Login e Armazenar Token" library="login_keywords">
<kw name="Fazer Login com Usuário Válido de Massa Estatica" library="login_keywords">
<kw name="Importar JSON Estatico" library="common">
<var>${json}</var>
<arg>json_login_ex.json</arg>
<kw name="Get File" library="OperatingSystem">
<var>${arquivo}</var>
<arg>${EXECDIR}/../support/fixtures/static/${nome_arquivo}</arg>
<doc>Returns the contents of a specified file.</doc>
<msg timestamp="20220802 13:49:55.623" level="INFO" html="true">Getting file '&lt;a href="file://C:\Users\enzoc\OneDrive\Área de Trabalho\RoboTron_Enzo_Ceron_Projeto_Final\support\fixtures\static\json_login_ex.json"&gt;C:\Users\enzoc\OneDrive\Área de Trabalho\RoboTron_Enzo_Ceron_Projeto_Final\support\fixtures\static\json_login_ex.json&lt;/a&gt;'.</msg>
<msg timestamp="20220802 13:49:55.624" level="INFO">${arquivo} = {
    "login_valido_sem_carrinho":{
        "email":"ericreese@example.com",
        "password":"1C3OtLiJ@y"
    },
    "login_email_invalido":{
        "email":"emailInvalido@gmail.com",
        "pas...</msg>
<status status="PASS" starttime="20220802 13:49:55.623" endtime="20220802 13:49:55.624"/>
</kw>
<kw name="Evaluate" library="BuiltIn">
<var>&amp;{data}</var>
<arg>json.loads('''${arquivo}''')</arg>
<arg>json</arg>
<doc>Evaluates the given expression in Python and returns the result.</doc>
<msg timestamp="20220802 13:49:55.624" level="INFO">&amp;{data} = { login_valido_sem_carrinho={'email': 'ericreese@example.com', 'password': '1C3OtLiJ@y'} | login_email_invalido={'email': 'emailInvalido@gmail.com', 'password': '98765'} | login_senha_invalida={'email...</msg>
<status status="PASS" starttime="20220802 13:49:55.624" endtime="20220802 13:49:55.624"/>
</kw>
<msg timestamp="20220802 13:49:55.625" level="INFO">${json} = {'login_valido_sem_carrinho': {'email': 'ericreese@example.com', 'password': '1C3OtLiJ@y'}, 'login_email_invalido': {'email': 'emailInvalido@gmail.com', 'password': '98765'}, 'login_senha_invalida': {...</msg>
<status status="PASS" starttime="20220802 13:49:55.623" endtime="20220802 13:49:55.625"/>
</kw>
<kw name="Set Variable" library="BuiltIn">
<var>${payload}</var>
<arg>${json["login_valido_sem_carrinho"]}</arg>
<doc>Returns the given values which can then be assigned to a variables.</doc>
<msg timestamp="20220802 13:49:55.625" level="INFO">${payload} = {'email': 'ericreese@example.com', 'password': '1C3OtLiJ@y'}</msg>
<status status="PASS" starttime="20220802 13:49:55.625" endtime="20220802 13:49:55.625"/>
</kw>
<kw name="Set Global Variable" library="BuiltIn">
<arg>${payload}</arg>
<doc>Makes a variable available globally in all tests and suites.</doc>
<msg timestamp="20220802 13:49:55.625" level="INFO">${payload} = {'email': 'ericreese@example.com', 'password': '1C3OtLiJ@y'}</msg>
<status status="PASS" starttime="20220802 13:49:55.625" endtime="20220802 13:49:55.626"/>
</kw>
<kw name="POST Endpoint /login" library="login_keywords">
<kw name="POST On Session" library="RequestsLibrary">
<var>${response}</var>
<arg>serverest</arg>
<arg>/login</arg>
<arg>json=&amp;{payload}</arg>
<arg>expected_status=anything</arg>
<doc>Sends a POST request on a previously created HTTP Session.</doc>
<msg timestamp="20220802 13:49:55.632" level="INFO">POST Request : url=http://localhost:3000/login 
 path_url=/login 
 headers={'User-Agent': 'python-requests/2.28.1', 'Accept-Encoding': 'gzip, deflate', 'Accept': '*/*', 'Connection': 'keep-alive', 'Content-Length': '60', 'Content-Type': 'application/json'} 
 body=b'{"email": "ericreese@example.com", "password": "1C3OtLiJ@y"}' 
 </msg>
<msg timestamp="20220802 13:49:55.632" level="INFO">POST Response : url=http://localhost:3000/login 
 status=200, reason=OK 
 headers={'Access-Control-Allow-Origin': '*', 'x-dns-prefetch-control': 'off', 'x-frame-options': 'SAMEORIGIN', 'strict-transport-security': 'max-age=15552000; includeSubDomains', 'x-download-options': 'noopen', 'x-content-type-options': 'nosniff', 'x-xss-protection': '1; mode=block', 'x-moesif-transaction-id': '018ea081-aec8-4b1f-a722-cb8753e3fb49', 'Content-Type': 'application/json; charset=utf-8', 'Content-Length': '283', 'Date': 'Tue, 02 Aug 2022 16:49:55 GMT', 'Connection': 'keep-alive', 'Keep-Alive': 'timeout=5'} 
 body={
    "message": "Login realizado com sucesso",
    "authorization": "Bearer eyJhbGciOiJIUzI1NiIsInR5cCI6IkpXVCJ9.eyJlbWFpbCI6ImVyaWNyZWVzZUBleGFtcGxlLmNvbSIsInBhc3N3b3JkIjoiMUMzT3RMaUpAeSIsImlhdCI6MTY1OTQ1ODk5NSwiZXhwIjoxNjU5NDU5NTk1fQ.hoDPoHj5EaX-DstMnLfIc-5gXD6_FQzKiLREqq91M84"
} 
 </msg>
<msg timestamp="20220802 13:49:55.632" level="INFO">${response} = &lt;Response [200]&gt;</msg>
<status status="PASS" starttime="20220802 13:49:55.626" endtime="20220802 13:49:55.632"/>
</kw>
<kw name="Printar Conteudo Response" library="common">
<arg>${response}</arg>
<kw name="Log To Console" library="BuiltIn">
<arg>Response: ${response.content}</arg>
<doc>Logs the given message to the console.</doc>
<status status="PASS" starttime="20220802 13:49:55.633" endtime="20220802 13:49:55.634"/>
</kw>
<status status="PASS" starttime="20220802 13:49:55.633" endtime="20220802 13:49:55.635"/>
</kw>
<kw name="Set Global Variable" library="BuiltIn">
<arg>${response}</arg>
<doc>Makes a variable available globally in all tests and suites.</doc>
<msg timestamp="20220802 13:49:55.635" level="INFO">${response} = &lt;Response [200]&gt;</msg>
<status status="PASS" starttime="20220802 13:49:55.635" endtime="20220802 13:49:55.635"/>
</kw>
<status status="PASS" starttime="20220802 13:49:55.626" endtime="20220802 13:49:55.635"/>
</kw>
<status status="PASS" starttime="20220802 13:49:55.623" endtime="20220802 13:49:55.635"/>
</kw>
<kw name="Validar Ter Logado" library="login_keywords">
<kw name="Should Be Equal" library="BuiltIn">
<arg>${response.json()["message"]}</arg>
<arg>Login realizado com sucesso</arg>
<doc>Fails if the given objects are unequal.</doc>
<status status="PASS" starttime="20220802 13:49:55.635" endtime="20220802 13:49:55.636"/>
</kw>
<kw name="Should Not Be Empty" library="BuiltIn">
<arg>${response.json()["authorization"]}</arg>
<doc>Verifies that the given item is not empty.</doc>
<msg timestamp="20220802 13:49:55.637" level="INFO">Length is 210</msg>
<status status="PASS" starttime="20220802 13:49:55.636" endtime="20220802 13:49:55.637"/>
</kw>
<status status="PASS" starttime="20220802 13:49:55.635" endtime="20220802 13:49:55.637"/>
</kw>
<kw name="Set Variable" library="BuiltIn">
<var>${token_auth}</var>
<arg>${response.json()["authorization"]}</arg>
<doc>Returns the given values which can then be assigned to a variables.</doc>
<msg timestamp="20220802 13:49:55.637" level="INFO">${token_auth} = Bearer eyJhbGciOiJIUzI1NiIsInR5cCI6IkpXVCJ9.eyJlbWFpbCI6ImVyaWNyZWVzZUBleGFtcGxlLmNvbSIsInBhc3N3b3JkIjoiMUMzT3RMaUpAeSIsImlhdCI6MTY1OTQ1ODk5NSwiZXhwIjoxNjU5NDU5NTk1fQ.hoDPoHj5EaX-DstMnLfIc-5gXD6_FQzKi...</msg>
<status status="PASS" starttime="20220802 13:49:55.637" endtime="20220802 13:49:55.637"/>
</kw>
<kw name="Set Global Variable" library="BuiltIn">
<arg>${token_auth}</arg>
<doc>Makes a variable available globally in all tests and suites.</doc>
<msg timestamp="20220802 13:49:55.637" level="INFO">${token_auth} = Bearer eyJhbGciOiJIUzI1NiIsInR5cCI6IkpXVCJ9.eyJlbWFpbCI6ImVyaWNyZWVzZUBleGFtcGxlLmNvbSIsInBhc3N3b3JkIjoiMUMzT3RMaUpAeSIsImlhdCI6MTY1OTQ1ODk5NSwiZXhwIjoxNjU5NDU5NTk1fQ.hoDPoHj5EaX-DstMnLfIc-5gXD6_FQzKi...</msg>
<status status="PASS" starttime="20220802 13:49:55.637" endtime="20220802 13:49:55.637"/>
</kw>
<status status="PASS" starttime="20220802 13:49:55.622" endtime="20220802 13:49:55.638"/>
</kw>
<kw name="Criar Dados Produto Valido" library="dynamics">
<kw name="Name" library="FakerLibrary">
<var>${nome}</var>
<doc>:example 'John Doe'</doc>
<msg timestamp="20220802 13:49:55.639" level="INFO">${nome} = Bruce Richardson</msg>
<status status="PASS" starttime="20220802 13:49:55.638" endtime="20220802 13:49:55.639"/>
</kw>
<kw name="Random Int" library="FakerLibrary">
<var>${preco}</var>
<arg>max=9999</arg>
<doc>Generate a random integer between two integers ``min`` and ``max`` inclusive
while observing the provided ``step`` value.</doc>
<msg timestamp="20220802 13:49:55.639" level="INFO">${preco} = 7222</msg>
<status status="PASS" starttime="20220802 13:49:55.639" endtime="20220802 13:49:55.639"/>
</kw>
<kw name="Text" library="FakerLibrary">
<var>${desc}</var>
<arg>max_nb_chars=25</arg>
<doc>Generate a text string.</doc>
<msg timestamp="20220802 13:49:55.639" level="INFO">${desc} = Out story expert even.</msg>
<status status="PASS" starttime="20220802 13:49:55.639" endtime="20220802 13:49:55.639"/>
</kw>
<kw name="Random Int" library="FakerLibrary">
<var>${qnt}</var>
<arg>max=999</arg>
<doc>Generate a random integer between two integers ``min`` and ``max`` inclusive
while observing the provided ``step`` value.</doc>
<msg timestamp="20220802 13:49:55.639" level="INFO">${qnt} = 108</msg>
<status status="PASS" starttime="20220802 13:49:55.639" endtime="20220802 13:49:55.639"/>
</kw>
<kw name="Create Dictionary" library="BuiltIn">
<var>${payload}</var>
<arg>nome=${nome}</arg>
<arg>preco=${preco}</arg>
<arg>descricao=${desc}</arg>
<arg>quantidade=${qnt}</arg>
<doc>Creates and returns a dictionary based on the given ``items``.</doc>
<msg timestamp="20220802 13:49:55.641" level="INFO">${payload} = {'nome': 'Bruce Richardson', 'preco': 7222, 'descricao': 'Out story expert even.', 'quantidade': 108}</msg>
<status status="PASS" starttime="20220802 13:49:55.639" endtime="20220802 13:49:55.641"/>
</kw>
<kw name="Log To Console" library="BuiltIn">
<arg>${payload}</arg>
<doc>Logs the given message to the console.</doc>
<status status="PASS" starttime="20220802 13:49:55.641" endtime="20220802 13:49:55.641"/>
</kw>
<kw name="Set Global Variable" library="BuiltIn">
<arg>${payload}</arg>
<doc>Makes a variable available globally in all tests and suites.</doc>
<msg timestamp="20220802 13:49:55.641" level="INFO">${payload} = {'nome': 'Bruce Richardson', 'preco': 7222, 'descricao': 'Out story expert even.', 'quantidade': 108}</msg>
<status status="PASS" starttime="20220802 13:49:55.641" endtime="20220802 13:49:55.641"/>
</kw>
<status status="PASS" starttime="20220802 13:49:55.638" endtime="20220802 13:49:55.642"/>
</kw>
<kw name="POST Endpoint /produtos" library="produtos_keywords">
<kw name="Create Dictionary" library="BuiltIn">
<var>&amp;{header}</var>
<arg>Authorization=${token_auth}</arg>
<doc>Creates and returns a dictionary based on the given ``items``.</doc>
<msg timestamp="20220802 13:49:55.642" level="INFO">&amp;{header} = { Authorization=Bearer eyJhbGciOiJIUzI1NiIsInR5cCI6IkpXVCJ9.eyJlbWFpbCI6ImVyaWNyZWVzZUBleGFtcGxlLmNvbSIsInBhc3N3b3JkIjoiMUMzT3RMaUpAeSIsImlhdCI6MTY1OTQ1ODk5NSwiZXhwIjoxNjU5NDU5NTk1fQ.hoDPoHj5EaX-DstMn...</msg>
<status status="PASS" starttime="20220802 13:49:55.642" endtime="20220802 13:49:55.642"/>
</kw>
<kw name="POST On Session" library="RequestsLibrary">
<var>${response}</var>
<arg>serverest</arg>
<arg>/produtos</arg>
<arg>json=${payload}</arg>
<arg>expected_status=anything</arg>
<arg>headers=${header}</arg>
<doc>Sends a POST request on a previously created HTTP Session.</doc>
<msg timestamp="20220802 13:49:55.650" level="INFO">POST Request : url=http://localhost:3000/produtos 
 path_url=/produtos 
 headers={'User-Agent': 'python-requests/2.28.1', 'Accept-Encoding': 'gzip, deflate', 'Accept': '*/*', 'Connection': 'keep-alive', 'Authorization': 'Bearer eyJhbGciOiJIUzI1NiIsInR5cCI6IkpXVCJ9.eyJlbWFpbCI6ImVyaWNyZWVzZUBleGFtcGxlLmNvbSIsInBhc3N3b3JkIjoiMUMzT3RMaUpAeSIsImlhdCI6MTY1OTQ1ODk5NSwiZXhwIjoxNjU5NDU5NTk1fQ.hoDPoHj5EaX-DstMnLfIc-5gXD6_FQzKiLREqq91M84', 'Content-Length': '101', 'Content-Type': 'application/json'} 
 body=b'{"nome": "Bruce Richardson", "preco": 7222, "descricao": "Out story expert even.", "quantidade": 108}' 
 </msg>
<msg timestamp="20220802 13:49:55.650" level="INFO">POST Response : url=http://localhost:3000/produtos 
 status=201, reason=Created 
 headers={'Access-Control-Allow-Origin': '*', 'x-dns-prefetch-control': 'off', 'x-frame-options': 'SAMEORIGIN', 'strict-transport-security': 'max-age=15552000; includeSubDomains', 'x-download-options': 'noopen', 'x-content-type-options': 'nosniff', 'x-xss-protection': '1; mode=block', 'x-moesif-transaction-id': '2758cfbf-9220-4c45-a337-972ddbc7f433', 'Content-Type': 'application/json; charset=utf-8', 'Content-Length': '82', 'Date': 'Tue, 02 Aug 2022 16:49:55 GMT', 'Connection': 'keep-alive', 'Keep-Alive': 'timeout=5'} 
 body={
    "message": "Cadastro realizado com sucesso",
    "_id": "Q3j7UNqdRLTXe8FP"
} 
 </msg>
<msg timestamp="20220802 13:49:55.650" level="INFO">${response} = &lt;Response [201]&gt;</msg>
<status status="PASS" starttime="20220802 13:49:55.642" endtime="20220802 13:49:55.650"/>
</kw>
<kw name="Printar Conteudo Response" library="common">
<arg>${response}</arg>
<kw name="Log To Console" library="BuiltIn">
<arg>Response: ${response.content}</arg>
<doc>Logs the given message to the console.</doc>
<status status="PASS" starttime="20220802 13:49:55.651" endtime="20220802 13:49:55.652"/>
</kw>
<status status="PASS" starttime="20220802 13:49:55.650" endtime="20220802 13:49:55.653"/>
</kw>
<kw name="Set Global Variable" library="BuiltIn">
<arg>${response}</arg>
<doc>Makes a variable available globally in all tests and suites.</doc>
<msg timestamp="20220802 13:49:55.653" level="INFO">${response} = &lt;Response [201]&gt;</msg>
<status status="PASS" starttime="20220802 13:49:55.653" endtime="20220802 13:49:55.653"/>
</kw>
<status status="PASS" starttime="20220802 13:49:55.642" endtime="20220802 13:49:55.653"/>
</kw>
<kw name="Validar Status Code &quot;201&quot;" library="common" sourcename="Validar Status Code &quot;${statuscode}&quot;">
<kw name="Should Be True" library="BuiltIn">
<arg>${response.status_code} == ${statuscode}</arg>
<doc>Fails if the given condition is not true.</doc>
<status status="PASS" starttime="20220802 13:49:55.654" endtime="20220802 13:49:55.655"/>
</kw>
<status status="PASS" starttime="20220802 13:49:55.654" endtime="20220802 13:49:55.655"/>
</kw>
<kw name="Validar Mensagem: &quot;Cadastro realizado com sucesso&quot;" library="common" sourcename="Validar Mensagem: &quot;${mensagem}&quot;">
<kw name="Should Match" library="BuiltIn">
<arg>${response.json()["message"]}</arg>
<arg>${mensagem}</arg>
<doc>Fails if the given ``string`` does not match the given ``pattern``.</doc>
<status status="PASS" starttime="20220802 13:49:55.656" endtime="20220802 13:49:55.657"/>
</kw>
<status status="PASS" starttime="20220802 13:49:55.656" endtime="20220802 13:49:55.657"/>
</kw>
<kw name="DELETE id &quot;${response.json()[&quot;_id&quot;]}&quot;" library="produtos_keywords" sourcename="DELETE id &quot;${id}&quot;">
<kw name="Create Dictionary" library="BuiltIn">
<var>${header}</var>
<arg>Authorization=${token_auth}</arg>
<doc>Creates and returns a dictionary based on the given ``items``.</doc>
<msg timestamp="20220802 13:49:55.659" level="INFO">${header} = {'Authorization': 'Bearer eyJhbGciOiJIUzI1NiIsInR5cCI6IkpXVCJ9.eyJlbWFpbCI6ImVyaWNyZWVzZUBleGFtcGxlLmNvbSIsInBhc3N3b3JkIjoiMUMzT3RMaUpAeSIsImlhdCI6MTY1OTQ1ODk5NSwiZXhwIjoxNjU5NDU5NTk1fQ.hoDPoHj5EaX-Ds...</msg>
<status status="PASS" starttime="20220802 13:49:55.658" endtime="20220802 13:49:55.659"/>
</kw>
<kw name="DELETE On Session" library="RequestsLibrary">
<var>${response}</var>
<arg>serverest</arg>
<arg>/produtos/${id}</arg>
<arg>expected_status=anything</arg>
<arg>headers=${header}</arg>
<doc>Sends a DELETE request on a previously created HTTP Session.</doc>
<msg timestamp="20220802 13:49:55.666" level="INFO">DELETE Request : url=http://localhost:3000/produtos/Q3j7UNqdRLTXe8FP 
 path_url=/produtos/Q3j7UNqdRLTXe8FP 
 headers={'User-Agent': 'python-requests/2.28.1', 'Accept-Encoding': 'gzip, deflate', 'Accept': '*/*', 'Connection': 'keep-alive', 'Authorization': 'Bearer eyJhbGciOiJIUzI1NiIsInR5cCI6IkpXVCJ9.eyJlbWFpbCI6ImVyaWNyZWVzZUBleGFtcGxlLmNvbSIsInBhc3N3b3JkIjoiMUMzT3RMaUpAeSIsImlhdCI6MTY1OTQ1ODk5NSwiZXhwIjoxNjU5NDU5NTk1fQ.hoDPoHj5EaX-DstMnLfIc-5gXD6_FQzKiLREqq91M84', 'Content-Length': '0'} 
 body=None 
 </msg>
<msg timestamp="20220802 13:49:55.666" level="INFO">DELETE Response : url=http://localhost:3000/produtos/Q3j7UNqdRLTXe8FP 
 status=200, reason=OK 
 headers={'Access-Control-Allow-Origin': '*', 'x-dns-prefetch-control': 'off', 'x-frame-options': 'SAMEORIGIN', 'strict-transport-security': 'max-age=15552000; includeSubDomains', 'x-download-options': 'noopen', 'x-content-type-options': 'nosniff', 'x-xss-protection': '1; mode=block', 'x-moesif-transaction-id': '763496fd-7768-4283-a567-b034d6b9b398', 'Content-Type': 'application/json; charset=utf-8', 'Content-Length': '51', 'Date': 'Tue, 02 Aug 2022 16:49:55 GMT', 'Connection': 'keep-alive', 'Keep-Alive': 'timeout=5'} 
 body={
    "message": "Registro excluído com sucesso"
} 
 </msg>
<msg timestamp="20220802 13:49:55.666" level="INFO">${response} = &lt;Response [200]&gt;</msg>
<status status="PASS" starttime="20220802 13:49:55.659" endtime="20220802 13:49:55.666"/>
</kw>
<kw name="Printar Conteudo Response" library="common">
<arg>${response}</arg>
<kw name="Log To Console" library="BuiltIn">
<arg>Response: ${response.content}</arg>
<doc>Logs the given message to the console.</doc>
<status status="PASS" starttime="20220802 13:49:55.667" endtime="20220802 13:49:55.668"/>
</kw>
<status status="PASS" starttime="20220802 13:49:55.667" endtime="20220802 13:49:55.668"/>
</kw>
<kw name="Set Global Variable" library="BuiltIn">
<arg>${response}</arg>
<doc>Makes a variable available globally in all tests and suites.</doc>
<msg timestamp="20220802 13:49:55.669" level="INFO">${response} = &lt;Response [200]&gt;</msg>
<status status="PASS" starttime="20220802 13:49:55.669" endtime="20220802 13:49:55.669"/>
</kw>
<status status="PASS" starttime="20220802 13:49:55.658" endtime="20220802 13:49:55.669"/>
</kw>
<kw name="Validar Status Code &quot;200&quot;" library="common" sourcename="Validar Status Code &quot;${statuscode}&quot;">
<kw name="Should Be True" library="BuiltIn">
<arg>${response.status_code} == ${statuscode}</arg>
<doc>Fails if the given condition is not true.</doc>
<status status="PASS" starttime="20220802 13:49:55.670" endtime="20220802 13:49:55.671"/>
</kw>
<status status="PASS" starttime="20220802 13:49:55.670" endtime="20220802 13:49:55.671"/>
</kw>
<kw name="Validar Mensagem: &quot;Registro excluído com sucesso&quot;" library="common" sourcename="Validar Mensagem: &quot;${mensagem}&quot;">
<kw name="Should Match" library="BuiltIn">
<arg>${response.json()["message"]}</arg>
<arg>${mensagem}</arg>
<doc>Fails if the given ``string`` does not match the given ``pattern``.</doc>
<status status="PASS" starttime="20220802 13:49:55.671" endtime="20220802 13:49:55.672"/>
</kw>
<status status="PASS" starttime="20220802 13:49:55.671" endtime="20220802 13:49:55.672"/>
</kw>
<tag>POST201</tag>
<status status="PASS" starttime="20220802 13:49:55.620" endtime="20220802 13:49:55.672"/>
</test>
<test id="s1-t5" name="Cenário: POST Cadastrar Produto Existente 400" line="40">
<kw name="Criar Sessao" library="base">
<kw name="Create Session" library="RequestsLibrary">
<arg>serverest</arg>
<arg>${BASE_URI}</arg>
<doc>Create Session: create a HTTP session to a server</doc>
<msg timestamp="20220802 13:49:55.674" level="INFO">Creating Session using : alias=serverest, url=http://localhost:3000, headers={},                     cookies={}, auth=None, timeout=None, proxies=None, verify=False,                     debug=0 </msg>
<status status="PASS" starttime="20220802 13:49:55.674" endtime="20220802 13:49:55.675"/>
</kw>
<status status="PASS" starttime="20220802 13:49:55.674" endtime="20220802 13:49:55.675"/>
</kw>
<kw name="Fazer Login e Armazenar Token" library="login_keywords">
<kw name="Fazer Login com Usuário Válido de Massa Estatica" library="login_keywords">
<kw name="Importar JSON Estatico" library="common">
<var>${json}</var>
<arg>json_login_ex.json</arg>
<kw name="Get File" library="OperatingSystem">
<var>${arquivo}</var>
<arg>${EXECDIR}/../support/fixtures/static/${nome_arquivo}</arg>
<doc>Returns the contents of a specified file.</doc>
<msg timestamp="20220802 13:49:55.677" level="INFO" html="true">Getting file '&lt;a href="file://C:\Users\enzoc\OneDrive\Área de Trabalho\RoboTron_Enzo_Ceron_Projeto_Final\support\fixtures\static\json_login_ex.json"&gt;C:\Users\enzoc\OneDrive\Área de Trabalho\RoboTron_Enzo_Ceron_Projeto_Final\support\fixtures\static\json_login_ex.json&lt;/a&gt;'.</msg>
<msg timestamp="20220802 13:49:55.677" level="INFO">${arquivo} = {
    "login_valido_sem_carrinho":{
        "email":"ericreese@example.com",
        "password":"1C3OtLiJ@y"
    },
    "login_email_invalido":{
        "email":"emailInvalido@gmail.com",
        "pas...</msg>
<status status="PASS" starttime="20220802 13:49:55.676" endtime="20220802 13:49:55.677"/>
</kw>
<kw name="Evaluate" library="BuiltIn">
<var>&amp;{data}</var>
<arg>json.loads('''${arquivo}''')</arg>
<arg>json</arg>
<doc>Evaluates the given expression in Python and returns the result.</doc>
<msg timestamp="20220802 13:49:55.678" level="INFO">&amp;{data} = { login_valido_sem_carrinho={'email': 'ericreese@example.com', 'password': '1C3OtLiJ@y'} | login_email_invalido={'email': 'emailInvalido@gmail.com', 'password': '98765'} | login_senha_invalida={'email...</msg>
<status status="PASS" starttime="20220802 13:49:55.677" endtime="20220802 13:49:55.678"/>
</kw>
<msg timestamp="20220802 13:49:55.678" level="INFO">${json} = {'login_valido_sem_carrinho': {'email': 'ericreese@example.com', 'password': '1C3OtLiJ@y'}, 'login_email_invalido': {'email': 'emailInvalido@gmail.com', 'password': '98765'}, 'login_senha_invalida': {...</msg>
<status status="PASS" starttime="20220802 13:49:55.676" endtime="20220802 13:49:55.678"/>
</kw>
<kw name="Set Variable" library="BuiltIn">
<var>${payload}</var>
<arg>${json["login_valido_sem_carrinho"]}</arg>
<doc>Returns the given values which can then be assigned to a variables.</doc>
<msg timestamp="20220802 13:49:55.678" level="INFO">${payload} = {'email': 'ericreese@example.com', 'password': '1C3OtLiJ@y'}</msg>
<status status="PASS" starttime="20220802 13:49:55.678" endtime="20220802 13:49:55.678"/>
</kw>
<kw name="Set Global Variable" library="BuiltIn">
<arg>${payload}</arg>
<doc>Makes a variable available globally in all tests and suites.</doc>
<msg timestamp="20220802 13:49:55.678" level="INFO">${payload} = {'email': 'ericreese@example.com', 'password': '1C3OtLiJ@y'}</msg>
<status status="PASS" starttime="20220802 13:49:55.678" endtime="20220802 13:49:55.678"/>
</kw>
<kw name="POST Endpoint /login" library="login_keywords">
<kw name="POST On Session" library="RequestsLibrary">
<var>${response}</var>
<arg>serverest</arg>
<arg>/login</arg>
<arg>json=&amp;{payload}</arg>
<arg>expected_status=anything</arg>
<doc>Sends a POST request on a previously created HTTP Session.</doc>
<msg timestamp="20220802 13:49:55.686" level="INFO">POST Request : url=http://localhost:3000/login 
 path_url=/login 
 headers={'User-Agent': 'python-requests/2.28.1', 'Accept-Encoding': 'gzip, deflate', 'Accept': '*/*', 'Connection': 'keep-alive', 'Content-Length': '60', 'Content-Type': 'application/json'} 
 body=b'{"email": "ericreese@example.com", "password": "1C3OtLiJ@y"}' 
 </msg>
<msg timestamp="20220802 13:49:55.686" level="INFO">POST Response : url=http://localhost:3000/login 
 status=200, reason=OK 
 headers={'Access-Control-Allow-Origin': '*', 'x-dns-prefetch-control': 'off', 'x-frame-options': 'SAMEORIGIN', 'strict-transport-security': 'max-age=15552000; includeSubDomains', 'x-download-options': 'noopen', 'x-content-type-options': 'nosniff', 'x-xss-protection': '1; mode=block', 'x-moesif-transaction-id': '963d2d08-0fed-4ee0-a494-f69226d7a7f3', 'Content-Type': 'application/json; charset=utf-8', 'Content-Length': '283', 'Date': 'Tue, 02 Aug 2022 16:49:55 GMT', 'Connection': 'keep-alive', 'Keep-Alive': 'timeout=5'} 
 body={
    "message": "Login realizado com sucesso",
    "authorization": "Bearer eyJhbGciOiJIUzI1NiIsInR5cCI6IkpXVCJ9.eyJlbWFpbCI6ImVyaWNyZWVzZUBleGFtcGxlLmNvbSIsInBhc3N3b3JkIjoiMUMzT3RMaUpAeSIsImlhdCI6MTY1OTQ1ODk5NSwiZXhwIjoxNjU5NDU5NTk1fQ.hoDPoHj5EaX-DstMnLfIc-5gXD6_FQzKiLREqq91M84"
} 
 </msg>
<msg timestamp="20220802 13:49:55.686" level="INFO">${response} = &lt;Response [200]&gt;</msg>
<status status="PASS" starttime="20220802 13:49:55.678" endtime="20220802 13:49:55.686"/>
</kw>
<kw name="Printar Conteudo Response" library="common">
<arg>${response}</arg>
<kw name="Log To Console" library="BuiltIn">
<arg>Response: ${response.content}</arg>
<doc>Logs the given message to the console.</doc>
<status status="PASS" starttime="20220802 13:49:55.687" endtime="20220802 13:49:55.689"/>
</kw>
<status status="PASS" starttime="20220802 13:49:55.686" endtime="20220802 13:49:55.689"/>
</kw>
<kw name="Set Global Variable" library="BuiltIn">
<arg>${response}</arg>
<doc>Makes a variable available globally in all tests and suites.</doc>
<msg timestamp="20220802 13:49:55.690" level="INFO">${response} = &lt;Response [200]&gt;</msg>
<status status="PASS" starttime="20220802 13:49:55.689" endtime="20220802 13:49:55.690"/>
</kw>
<status status="PASS" starttime="20220802 13:49:55.678" endtime="20220802 13:49:55.690"/>
</kw>
<status status="PASS" starttime="20220802 13:49:55.676" endtime="20220802 13:49:55.690"/>
</kw>
<kw name="Validar Ter Logado" library="login_keywords">
<kw name="Should Be Equal" library="BuiltIn">
<arg>${response.json()["message"]}</arg>
<arg>Login realizado com sucesso</arg>
<doc>Fails if the given objects are unequal.</doc>
<status status="PASS" starttime="20220802 13:49:55.690" endtime="20220802 13:49:55.690"/>
</kw>
<kw name="Should Not Be Empty" library="BuiltIn">
<arg>${response.json()["authorization"]}</arg>
<doc>Verifies that the given item is not empty.</doc>
<msg timestamp="20220802 13:49:55.691" level="INFO">Length is 210</msg>
<status status="PASS" starttime="20220802 13:49:55.691" endtime="20220802 13:49:55.691"/>
</kw>
<status status="PASS" starttime="20220802 13:49:55.690" endtime="20220802 13:49:55.691"/>
</kw>
<kw name="Set Variable" library="BuiltIn">
<var>${token_auth}</var>
<arg>${response.json()["authorization"]}</arg>
<doc>Returns the given values which can then be assigned to a variables.</doc>
<msg timestamp="20220802 13:49:55.691" level="INFO">${token_auth} = Bearer eyJhbGciOiJIUzI1NiIsInR5cCI6IkpXVCJ9.eyJlbWFpbCI6ImVyaWNyZWVzZUBleGFtcGxlLmNvbSIsInBhc3N3b3JkIjoiMUMzT3RMaUpAeSIsImlhdCI6MTY1OTQ1ODk5NSwiZXhwIjoxNjU5NDU5NTk1fQ.hoDPoHj5EaX-DstMnLfIc-5gXD6_FQzKi...</msg>
<status status="PASS" starttime="20220802 13:49:55.691" endtime="20220802 13:49:55.692"/>
</kw>
<kw name="Set Global Variable" library="BuiltIn">
<arg>${token_auth}</arg>
<doc>Makes a variable available globally in all tests and suites.</doc>
<msg timestamp="20220802 13:49:55.692" level="INFO">${token_auth} = Bearer eyJhbGciOiJIUzI1NiIsInR5cCI6IkpXVCJ9.eyJlbWFpbCI6ImVyaWNyZWVzZUBleGFtcGxlLmNvbSIsInBhc3N3b3JkIjoiMUMzT3RMaUpAeSIsImlhdCI6MTY1OTQ1ODk5NSwiZXhwIjoxNjU5NDU5NTk1fQ.hoDPoHj5EaX-DstMnLfIc-5gXD6_FQzKi...</msg>
<status status="PASS" starttime="20220802 13:49:55.692" endtime="20220802 13:49:55.692"/>
</kw>
<status status="PASS" starttime="20220802 13:49:55.675" endtime="20220802 13:49:55.692"/>
</kw>
<kw name="Cadastra Produto Estatico Invalido" library="produtos_keywords">
<kw name="Importar JSON Estatico" library="common">
<var>${json}</var>
<arg>json_produtos_ex.json</arg>
<kw name="Get File" library="OperatingSystem">
<var>${arquivo}</var>
<arg>${EXECDIR}/../support/fixtures/static/${nome_arquivo}</arg>
<doc>Returns the contents of a specified file.</doc>
<msg timestamp="20220802 13:49:55.693" level="INFO" html="true">Getting file '&lt;a href="file://C:\Users\enzoc\OneDrive\Área de Trabalho\RoboTron_Enzo_Ceron_Projeto_Final\support\fixtures\static\json_produtos_ex.json"&gt;C:\Users\enzoc\OneDrive\Área de Trabalho\RoboTron_Enzo_Ceron_Projeto_Final\support\fixtures\static\json_produtos_ex.json&lt;/a&gt;'.</msg>
<msg timestamp="20220802 13:49:55.693" level="INFO">${arquivo} = {
    "produto_valido":{
    "nome": "Anne Pro 2 - RGB, Branco",
    "preco": 1500,
    "descricao": "Teclado",
    "quantidade": 140
  },
  "produto_invalido":{
    "nome": "Chaleira Inox",
    "prec...</msg>
<status status="PASS" starttime="20220802 13:49:55.693" endtime="20220802 13:49:55.693"/>
</kw>
<kw name="Evaluate" library="BuiltIn">
<var>&amp;{data}</var>
<arg>json.loads('''${arquivo}''')</arg>
<arg>json</arg>
<doc>Evaluates the given expression in Python and returns the result.</doc>
<msg timestamp="20220802 13:49:55.694" level="INFO">&amp;{data} = { produto_valido={'nome': 'Anne Pro 2 - RGB, Branco', 'preco': 1500, 'descricao': 'Teclado', 'quantidade': 140} | produto_invalido={'nome': 'Chaleira Inox', 'preco': 100, 'descricao': 'Bom dms', 'quan...</msg>
<status status="PASS" starttime="20220802 13:49:55.693" endtime="20220802 13:49:55.694"/>
</kw>
<msg timestamp="20220802 13:49:55.694" level="INFO">${json} = {'produto_valido': {'nome': 'Anne Pro 2 - RGB, Branco', 'preco': 1500, 'descricao': 'Teclado', 'quantidade': 140}, 'produto_invalido': {'nome': 'Chaleira Inox', 'preco': 100, 'descricao': 'Bom dms', '...</msg>
<status status="PASS" starttime="20220802 13:49:55.692" endtime="20220802 13:49:55.694"/>
</kw>
<kw name="Set Variable" library="BuiltIn">
<var>${payload}</var>
<arg>${json["produto_invalido"]}</arg>
<doc>Returns the given values which can then be assigned to a variables.</doc>
<msg timestamp="20220802 13:49:55.694" level="INFO">${payload} = {'nome': 'Chaleira Inox', 'preco': 100, 'descricao': 'Bom dms', 'quantidade': 25}</msg>
<status status="PASS" starttime="20220802 13:49:55.694" endtime="20220802 13:49:55.694"/>
</kw>
<kw name="Set Global Variable" library="BuiltIn">
<arg>${payload}</arg>
<doc>Makes a variable available globally in all tests and suites.</doc>
<msg timestamp="20220802 13:49:55.695" level="INFO">${payload} = {'nome': 'Chaleira Inox', 'preco': 100, 'descricao': 'Bom dms', 'quantidade': 25}</msg>
<status status="PASS" starttime="20220802 13:49:55.694" endtime="20220802 13:49:55.695"/>
</kw>
<kw name="POST Endpoint /produtos" library="produtos_keywords">
<kw name="Create Dictionary" library="BuiltIn">
<var>&amp;{header}</var>
<arg>Authorization=${token_auth}</arg>
<doc>Creates and returns a dictionary based on the given ``items``.</doc>
<msg timestamp="20220802 13:49:55.695" level="INFO">&amp;{header} = { Authorization=Bearer eyJhbGciOiJIUzI1NiIsInR5cCI6IkpXVCJ9.eyJlbWFpbCI6ImVyaWNyZWVzZUBleGFtcGxlLmNvbSIsInBhc3N3b3JkIjoiMUMzT3RMaUpAeSIsImlhdCI6MTY1OTQ1ODk5NSwiZXhwIjoxNjU5NDU5NTk1fQ.hoDPoHj5EaX-DstMn...</msg>
<status status="PASS" starttime="20220802 13:49:55.695" endtime="20220802 13:49:55.695"/>
</kw>
<kw name="POST On Session" library="RequestsLibrary">
<var>${response}</var>
<arg>serverest</arg>
<arg>/produtos</arg>
<arg>json=${payload}</arg>
<arg>expected_status=anything</arg>
<arg>headers=${header}</arg>
<doc>Sends a POST request on a previously created HTTP Session.</doc>
<msg timestamp="20220802 13:49:55.702" level="INFO">POST Request : url=http://localhost:3000/produtos 
 path_url=/produtos 
 headers={'User-Agent': 'python-requests/2.28.1', 'Accept-Encoding': 'gzip, deflate', 'Accept': '*/*', 'Connection': 'keep-alive', 'Authorization': 'Bearer eyJhbGciOiJIUzI1NiIsInR5cCI6IkpXVCJ9.eyJlbWFpbCI6ImVyaWNyZWVzZUBleGFtcGxlLmNvbSIsInBhc3N3b3JkIjoiMUMzT3RMaUpAeSIsImlhdCI6MTY1OTQ1ODk5NSwiZXhwIjoxNjU5NDU5NTk1fQ.hoDPoHj5EaX-DstMnLfIc-5gXD6_FQzKiLREqq91M84', 'Content-Length': '81', 'Content-Type': 'application/json'} 
 body=b'{"nome": "Chaleira Inox", "preco": 100, "descricao": "Bom dms", "quantidade": 25}' 
 </msg>
<msg timestamp="20220802 13:49:55.702" level="INFO">POST Response : url=http://localhost:3000/produtos 
 status=400, reason=Bad Request 
 headers={'Access-Control-Allow-Origin': '*', 'x-dns-prefetch-control': 'off', 'x-frame-options': 'SAMEORIGIN', 'strict-transport-security': 'max-age=15552000; includeSubDomains', 'x-download-options': 'noopen', 'x-content-type-options': 'nosniff', 'x-xss-protection': '1; mode=block', 'x-moesif-transaction-id': '9d2c733e-660e-4446-8901-a77aeec2c8de', 'Content-Type': 'application/json; charset=utf-8', 'Content-Length': '53', 'Date': 'Tue, 02 Aug 2022 16:49:55 GMT', 'Connection': 'keep-alive', 'Keep-Alive': 'timeout=5'} 
 body={
    "message": "Já existe produto com esse nome"
} 
 </msg>
<msg timestamp="20220802 13:49:55.702" level="INFO">${response} = &lt;Response [400]&gt;</msg>
<status status="PASS" starttime="20220802 13:49:55.695" endtime="20220802 13:49:55.702"/>
</kw>
<kw name="Printar Conteudo Response" library="common">
<arg>${response}</arg>
<kw name="Log To Console" library="BuiltIn">
<arg>Response: ${response.content}</arg>
<doc>Logs the given message to the console.</doc>
<status status="PASS" starttime="20220802 13:49:55.702" endtime="20220802 13:49:55.703"/>
</kw>
<status status="PASS" starttime="20220802 13:49:55.702" endtime="20220802 13:49:55.703"/>
</kw>
<kw name="Set Global Variable" library="BuiltIn">
<arg>${response}</arg>
<doc>Makes a variable available globally in all tests and suites.</doc>
<msg timestamp="20220802 13:49:55.704" level="INFO">${response} = &lt;Response [400]&gt;</msg>
<status status="PASS" starttime="20220802 13:49:55.703" endtime="20220802 13:49:55.704"/>
</kw>
<status status="PASS" starttime="20220802 13:49:55.695" endtime="20220802 13:49:55.704"/>
</kw>
<status status="PASS" starttime="20220802 13:49:55.692" endtime="20220802 13:49:55.704"/>
</kw>
<kw name="Validar Status Code &quot;400&quot;" library="common" sourcename="Validar Status Code &quot;${statuscode}&quot;">
<kw name="Should Be True" library="BuiltIn">
<arg>${response.status_code} == ${statuscode}</arg>
<doc>Fails if the given condition is not true.</doc>
<status status="PASS" starttime="20220802 13:49:55.705" endtime="20220802 13:49:55.705"/>
</kw>
<status status="PASS" starttime="20220802 13:49:55.704" endtime="20220802 13:49:55.705"/>
</kw>
<kw name="Validar Mensagem: &quot;Já existe produto com esse nome&quot;" library="common" sourcename="Validar Mensagem: &quot;${mensagem}&quot;">
<kw name="Should Match" library="BuiltIn">
<arg>${response.json()["message"]}</arg>
<arg>${mensagem}</arg>
<doc>Fails if the given ``string`` does not match the given ``pattern``.</doc>
<status status="PASS" starttime="20220802 13:49:55.706" endtime="20220802 13:49:55.706"/>
</kw>
<status status="PASS" starttime="20220802 13:49:55.706" endtime="20220802 13:49:55.706"/>
</kw>
<tag>POST400.1</tag>
<status status="PASS" starttime="20220802 13:49:55.673" endtime="20220802 13:49:55.707"/>
</test>
<test id="s1-t6" name="Cenário: POST Cadastrar Produto sem Nome 400" line="48">
<kw name="Criar Sessao" library="base">
<kw name="Create Session" library="RequestsLibrary">
<arg>serverest</arg>
<arg>${BASE_URI}</arg>
<doc>Create Session: create a HTTP session to a server</doc>
<msg timestamp="20220802 13:49:55.708" level="INFO">Creating Session using : alias=serverest, url=http://localhost:3000, headers={},                     cookies={}, auth=None, timeout=None, proxies=None, verify=False,                     debug=0 </msg>
<status status="PASS" starttime="20220802 13:49:55.708" endtime="20220802 13:49:55.709"/>
</kw>
<status status="PASS" starttime="20220802 13:49:55.708" endtime="20220802 13:49:55.709"/>
</kw>
<kw name="Fazer Login e Armazenar Token" library="login_keywords">
<kw name="Fazer Login com Usuário Válido de Massa Estatica" library="login_keywords">
<kw name="Importar JSON Estatico" library="common">
<var>${json}</var>
<arg>json_login_ex.json</arg>
<kw name="Get File" library="OperatingSystem">
<var>${arquivo}</var>
<arg>${EXECDIR}/../support/fixtures/static/${nome_arquivo}</arg>
<doc>Returns the contents of a specified file.</doc>
<msg timestamp="20220802 13:49:55.710" level="INFO" html="true">Getting file '&lt;a href="file://C:\Users\enzoc\OneDrive\Área de Trabalho\RoboTron_Enzo_Ceron_Projeto_Final\support\fixtures\static\json_login_ex.json"&gt;C:\Users\enzoc\OneDrive\Área de Trabalho\RoboTron_Enzo_Ceron_Projeto_Final\support\fixtures\static\json_login_ex.json&lt;/a&gt;'.</msg>
<msg timestamp="20220802 13:49:55.710" level="INFO">${arquivo} = {
    "login_valido_sem_carrinho":{
        "email":"ericreese@example.com",
        "password":"1C3OtLiJ@y"
    },
    "login_email_invalido":{
        "email":"emailInvalido@gmail.com",
        "pas...</msg>
<status status="PASS" starttime="20220802 13:49:55.710" endtime="20220802 13:49:55.710"/>
</kw>
<kw name="Evaluate" library="BuiltIn">
<var>&amp;{data}</var>
<arg>json.loads('''${arquivo}''')</arg>
<arg>json</arg>
<doc>Evaluates the given expression in Python and returns the result.</doc>
<msg timestamp="20220802 13:49:55.710" level="INFO">&amp;{data} = { login_valido_sem_carrinho={'email': 'ericreese@example.com', 'password': '1C3OtLiJ@y'} | login_email_invalido={'email': 'emailInvalido@gmail.com', 'password': '98765'} | login_senha_invalida={'email...</msg>
<status status="PASS" starttime="20220802 13:49:55.710" endtime="20220802 13:49:55.710"/>
</kw>
<msg timestamp="20220802 13:49:55.711" level="INFO">${json} = {'login_valido_sem_carrinho': {'email': 'ericreese@example.com', 'password': '1C3OtLiJ@y'}, 'login_email_invalido': {'email': 'emailInvalido@gmail.com', 'password': '98765'}, 'login_senha_invalida': {...</msg>
<status status="PASS" starttime="20220802 13:49:55.709" endtime="20220802 13:49:55.711"/>
</kw>
<kw name="Set Variable" library="BuiltIn">
<var>${payload}</var>
<arg>${json["login_valido_sem_carrinho"]}</arg>
<doc>Returns the given values which can then be assigned to a variables.</doc>
<msg timestamp="20220802 13:49:55.711" level="INFO">${payload} = {'email': 'ericreese@example.com', 'password': '1C3OtLiJ@y'}</msg>
<status status="PASS" starttime="20220802 13:49:55.711" endtime="20220802 13:49:55.711"/>
</kw>
<kw name="Set Global Variable" library="BuiltIn">
<arg>${payload}</arg>
<doc>Makes a variable available globally in all tests and suites.</doc>
<msg timestamp="20220802 13:49:55.711" level="INFO">${payload} = {'email': 'ericreese@example.com', 'password': '1C3OtLiJ@y'}</msg>
<status status="PASS" starttime="20220802 13:49:55.711" endtime="20220802 13:49:55.711"/>
</kw>
<kw name="POST Endpoint /login" library="login_keywords">
<kw name="POST On Session" library="RequestsLibrary">
<var>${response}</var>
<arg>serverest</arg>
<arg>/login</arg>
<arg>json=&amp;{payload}</arg>
<arg>expected_status=anything</arg>
<doc>Sends a POST request on a previously created HTTP Session.</doc>
<msg timestamp="20220802 13:49:55.717" level="INFO">POST Request : url=http://localhost:3000/login 
 path_url=/login 
 headers={'User-Agent': 'python-requests/2.28.1', 'Accept-Encoding': 'gzip, deflate', 'Accept': '*/*', 'Connection': 'keep-alive', 'Content-Length': '60', 'Content-Type': 'application/json'} 
 body=b'{"email": "ericreese@example.com", "password": "1C3OtLiJ@y"}' 
 </msg>
<msg timestamp="20220802 13:49:55.717" level="INFO">POST Response : url=http://localhost:3000/login 
 status=200, reason=OK 
 headers={'Access-Control-Allow-Origin': '*', 'x-dns-prefetch-control': 'off', 'x-frame-options': 'SAMEORIGIN', 'strict-transport-security': 'max-age=15552000; includeSubDomains', 'x-download-options': 'noopen', 'x-content-type-options': 'nosniff', 'x-xss-protection': '1; mode=block', 'x-moesif-transaction-id': '7088c9e8-e507-4461-86e6-2f2af09e8c72', 'Content-Type': 'application/json; charset=utf-8', 'Content-Length': '283', 'Date': 'Tue, 02 Aug 2022 16:49:55 GMT', 'Connection': 'keep-alive', 'Keep-Alive': 'timeout=5'} 
 body={
    "message": "Login realizado com sucesso",
    "authorization": "Bearer eyJhbGciOiJIUzI1NiIsInR5cCI6IkpXVCJ9.eyJlbWFpbCI6ImVyaWNyZWVzZUBleGFtcGxlLmNvbSIsInBhc3N3b3JkIjoiMUMzT3RMaUpAeSIsImlhdCI6MTY1OTQ1ODk5NSwiZXhwIjoxNjU5NDU5NTk1fQ.hoDPoHj5EaX-DstMnLfIc-5gXD6_FQzKiLREqq91M84"
} 
 </msg>
<msg timestamp="20220802 13:49:55.717" level="INFO">${response} = &lt;Response [200]&gt;</msg>
<status status="PASS" starttime="20220802 13:49:55.712" endtime="20220802 13:49:55.717"/>
</kw>
<kw name="Printar Conteudo Response" library="common">
<arg>${response}</arg>
<kw name="Log To Console" library="BuiltIn">
<arg>Response: ${response.content}</arg>
<doc>Logs the given message to the console.</doc>
<status status="PASS" starttime="20220802 13:49:55.718" endtime="20220802 13:49:55.719"/>
</kw>
<status status="PASS" starttime="20220802 13:49:55.717" endtime="20220802 13:49:55.719"/>
</kw>
<kw name="Set Global Variable" library="BuiltIn">
<arg>${response}</arg>
<doc>Makes a variable available globally in all tests and suites.</doc>
<msg timestamp="20220802 13:49:55.719" level="INFO">${response} = &lt;Response [200]&gt;</msg>
<status status="PASS" starttime="20220802 13:49:55.719" endtime="20220802 13:49:55.719"/>
</kw>
<status status="PASS" starttime="20220802 13:49:55.711" endtime="20220802 13:49:55.720"/>
</kw>
<status status="PASS" starttime="20220802 13:49:55.709" endtime="20220802 13:49:55.720"/>
</kw>
<kw name="Validar Ter Logado" library="login_keywords">
<kw name="Should Be Equal" library="BuiltIn">
<arg>${response.json()["message"]}</arg>
<arg>Login realizado com sucesso</arg>
<doc>Fails if the given objects are unequal.</doc>
<status status="PASS" starttime="20220802 13:49:55.720" endtime="20220802 13:49:55.721"/>
</kw>
<kw name="Should Not Be Empty" library="BuiltIn">
<arg>${response.json()["authorization"]}</arg>
<doc>Verifies that the given item is not empty.</doc>
<msg timestamp="20220802 13:49:55.721" level="INFO">Length is 210</msg>
<status status="PASS" starttime="20220802 13:49:55.721" endtime="20220802 13:49:55.721"/>
</kw>
<status status="PASS" starttime="20220802 13:49:55.720" endtime="20220802 13:49:55.722"/>
</kw>
<kw name="Set Variable" library="BuiltIn">
<var>${token_auth}</var>
<arg>${response.json()["authorization"]}</arg>
<doc>Returns the given values which can then be assigned to a variables.</doc>
<msg timestamp="20220802 13:49:55.722" level="INFO">${token_auth} = Bearer eyJhbGciOiJIUzI1NiIsInR5cCI6IkpXVCJ9.eyJlbWFpbCI6ImVyaWNyZWVzZUBleGFtcGxlLmNvbSIsInBhc3N3b3JkIjoiMUMzT3RMaUpAeSIsImlhdCI6MTY1OTQ1ODk5NSwiZXhwIjoxNjU5NDU5NTk1fQ.hoDPoHj5EaX-DstMnLfIc-5gXD6_FQzKi...</msg>
<status status="PASS" starttime="20220802 13:49:55.722" endtime="20220802 13:49:55.722"/>
</kw>
<kw name="Set Global Variable" library="BuiltIn">
<arg>${token_auth}</arg>
<doc>Makes a variable available globally in all tests and suites.</doc>
<msg timestamp="20220802 13:49:55.722" level="INFO">${token_auth} = Bearer eyJhbGciOiJIUzI1NiIsInR5cCI6IkpXVCJ9.eyJlbWFpbCI6ImVyaWNyZWVzZUBleGFtcGxlLmNvbSIsInBhc3N3b3JkIjoiMUMzT3RMaUpAeSIsImlhdCI6MTY1OTQ1ODk5NSwiZXhwIjoxNjU5NDU5NTk1fQ.hoDPoHj5EaX-DstMnLfIc-5gXD6_FQzKi...</msg>
<status status="PASS" starttime="20220802 13:49:55.722" endtime="20220802 13:49:55.722"/>
</kw>
<status status="PASS" starttime="20220802 13:49:55.709" endtime="20220802 13:49:55.723"/>
</kw>
<kw name="Cadastra Produto Estatico sem Email" library="produtos_keywords">
<kw name="Importar JSON Estatico" library="common">
<var>${json}</var>
<arg>json_produtos_ex.json</arg>
<kw name="Get File" library="OperatingSystem">
<var>${arquivo}</var>
<arg>${EXECDIR}/../support/fixtures/static/${nome_arquivo}</arg>
<doc>Returns the contents of a specified file.</doc>
<msg timestamp="20220802 13:49:55.724" level="INFO" html="true">Getting file '&lt;a href="file://C:\Users\enzoc\OneDrive\Área de Trabalho\RoboTron_Enzo_Ceron_Projeto_Final\support\fixtures\static\json_produtos_ex.json"&gt;C:\Users\enzoc\OneDrive\Área de Trabalho\RoboTron_Enzo_Ceron_Projeto_Final\support\fixtures\static\json_produtos_ex.json&lt;/a&gt;'.</msg>
<msg timestamp="20220802 13:49:55.724" level="INFO">${arquivo} = {
    "produto_valido":{
    "nome": "Anne Pro 2 - RGB, Branco",
    "preco": 1500,
    "descricao": "Teclado",
    "quantidade": 140
  },
  "produto_invalido":{
    "nome": "Chaleira Inox",
    "prec...</msg>
<status status="PASS" starttime="20220802 13:49:55.723" endtime="20220802 13:49:55.724"/>
</kw>
<kw name="Evaluate" library="BuiltIn">
<var>&amp;{data}</var>
<arg>json.loads('''${arquivo}''')</arg>
<arg>json</arg>
<doc>Evaluates the given expression in Python and returns the result.</doc>
<msg timestamp="20220802 13:49:55.724" level="INFO">&amp;{data} = { produto_valido={'nome': 'Anne Pro 2 - RGB, Branco', 'preco': 1500, 'descricao': 'Teclado', 'quantidade': 140} | produto_invalido={'nome': 'Chaleira Inox', 'preco': 100, 'descricao': 'Bom dms', 'quan...</msg>
<status status="PASS" starttime="20220802 13:49:55.724" endtime="20220802 13:49:55.724"/>
</kw>
<msg timestamp="20220802 13:49:55.725" level="INFO">${json} = {'produto_valido': {'nome': 'Anne Pro 2 - RGB, Branco', 'preco': 1500, 'descricao': 'Teclado', 'quantidade': 140}, 'produto_invalido': {'nome': 'Chaleira Inox', 'preco': 100, 'descricao': 'Bom dms', '...</msg>
<status status="PASS" starttime="20220802 13:49:55.723" endtime="20220802 13:49:55.725"/>
</kw>
<kw name="Set Variable" library="BuiltIn">
<var>${payload}</var>
<arg>${json["produto_sem_nome"]}</arg>
<doc>Returns the given values which can then be assigned to a variables.</doc>
<msg timestamp="20220802 13:49:55.725" level="INFO">${payload} = {'nome': '', 'preco': 3000, 'descricao': 'Copo Stanley', 'quantidade': 670}</msg>
<status status="PASS" starttime="20220802 13:49:55.725" endtime="20220802 13:49:55.725"/>
</kw>
<kw name="Set Global Variable" library="BuiltIn">
<arg>${payload}</arg>
<doc>Makes a variable available globally in all tests and suites.</doc>
<msg timestamp="20220802 13:49:55.725" level="INFO">${payload} = {'nome': '', 'preco': 3000, 'descricao': 'Copo Stanley', 'quantidade': 670}</msg>
<status status="PASS" starttime="20220802 13:49:55.725" endtime="20220802 13:49:55.725"/>
</kw>
<kw name="POST Endpoint /produtos" library="produtos_keywords">
<kw name="Create Dictionary" library="BuiltIn">
<var>&amp;{header}</var>
<arg>Authorization=${token_auth}</arg>
<doc>Creates and returns a dictionary based on the given ``items``.</doc>
<msg timestamp="20220802 13:49:55.726" level="INFO">&amp;{header} = { Authorization=Bearer eyJhbGciOiJIUzI1NiIsInR5cCI6IkpXVCJ9.eyJlbWFpbCI6ImVyaWNyZWVzZUBleGFtcGxlLmNvbSIsInBhc3N3b3JkIjoiMUMzT3RMaUpAeSIsImlhdCI6MTY1OTQ1ODk5NSwiZXhwIjoxNjU5NDU5NTk1fQ.hoDPoHj5EaX-DstMn...</msg>
<status status="PASS" starttime="20220802 13:49:55.726" endtime="20220802 13:49:55.726"/>
</kw>
<kw name="POST On Session" library="RequestsLibrary">
<var>${response}</var>
<arg>serverest</arg>
<arg>/produtos</arg>
<arg>json=${payload}</arg>
<arg>expected_status=anything</arg>
<arg>headers=${header}</arg>
<doc>Sends a POST request on a previously created HTTP Session.</doc>
<msg timestamp="20220802 13:49:55.733" level="INFO">POST Request : url=http://localhost:3000/produtos 
 path_url=/produtos 
 headers={'User-Agent': 'python-requests/2.28.1', 'Accept-Encoding': 'gzip, deflate', 'Accept': '*/*', 'Connection': 'keep-alive', 'Authorization': 'Bearer eyJhbGciOiJIUzI1NiIsInR5cCI6IkpXVCJ9.eyJlbWFpbCI6ImVyaWNyZWVzZUBleGFtcGxlLmNvbSIsInBhc3N3b3JkIjoiMUMzT3RMaUpAeSIsImlhdCI6MTY1OTQ1ODk5NSwiZXhwIjoxNjU5NDU5NTk1fQ.hoDPoHj5EaX-DstMnLfIc-5gXD6_FQzKiLREqq91M84', 'Content-Length': '75', 'Content-Type': 'application/json'} 
 body=b'{"nome": "", "preco": 3000, "descricao": "Copo Stanley", "quantidade": 670}' 
 </msg>
<msg timestamp="20220802 13:49:55.733" level="INFO">POST Response : url=http://localhost:3000/produtos 
 status=400, reason=Bad Request 
 headers={'Access-Control-Allow-Origin': '*', 'x-dns-prefetch-control': 'off', 'x-frame-options': 'SAMEORIGIN', 'strict-transport-security': 'max-age=15552000; includeSubDomains', 'x-download-options': 'noopen', 'x-content-type-options': 'nosniff', 'x-xss-protection': '1; mode=block', 'x-moesif-transaction-id': '30f3636a-0f07-41b3-9720-dffd1804fb5d', 'Content-Type': 'application/json; charset=utf-8', 'Content-Length': '48', 'Date': 'Tue, 02 Aug 2022 16:49:55 GMT', 'Connection': 'keep-alive', 'Keep-Alive': 'timeout=5'} 
 body={
    "nome": "nome não pode ficar em branco"
} 
 </msg>
<msg timestamp="20220802 13:49:55.733" level="INFO">${response} = &lt;Response [400]&gt;</msg>
<status status="PASS" starttime="20220802 13:49:55.726" endtime="20220802 13:49:55.733"/>
</kw>
<kw name="Printar Conteudo Response" library="common">
<arg>${response}</arg>
<kw name="Log To Console" library="BuiltIn">
<arg>Response: ${response.content}</arg>
<doc>Logs the given message to the console.</doc>
<status status="PASS" starttime="20220802 13:49:55.733" endtime="20220802 13:49:55.734"/>
</kw>
<status status="PASS" starttime="20220802 13:49:55.733" endtime="20220802 13:49:55.734"/>
</kw>
<kw name="Set Global Variable" library="BuiltIn">
<arg>${response}</arg>
<doc>Makes a variable available globally in all tests and suites.</doc>
<msg timestamp="20220802 13:49:55.735" level="INFO">${response} = &lt;Response [400]&gt;</msg>
<status status="PASS" starttime="20220802 13:49:55.735" endtime="20220802 13:49:55.735"/>
</kw>
<status status="PASS" starttime="20220802 13:49:55.725" endtime="20220802 13:49:55.735"/>
</kw>
<status status="PASS" starttime="20220802 13:49:55.723" endtime="20220802 13:49:55.735"/>
</kw>
<kw name="Validar Status Code &quot;400&quot;" library="common" sourcename="Validar Status Code &quot;${statuscode}&quot;">
<kw name="Should Be True" library="BuiltIn">
<arg>${response.status_code} == ${statuscode}</arg>
<doc>Fails if the given condition is not true.</doc>
<status status="PASS" starttime="20220802 13:49:55.736" endtime="20220802 13:49:55.737"/>
</kw>
<status status="PASS" starttime="20220802 13:49:55.736" endtime="20220802 13:49:55.737"/>
</kw>
<kw name="Validar Response" library="common">
<arg>nome</arg>
<kw name="Should Match" library="BuiltIn">
<arg>${response.json()["${campo}"]}</arg>
<arg>${campo} não pode ficar em branco</arg>
<doc>Fails if the given ``string`` does not match the given ``pattern``.</doc>
<status status="PASS" starttime="20220802 13:49:55.738" endtime="20220802 13:49:55.738"/>
</kw>
<status status="PASS" starttime="20220802 13:49:55.737" endtime="20220802 13:49:55.738"/>
</kw>
<tag>POST400.2</tag>
<status status="PASS" starttime="20220802 13:49:55.708" endtime="20220802 13:49:55.739"/>
</test>
<test id="s1-t7" name="Cenário: POST Cadastrar Produto com preco Invalido 400" line="56">
<kw name="Criar Sessao" library="base">
<kw name="Create Session" library="RequestsLibrary">
<arg>serverest</arg>
<arg>${BASE_URI}</arg>
<doc>Create Session: create a HTTP session to a server</doc>
<msg timestamp="20220802 13:49:55.740" level="INFO">Creating Session using : alias=serverest, url=http://localhost:3000, headers={},                     cookies={}, auth=None, timeout=None, proxies=None, verify=False,                     debug=0 </msg>
<status status="PASS" starttime="20220802 13:49:55.740" endtime="20220802 13:49:55.740"/>
</kw>
<status status="PASS" starttime="20220802 13:49:55.739" endtime="20220802 13:49:55.740"/>
</kw>
<kw name="Fazer Login e Armazenar Token" library="login_keywords">
<kw name="Fazer Login com Usuário Válido de Massa Estatica" library="login_keywords">
<kw name="Importar JSON Estatico" library="common">
<var>${json}</var>
<arg>json_login_ex.json</arg>
<kw name="Get File" library="OperatingSystem">
<var>${arquivo}</var>
<arg>${EXECDIR}/../support/fixtures/static/${nome_arquivo}</arg>
<doc>Returns the contents of a specified file.</doc>
<msg timestamp="20220802 13:49:55.741" level="INFO" html="true">Getting file '&lt;a href="file://C:\Users\enzoc\OneDrive\Área de Trabalho\RoboTron_Enzo_Ceron_Projeto_Final\support\fixtures\static\json_login_ex.json"&gt;C:\Users\enzoc\OneDrive\Área de Trabalho\RoboTron_Enzo_Ceron_Projeto_Final\support\fixtures\static\json_login_ex.json&lt;/a&gt;'.</msg>
<msg timestamp="20220802 13:49:55.741" level="INFO">${arquivo} = {
    "login_valido_sem_carrinho":{
        "email":"ericreese@example.com",
        "password":"1C3OtLiJ@y"
    },
    "login_email_invalido":{
        "email":"emailInvalido@gmail.com",
        "pas...</msg>
<status status="PASS" starttime="20220802 13:49:55.741" endtime="20220802 13:49:55.741"/>
</kw>
<kw name="Evaluate" library="BuiltIn">
<var>&amp;{data}</var>
<arg>json.loads('''${arquivo}''')</arg>
<arg>json</arg>
<doc>Evaluates the given expression in Python and returns the result.</doc>
<msg timestamp="20220802 13:49:55.742" level="INFO">&amp;{data} = { login_valido_sem_carrinho={'email': 'ericreese@example.com', 'password': '1C3OtLiJ@y'} | login_email_invalido={'email': 'emailInvalido@gmail.com', 'password': '98765'} | login_senha_invalida={'email...</msg>
<status status="PASS" starttime="20220802 13:49:55.741" endtime="20220802 13:49:55.742"/>
</kw>
<msg timestamp="20220802 13:49:55.742" level="INFO">${json} = {'login_valido_sem_carrinho': {'email': 'ericreese@example.com', 'password': '1C3OtLiJ@y'}, 'login_email_invalido': {'email': 'emailInvalido@gmail.com', 'password': '98765'}, 'login_senha_invalida': {...</msg>
<status status="PASS" starttime="20220802 13:49:55.741" endtime="20220802 13:49:55.742"/>
</kw>
<kw name="Set Variable" library="BuiltIn">
<var>${payload}</var>
<arg>${json["login_valido_sem_carrinho"]}</arg>
<doc>Returns the given values which can then be assigned to a variables.</doc>
<msg timestamp="20220802 13:49:55.742" level="INFO">${payload} = {'email': 'ericreese@example.com', 'password': '1C3OtLiJ@y'}</msg>
<status status="PASS" starttime="20220802 13:49:55.742" endtime="20220802 13:49:55.742"/>
</kw>
<kw name="Set Global Variable" library="BuiltIn">
<arg>${payload}</arg>
<doc>Makes a variable available globally in all tests and suites.</doc>
<msg timestamp="20220802 13:49:55.744" level="INFO">${payload} = {'email': 'ericreese@example.com', 'password': '1C3OtLiJ@y'}</msg>
<status status="PASS" starttime="20220802 13:49:55.742" endtime="20220802 13:49:55.744"/>
</kw>
<kw name="POST Endpoint /login" library="login_keywords">
<kw name="POST On Session" library="RequestsLibrary">
<var>${response}</var>
<arg>serverest</arg>
<arg>/login</arg>
<arg>json=&amp;{payload}</arg>
<arg>expected_status=anything</arg>
<doc>Sends a POST request on a previously created HTTP Session.</doc>
<msg timestamp="20220802 13:49:55.750" level="INFO">POST Request : url=http://localhost:3000/login 
 path_url=/login 
 headers={'User-Agent': 'python-requests/2.28.1', 'Accept-Encoding': 'gzip, deflate', 'Accept': '*/*', 'Connection': 'keep-alive', 'Content-Length': '60', 'Content-Type': 'application/json'} 
 body=b'{"email": "ericreese@example.com", "password": "1C3OtLiJ@y"}' 
 </msg>
<msg timestamp="20220802 13:49:55.750" level="INFO">POST Response : url=http://localhost:3000/login 
 status=200, reason=OK 
 headers={'Access-Control-Allow-Origin': '*', 'x-dns-prefetch-control': 'off', 'x-frame-options': 'SAMEORIGIN', 'strict-transport-security': 'max-age=15552000; includeSubDomains', 'x-download-options': 'noopen', 'x-content-type-options': 'nosniff', 'x-xss-protection': '1; mode=block', 'x-moesif-transaction-id': '221a97d5-4bdf-4b6a-824c-6572ed33621f', 'Content-Type': 'application/json; charset=utf-8', 'Content-Length': '283', 'Date': 'Tue, 02 Aug 2022 16:49:55 GMT', 'Connection': 'keep-alive', 'Keep-Alive': 'timeout=5'} 
 body={
    "message": "Login realizado com sucesso",
    "authorization": "Bearer eyJhbGciOiJIUzI1NiIsInR5cCI6IkpXVCJ9.eyJlbWFpbCI6ImVyaWNyZWVzZUBleGFtcGxlLmNvbSIsInBhc3N3b3JkIjoiMUMzT3RMaUpAeSIsImlhdCI6MTY1OTQ1ODk5NSwiZXhwIjoxNjU5NDU5NTk1fQ.hoDPoHj5EaX-DstMnLfIc-5gXD6_FQzKiLREqq91M84"
} 
 </msg>
<msg timestamp="20220802 13:49:55.750" level="INFO">${response} = &lt;Response [200]&gt;</msg>
<status status="PASS" starttime="20220802 13:49:55.744" endtime="20220802 13:49:55.750"/>
</kw>
<kw name="Printar Conteudo Response" library="common">
<arg>${response}</arg>
<kw name="Log To Console" library="BuiltIn">
<arg>Response: ${response.content}</arg>
<doc>Logs the given message to the console.</doc>
<status status="PASS" starttime="20220802 13:49:55.751" endtime="20220802 13:49:55.752"/>
</kw>
<status status="PASS" starttime="20220802 13:49:55.750" endtime="20220802 13:49:55.752"/>
</kw>
<kw name="Set Global Variable" library="BuiltIn">
<arg>${response}</arg>
<doc>Makes a variable available globally in all tests and suites.</doc>
<msg timestamp="20220802 13:49:55.752" level="INFO">${response} = &lt;Response [200]&gt;</msg>
<status status="PASS" starttime="20220802 13:49:55.752" endtime="20220802 13:49:55.752"/>
</kw>
<status status="PASS" starttime="20220802 13:49:55.744" endtime="20220802 13:49:55.752"/>
</kw>
<status status="PASS" starttime="20220802 13:49:55.740" endtime="20220802 13:49:55.752"/>
</kw>
<kw name="Validar Ter Logado" library="login_keywords">
<kw name="Should Be Equal" library="BuiltIn">
<arg>${response.json()["message"]}</arg>
<arg>Login realizado com sucesso</arg>
<doc>Fails if the given objects are unequal.</doc>
<status status="PASS" starttime="20220802 13:49:55.753" endtime="20220802 13:49:55.753"/>
</kw>
<kw name="Should Not Be Empty" library="BuiltIn">
<arg>${response.json()["authorization"]}</arg>
<doc>Verifies that the given item is not empty.</doc>
<msg timestamp="20220802 13:49:55.753" level="INFO">Length is 210</msg>
<status status="PASS" starttime="20220802 13:49:55.753" endtime="20220802 13:49:55.753"/>
</kw>
<status status="PASS" starttime="20220802 13:49:55.752" endtime="20220802 13:49:55.754"/>
</kw>
<kw name="Set Variable" library="BuiltIn">
<var>${token_auth}</var>
<arg>${response.json()["authorization"]}</arg>
<doc>Returns the given values which can then be assigned to a variables.</doc>
<msg timestamp="20220802 13:49:55.754" level="INFO">${token_auth} = Bearer eyJhbGciOiJIUzI1NiIsInR5cCI6IkpXVCJ9.eyJlbWFpbCI6ImVyaWNyZWVzZUBleGFtcGxlLmNvbSIsInBhc3N3b3JkIjoiMUMzT3RMaUpAeSIsImlhdCI6MTY1OTQ1ODk5NSwiZXhwIjoxNjU5NDU5NTk1fQ.hoDPoHj5EaX-DstMnLfIc-5gXD6_FQzKi...</msg>
<status status="PASS" starttime="20220802 13:49:55.754" endtime="20220802 13:49:55.754"/>
</kw>
<kw name="Set Global Variable" library="BuiltIn">
<arg>${token_auth}</arg>
<doc>Makes a variable available globally in all tests and suites.</doc>
<msg timestamp="20220802 13:49:55.754" level="INFO">${token_auth} = Bearer eyJhbGciOiJIUzI1NiIsInR5cCI6IkpXVCJ9.eyJlbWFpbCI6ImVyaWNyZWVzZUBleGFtcGxlLmNvbSIsInBhc3N3b3JkIjoiMUMzT3RMaUpAeSIsImlhdCI6MTY1OTQ1ODk5NSwiZXhwIjoxNjU5NDU5NTk1fQ.hoDPoHj5EaX-DstMnLfIc-5gXD6_FQzKi...</msg>
<status status="PASS" starttime="20220802 13:49:55.754" endtime="20220802 13:49:55.754"/>
</kw>
<status status="PASS" starttime="20220802 13:49:55.740" endtime="20220802 13:49:55.755"/>
</kw>
<kw name="Cadastra Produto Estatico de Preco Invalido" library="produtos_keywords">
<kw name="Importar JSON Estatico" library="common">
<var>${json}</var>
<arg>json_produtos_ex.json</arg>
<kw name="Get File" library="OperatingSystem">
<var>${arquivo}</var>
<arg>${EXECDIR}/../support/fixtures/static/${nome_arquivo}</arg>
<doc>Returns the contents of a specified file.</doc>
<msg timestamp="20220802 13:49:55.756" level="INFO" html="true">Getting file '&lt;a href="file://C:\Users\enzoc\OneDrive\Área de Trabalho\RoboTron_Enzo_Ceron_Projeto_Final\support\fixtures\static\json_produtos_ex.json"&gt;C:\Users\enzoc\OneDrive\Área de Trabalho\RoboTron_Enzo_Ceron_Projeto_Final\support\fixtures\static\json_produtos_ex.json&lt;/a&gt;'.</msg>
<msg timestamp="20220802 13:49:55.756" level="INFO">${arquivo} = {
    "produto_valido":{
    "nome": "Anne Pro 2 - RGB, Branco",
    "preco": 1500,
    "descricao": "Teclado",
    "quantidade": 140
  },
  "produto_invalido":{
    "nome": "Chaleira Inox",
    "prec...</msg>
<status status="PASS" starttime="20220802 13:49:55.755" endtime="20220802 13:49:55.756"/>
</kw>
<kw name="Evaluate" library="BuiltIn">
<var>&amp;{data}</var>
<arg>json.loads('''${arquivo}''')</arg>
<arg>json</arg>
<doc>Evaluates the given expression in Python and returns the result.</doc>
<msg timestamp="20220802 13:49:55.756" level="INFO">&amp;{data} = { produto_valido={'nome': 'Anne Pro 2 - RGB, Branco', 'preco': 1500, 'descricao': 'Teclado', 'quantidade': 140} | produto_invalido={'nome': 'Chaleira Inox', 'preco': 100, 'descricao': 'Bom dms', 'quan...</msg>
<status status="PASS" starttime="20220802 13:49:55.756" endtime="20220802 13:49:55.756"/>
</kw>
<msg timestamp="20220802 13:49:55.757" level="INFO">${json} = {'produto_valido': {'nome': 'Anne Pro 2 - RGB, Branco', 'preco': 1500, 'descricao': 'Teclado', 'quantidade': 140}, 'produto_invalido': {'nome': 'Chaleira Inox', 'preco': 100, 'descricao': 'Bom dms', '...</msg>
<status status="PASS" starttime="20220802 13:49:55.755" endtime="20220802 13:49:55.757"/>
</kw>
<kw name="Set Variable" library="BuiltIn">
<var>${payload}</var>
<arg>${json["produto_preco_invalido"]}</arg>
<doc>Returns the given values which can then be assigned to a variables.</doc>
<msg timestamp="20220802 13:49:55.757" level="INFO">${payload} = {'nome': 'Logitech MX Vertical', 'preco': 'string', 'descricao': 'Mouse', 'quantidade': 200}</msg>
<status status="PASS" starttime="20220802 13:49:55.757" endtime="20220802 13:49:55.757"/>
</kw>
<kw name="Set Global Variable" library="BuiltIn">
<arg>${payload}</arg>
<doc>Makes a variable available globally in all tests and suites.</doc>
<msg timestamp="20220802 13:49:55.757" level="INFO">${payload} = {'nome': 'Logitech MX Vertical', 'preco': 'string', 'descricao': 'Mouse', 'quantidade': 200}</msg>
<status status="PASS" starttime="20220802 13:49:55.757" endtime="20220802 13:49:55.757"/>
</kw>
<kw name="POST Endpoint /produtos" library="produtos_keywords">
<kw name="Create Dictionary" library="BuiltIn">
<var>&amp;{header}</var>
<arg>Authorization=${token_auth}</arg>
<doc>Creates and returns a dictionary based on the given ``items``.</doc>
<msg timestamp="20220802 13:49:55.758" level="INFO">&amp;{header} = { Authorization=Bearer eyJhbGciOiJIUzI1NiIsInR5cCI6IkpXVCJ9.eyJlbWFpbCI6ImVyaWNyZWVzZUBleGFtcGxlLmNvbSIsInBhc3N3b3JkIjoiMUMzT3RMaUpAeSIsImlhdCI6MTY1OTQ1ODk5NSwiZXhwIjoxNjU5NDU5NTk1fQ.hoDPoHj5EaX-DstMn...</msg>
<status status="PASS" starttime="20220802 13:49:55.758" endtime="20220802 13:49:55.758"/>
</kw>
<kw name="POST On Session" library="RequestsLibrary">
<var>${response}</var>
<arg>serverest</arg>
<arg>/produtos</arg>
<arg>json=${payload}</arg>
<arg>expected_status=anything</arg>
<arg>headers=${header}</arg>
<doc>Sends a POST request on a previously created HTTP Session.</doc>
<msg timestamp="20220802 13:49:55.764" level="INFO">POST Request : url=http://localhost:3000/produtos 
 path_url=/produtos 
 headers={'User-Agent': 'python-requests/2.28.1', 'Accept-Encoding': 'gzip, deflate', 'Accept': '*/*', 'Connection': 'keep-alive', 'Authorization': 'Bearer eyJhbGciOiJIUzI1NiIsInR5cCI6IkpXVCJ9.eyJlbWFpbCI6ImVyaWNyZWVzZUBleGFtcGxlLmNvbSIsInBhc3N3b3JkIjoiMUMzT3RMaUpAeSIsImlhdCI6MTY1OTQ1ODk5NSwiZXhwIjoxNjU5NDU5NTk1fQ.hoDPoHj5EaX-DstMnLfIc-5gXD6_FQzKiLREqq91M84', 'Content-Length': '92', 'Content-Type': 'application/json'} 
 body=b'{"nome": "Logitech MX Vertical", "preco": "string", "descricao": "Mouse", "quantidade": 200}' 
 </msg>
<msg timestamp="20220802 13:49:55.764" level="INFO">POST Response : url=http://localhost:3000/produtos 
 status=400, reason=Bad Request 
 headers={'Access-Control-Allow-Origin': '*', 'x-dns-prefetch-control': 'off', 'x-frame-options': 'SAMEORIGIN', 'strict-transport-security': 'max-age=15552000; includeSubDomains', 'x-download-options': 'noopen', 'x-content-type-options': 'nosniff', 'x-xss-protection': '1; mode=block', 'x-moesif-transaction-id': 'dbec6e8f-1e6d-4cb4-a1df-deb41a93a73f', 'Content-Type': 'application/json; charset=utf-8', 'Content-Length': '44', 'Date': 'Tue, 02 Aug 2022 16:49:55 GMT', 'Connection': 'keep-alive', 'Keep-Alive': 'timeout=5'} 
 body={
    "preco": "preco deve ser um número"
} 
 </msg>
<msg timestamp="20220802 13:49:55.764" level="INFO">${response} = &lt;Response [400]&gt;</msg>
<status status="PASS" starttime="20220802 13:49:55.758" endtime="20220802 13:49:55.764"/>
</kw>
<kw name="Printar Conteudo Response" library="common">
<arg>${response}</arg>
<kw name="Log To Console" library="BuiltIn">
<arg>Response: ${response.content}</arg>
<doc>Logs the given message to the console.</doc>
<status status="PASS" starttime="20220802 13:49:55.765" endtime="20220802 13:49:55.766"/>
</kw>
<status status="PASS" starttime="20220802 13:49:55.765" endtime="20220802 13:49:55.766"/>
</kw>
<kw name="Set Global Variable" library="BuiltIn">
<arg>${response}</arg>
<doc>Makes a variable available globally in all tests and suites.</doc>
<msg timestamp="20220802 13:49:55.767" level="INFO">${response} = &lt;Response [400]&gt;</msg>
<status status="PASS" starttime="20220802 13:49:55.766" endtime="20220802 13:49:55.767"/>
</kw>
<status status="PASS" starttime="20220802 13:49:55.757" endtime="20220802 13:49:55.767"/>
</kw>
<status status="PASS" starttime="20220802 13:49:55.755" endtime="20220802 13:49:55.767"/>
</kw>
<kw name="Validar Status Code &quot;400&quot;" library="common" sourcename="Validar Status Code &quot;${statuscode}&quot;">
<kw name="Should Be True" library="BuiltIn">
<arg>${response.status_code} == ${statuscode}</arg>
<doc>Fails if the given condition is not true.</doc>
<status status="PASS" starttime="20220802 13:49:55.767" endtime="20220802 13:49:55.768"/>
</kw>
<status status="PASS" starttime="20220802 13:49:55.767" endtime="20220802 13:49:55.768"/>
</kw>
<tag>POST400.3</tag>
<status status="PASS" starttime="20220802 13:49:55.739" endtime="20220802 13:49:55.769"/>
</test>
<test id="s1-t8" name="Cenário: POST Erro no Token 401" line="63">
[...]
<doc>Fails if the given condition is not true.</doc>
<status status="PASS" starttime="20220802 13:49:56.008" endtime="20220802 13:49:56.008"/>
</kw>
<status status="PASS" starttime="20220802 13:49:56.007" endtime="20220802 13:49:56.009"/>
</kw>
<kw name="Validar Mensagem: &quot;Não é permitido excluir produto que faz parte de carrinho&quot;" library="common" sourcename="Validar Mensagem: &quot;${mensagem}&quot;">
<kw name="Should Match" library="BuiltIn">
<arg>${response.json()["message"]}</arg>
<arg>${mensagem}</arg>
<doc>Fails if the given ``string`` does not match the given ``pattern``.</doc>
<status status="PASS" starttime="20220802 13:49:56.009" endtime="20220802 13:49:56.010"/>
</kw>
<status status="PASS" starttime="20220802 13:49:56.009" endtime="20220802 13:49:56.010"/>
</kw>
<tag>DELETE400</tag>
<status status="PASS" starttime="20220802 13:49:55.982" endtime="20220802 13:49:56.010"/>
</test>
<test id="s1-t16" name="Cenário: DELETE Erro no Token 401" line="132">
<kw name="Criar Sessao" library="base">
<kw name="Create Session" library="RequestsLibrary">
<arg>serverest</arg>
<arg>${BASE_URI}</arg>
<doc>Create Session: create a HTTP session to a server</doc>
<msg timestamp="20220802 13:49:56.011" level="INFO">Creating Session using : alias=serverest, url=http://localhost:3000, headers={},                     cookies={}, auth=None, timeout=None, proxies=None, verify=False,                     debug=0 </msg>
<status status="PASS" starttime="20220802 13:49:56.011" endtime="20220802 13:49:56.011"/>
</kw>
<status status="PASS" starttime="20220802 13:49:56.011" endtime="20220802 13:49:56.011"/>
</kw>
<kw name="DELETE Sem Token" library="produtos_keywords">
<kw name="DELETE On Session" library="RequestsLibrary">
<var>${response}</var>
<arg>serverest</arg>
<arg>/produtos/0uxuPY0cbmQhpEz1</arg>
<arg>expected_status=anything</arg>
<doc>Sends a DELETE request on a previously created HTTP Session.</doc>
<msg timestamp="20220802 13:49:56.016" level="INFO">DELETE Request : url=http://localhost:3000/produtos/0uxuPY0cbmQhpEz1 
 path_url=/produtos/0uxuPY0cbmQhpEz1 
 headers={'User-Agent': 'python-requests/2.28.1', 'Accept-Encoding': 'gzip, deflate', 'Accept': '*/*', 'Connection': 'keep-alive', 'Content-Length': '0'} 
 body=None 
 </msg>
<msg timestamp="20220802 13:49:56.016" level="INFO">DELETE Response : url=http://localhost:3000/produtos/0uxuPY0cbmQhpEz1 
 status=401, reason=Unauthorized 
 headers={'Access-Control-Allow-Origin': '*', 'x-dns-prefetch-control': 'off', 'x-frame-options': 'SAMEORIGIN', 'strict-transport-security': 'max-age=15552000; includeSubDomains', 'x-download-options': 'noopen', 'x-content-type-options': 'nosniff', 'x-xss-protection': '1; mode=block', 'x-moesif-transaction-id': '34913715-94a2-450e-970d-2aee91cffd56', 'Content-Type': 'application/json; charset=utf-8', 'Content-Length': '103', 'Date': 'Tue, 02 Aug 2022 16:49:56 GMT', 'Connection': 'keep-alive', 'Keep-Alive': 'timeout=5'} 
 body={
    "message": "Token de acesso ausente, inválido, expirado ou usuário do token não existe mais"
} 
 </msg>
<msg timestamp="20220802 13:49:56.016" level="INFO">${response} = &lt;Response [401]&gt;</msg>
<status status="PASS" starttime="20220802 13:49:56.012" endtime="20220802 13:49:56.016"/>
</kw>
<kw name="Printar Conteudo Response" library="common">
<arg>${response}</arg>
<kw name="Log To Console" library="BuiltIn">
<arg>Response: ${response.content}</arg>
<doc>Logs the given message to the console.</doc>
<status status="PASS" starttime="20220802 13:49:56.017" endtime="20220802 13:49:56.018"/>
</kw>
<status status="PASS" starttime="20220802 13:49:56.017" endtime="20220802 13:49:56.018"/>
</kw>
<kw name="Set Global Variable" library="BuiltIn">
<arg>${response}</arg>
<doc>Makes a variable available globally in all tests and suites.</doc>
<msg timestamp="20220802 13:49:56.018" level="INFO">${response} = &lt;Response [401]&gt;</msg>
<status status="PASS" starttime="20220802 13:49:56.018" endtime="20220802 13:49:56.018"/>
</kw>
<status status="PASS" starttime="20220802 13:49:56.012" endtime="20220802 13:49:56.018"/>
</kw>
<kw name="Validar Status Code &quot;401&quot;" library="common" sourcename="Validar Status Code &quot;${statuscode}&quot;">
<kw name="Should Be True" library="BuiltIn">
<arg>${response.status_code} == ${statuscode}</arg>
<doc>Fails if the given condition is not true.</doc>
<status status="PASS" starttime="20220802 13:49:56.019" endtime="20220802 13:49:56.019"/>
</kw>
<status status="PASS" starttime="20220802 13:49:56.019" endtime="20220802 13:49:56.019"/>
</kw>
<kw name="Validar Mensagem: &quot;Token de acesso ausente, inválido, expirado ou usuário do token não existe mais&quot;" library="common" sourcename="Validar Mensagem: &quot;${mensagem}&quot;">
<kw name="Should Match" library="BuiltIn">
<arg>${response.json()["message"]}</arg>
<arg>${mensagem}</arg>
<doc>Fails if the given ``string`` does not match the given ``pattern``.</doc>
<status status="PASS" starttime="20220802 13:49:56.021" endtime="20220802 13:49:56.022"/>
</kw>
<status status="PASS" starttime="20220802 13:49:56.021" endtime="20220802 13:49:56.022"/>
</kw>
<tag>DELETE401</tag>
<status status="PASS" starttime="20220802 13:49:56.010" endtime="20220802 13:49:56.022"/>
</test>
<test id="s1-t17" name="Cenário: DELETE Acesso Apenas ao Administrador 403" line="139">
<kw name="Criar Sessao" library="base">
<kw name="Create Session" library="RequestsLibrary">
<arg>serverest</arg>
<arg>${BASE_URI}</arg>
<doc>Create Session: create a HTTP session to a server</doc>
<msg timestamp="20220802 13:49:56.023" level="INFO">Creating Session using : alias=serverest, url=http://localhost:3000, headers={},                     cookies={}, auth=None, timeout=None, proxies=None, verify=False,                     debug=0 </msg>
<status status="PASS" starttime="20220802 13:49:56.023" endtime="20220802 13:49:56.024"/>
</kw>
<status status="PASS" starttime="20220802 13:49:56.023" endtime="20220802 13:49:56.024"/>
</kw>
<kw name="Fazer Login Sem Admnistrador e Armazenar Token" library="login_keywords">
<kw name="Fazer Login com Usuário Válido Nao Administrador de Massa Estatica" library="login_keywords">
<kw name="Importar JSON Estatico" library="common">
<var>${json}</var>
<arg>json_login_ex.json</arg>
<kw name="Get File" library="OperatingSystem">
<var>${arquivo}</var>
<arg>${EXECDIR}/../support/fixtures/static/${nome_arquivo}</arg>
<doc>Returns the contents of a specified file.</doc>
<msg timestamp="20220802 13:49:56.025" level="INFO" html="true">Getting file '&lt;a href="file://C:\Users\enzoc\OneDrive\Área de Trabalho\RoboTron_Enzo_Ceron_Projeto_Final\support\fixtures\static\json_login_ex.json"&gt;C:\Users\enzoc\OneDrive\Área de Trabalho\RoboTron_Enzo_Ceron_Projeto_Final\support\fixtures\static\json_login_ex.json&lt;/a&gt;'.</msg>
<msg timestamp="20220802 13:49:56.025" level="INFO">${arquivo} = {
    "login_valido_sem_carrinho":{
        "email":"ericreese@example.com",
        "password":"1C3OtLiJ@y"
    },
    "login_email_invalido":{
        "email":"emailInvalido@gmail.com",
        "pas...</msg>
<status status="PASS" starttime="20220802 13:49:56.024" endtime="20220802 13:49:56.025"/>
</kw>
<kw name="Evaluate" library="BuiltIn">
<var>&amp;{data}</var>
<arg>json.loads('''${arquivo}''')</arg>
<arg>json</arg>
<doc>Evaluates the given expression in Python and returns the result.</doc>
<msg timestamp="20220802 13:49:56.025" level="INFO">&amp;{data} = { login_valido_sem_carrinho={'email': 'ericreese@example.com', 'password': '1C3OtLiJ@y'} | login_email_invalido={'email': 'emailInvalido@gmail.com', 'password': '98765'} | login_senha_invalida={'email...</msg>
<status status="PASS" starttime="20220802 13:49:56.025" endtime="20220802 13:49:56.025"/>
</kw>
<msg timestamp="20220802 13:49:56.025" level="INFO">${json} = {'login_valido_sem_carrinho': {'email': 'ericreese@example.com', 'password': '1C3OtLiJ@y'}, 'login_email_invalido': {'email': 'emailInvalido@gmail.com', 'password': '98765'}, 'login_senha_invalida': {...</msg>
<status status="PASS" starttime="20220802 13:49:56.024" endtime="20220802 13:49:56.025"/>
</kw>
<kw name="Set Variable" library="BuiltIn">
<var>${payload}</var>
<arg>${json["login_nao_administrador"]}</arg>
<doc>Returns the given values which can then be assigned to a variables.</doc>
<msg timestamp="20220802 13:49:56.026" level="INFO">${payload} = {'email': '1234deoliveira@outlook.com', 'password': '3090'}</msg>
<status status="PASS" starttime="20220802 13:49:56.026" endtime="20220802 13:49:56.026"/>
</kw>
<kw name="Set Global Variable" library="BuiltIn">
<arg>${payload}</arg>
<doc>Makes a variable available globally in all tests and suites.</doc>
<msg timestamp="20220802 13:49:56.026" level="INFO">${payload} = {'email': '1234deoliveira@outlook.com', 'password': '3090'}</msg>
<status status="PASS" starttime="20220802 13:49:56.026" endtime="20220802 13:49:56.026"/>
</kw>
<kw name="POST Endpoint /login" library="login_keywords">
<kw name="POST On Session" library="RequestsLibrary">
<var>${response}</var>
<arg>serverest</arg>
<arg>/login</arg>
<arg>json=&amp;{payload}</arg>
<arg>expected_status=anything</arg>
<doc>Sends a POST request on a previously created HTTP Session.</doc>
<msg timestamp="20220802 13:49:56.033" level="INFO">POST Request : url=http://localhost:3000/login 
 path_url=/login 
 headers={'User-Agent': 'python-requests/2.28.1', 'Accept-Encoding': 'gzip, deflate', 'Accept': '*/*', 'Connection': 'keep-alive', 'Content-Length': '59', 'Content-Type': 'application/json'} 
 body=b'{"email": "1234deoliveira@outlook.com", "password": "3090"}' 
 </msg>
<msg timestamp="20220802 13:49:56.033" level="INFO">POST Response : url=http://localhost:3000/login 
 status=200, reason=OK 
 headers={'Access-Control-Allow-Origin': '*', 'x-dns-prefetch-control': 'off', 'x-frame-options': 'SAMEORIGIN', 'strict-transport-security': 'max-age=15552000; includeSubDomains', 'x-download-options': 'noopen', 'x-content-type-options': 'nosniff', 'x-xss-protection': '1; mode=block', 'x-moesif-transaction-id': '5e5e52ef-6574-4d32-94f9-cee90a5c1356', 'Content-Type': 'application/json; charset=utf-8', 'Content-Length': '281', 'Date': 'Tue, 02 Aug 2022 16:49:56 GMT', 'Connection': 'keep-alive', 'Keep-Alive': 'timeout=5'} 
 body={
    "message": "Login realizado com sucesso",
    "authorization": "Bearer eyJhbGciOiJIUzI1NiIsInR5cCI6IkpXVCJ9.eyJlbWFpbCI6IjEyMzRkZW9saXZlaXJhQG91dGxvb2suY29tIiwicGFzc3dvcmQiOiIzMDkwIiwiaWF0IjoxNjU5NDU4OTk2LCJleHAiOjE2NTk0NTk1OTZ9.PrI8BdRFiZKuiJFC9XefniSD26YDz5YPP4BbxeyeMMo"
} 
 </msg>
<msg timestamp="20220802 13:49:56.034" level="INFO">${response} = &lt;Response [200]&gt;</msg>
<status status="PASS" starttime="20220802 13:49:56.026" endtime="20220802 13:49:56.034"/>
</kw>
<kw name="Printar Conteudo Response" library="common">
<arg>${response}</arg>
<kw name="Log To Console" library="BuiltIn">
<arg>Response: ${response.content}</arg>
<doc>Logs the given message to the console.</doc>
<status status="PASS" starttime="20220802 13:49:56.034" endtime="20220802 13:49:56.035"/>
</kw>
<status status="PASS" starttime="20220802 13:49:56.034" endtime="20220802 13:49:56.035"/>
</kw>
<kw name="Set Global Variable" library="BuiltIn">
<arg>${response}</arg>
<doc>Makes a variable available globally in all tests and suites.</doc>
<msg timestamp="20220802 13:49:56.035" level="INFO">${response} = &lt;Response [200]&gt;</msg>
<status status="PASS" starttime="20220802 13:49:56.035" endtime="20220802 13:49:56.035"/>
</kw>
<status status="PASS" starttime="20220802 13:49:56.026" endtime="20220802 13:49:56.036"/>
</kw>
<status status="PASS" starttime="20220802 13:49:56.024" endtime="20220802 13:49:56.036"/>
</kw>
<kw name="Validar Ter Logado" library="login_keywords">
<kw name="Should Be Equal" library="BuiltIn">
<arg>${response.json()["message"]}</arg>
<arg>Login realizado com sucesso</arg>
<doc>Fails if the given objects are unequal.</doc>
<status status="PASS" starttime="20220802 13:49:56.036" endtime="20220802 13:49:56.036"/>
</kw>
<kw name="Should Not Be Empty" library="BuiltIn">
<arg>${response.json()["authorization"]}</arg>
<doc>Verifies that the given item is not empty.</doc>
<msg timestamp="20220802 13:49:56.036" level="INFO">Length is 208</msg>
<status status="PASS" starttime="20220802 13:49:56.036" endtime="20220802 13:49:56.036"/>
</kw>
<status status="PASS" starttime="20220802 13:49:56.036" endtime="20220802 13:49:56.037"/>
</kw>
<kw name="Set Variable" library="BuiltIn">
<var>${token_auth}</var>
<arg>${response.json()["authorization"]}</arg>
<doc>Returns the given values which can then be assigned to a variables.</doc>
<msg timestamp="20220802 13:49:56.038" level="INFO">${token_auth} = Bearer eyJhbGciOiJIUzI1NiIsInR5cCI6IkpXVCJ9.eyJlbWFpbCI6IjEyMzRkZW9saXZlaXJhQG91dGxvb2suY29tIiwicGFzc3dvcmQiOiIzMDkwIiwiaWF0IjoxNjU5NDU4OTk2LCJleHAiOjE2NTk0NTk1OTZ9.PrI8BdRFiZKuiJFC9XefniSD26YDz5YPP4B...</msg>
<status status="PASS" starttime="20220802 13:49:56.037" endtime="20220802 13:49:56.038"/>
</kw>
<kw name="Set Global Variable" library="BuiltIn">
<arg>${token_auth}</arg>
<doc>Makes a variable available globally in all tests and suites.</doc>
<msg timestamp="20220802 13:49:56.038" level="INFO">${token_auth} = Bearer eyJhbGciOiJIUzI1NiIsInR5cCI6IkpXVCJ9.eyJlbWFpbCI6IjEyMzRkZW9saXZlaXJhQG91dGxvb2suY29tIiwicGFzc3dvcmQiOiIzMDkwIiwiaWF0IjoxNjU5NDU4OTk2LCJleHAiOjE2NTk0NTk1OTZ9.PrI8BdRFiZKuiJFC9XefniSD26YDz5YPP4B...</msg>
<status status="PASS" starttime="20220802 13:49:56.038" endtime="20220802 13:49:56.038"/>
</kw>
<status status="PASS" starttime="20220802 13:49:56.024" endtime="20220802 13:49:56.038"/>
</kw>
<kw name="DELETE id &quot;0uxuPY0cbmQhpEz1&quot;" library="produtos_keywords" sourcename="DELETE id &quot;${id}&quot;">
<kw name="Create Dictionary" library="BuiltIn">
<var>${header}</var>
<arg>Authorization=${token_auth}</arg>
<doc>Creates and returns a dictionary based on the given ``items``.</doc>
<msg timestamp="20220802 13:49:56.039" level="INFO">${header} = {'Authorization': 'Bearer eyJhbGciOiJIUzI1NiIsInR5cCI6IkpXVCJ9.eyJlbWFpbCI6IjEyMzRkZW9saXZlaXJhQG91dGxvb2suY29tIiwicGFzc3dvcmQiOiIzMDkwIiwiaWF0IjoxNjU5NDU4OTk2LCJleHAiOjE2NTk0NTk1OTZ9.PrI8BdRFiZKuiJFC...</msg>
<status status="PASS" starttime="20220802 13:49:56.038" endtime="20220802 13:49:56.039"/>
</kw>
<kw name="DELETE On Session" library="RequestsLibrary">
<var>${response}</var>
<arg>serverest</arg>
<arg>/produtos/${id}</arg>
<arg>expected_status=anything</arg>
<arg>headers=${header}</arg>
<doc>Sends a DELETE request on a previously created HTTP Session.</doc>
<msg timestamp="20220802 13:49:56.043" level="INFO">DELETE Request : url=http://localhost:3000/produtos/0uxuPY0cbmQhpEz1 
 path_url=/produtos/0uxuPY0cbmQhpEz1 
 headers={'User-Agent': 'python-requests/2.28.1', 'Accept-Encoding': 'gzip, deflate', 'Accept': '*/*', 'Connection': 'keep-alive', 'Authorization': 'Bearer eyJhbGciOiJIUzI1NiIsInR5cCI6IkpXVCJ9.eyJlbWFpbCI6IjEyMzRkZW9saXZlaXJhQG91dGxvb2suY29tIiwicGFzc3dvcmQiOiIzMDkwIiwiaWF0IjoxNjU5NDU4OTk2LCJleHAiOjE2NTk0NTk1OTZ9.PrI8BdRFiZKuiJFC9XefniSD26YDz5YPP4BbxeyeMMo', 'Content-Length': '0'} 
 body=None 
 </msg>
<msg timestamp="20220802 13:49:56.043" level="INFO">DELETE Response : url=http://localhost:3000/produtos/0uxuPY0cbmQhpEz1 
 status=403, reason=Forbidden 
 headers={'Access-Control-Allow-Origin': '*', 'x-dns-prefetch-control': 'off', 'x-frame-options': 'SAMEORIGIN', 'strict-transport-security': 'max-age=15552000; includeSubDomains', 'x-download-options': 'noopen', 'x-content-type-options': 'nosniff', 'x-xss-protection': '1; mode=block', 'x-moesif-transaction-id': '8b1af073-1450-47a4-af3f-a219ed867eba', 'Content-Type': 'application/json; charset=utf-8', 'Content-Length': '56', 'Date': 'Tue, 02 Aug 2022 16:49:56 GMT', 'Connection': 'keep-alive', 'Keep-Alive': 'timeout=5'} 
 body={
    "message": "Rota exclusiva para administradores"
} 
 </msg>
<msg timestamp="20220802 13:49:56.043" level="INFO">${response} = &lt;Response [403]&gt;</msg>
<status status="PASS" starttime="20220802 13:49:56.039" endtime="20220802 13:49:56.043"/>
</kw>
<kw name="Printar Conteudo Response" library="common">
<arg>${response}</arg>
<kw name="Log To Console" library="BuiltIn">
<arg>Response: ${response.content}</arg>
<doc>Logs the given message to the console.</doc>
<status status="PASS" starttime="20220802 13:49:56.043" endtime="20220802 13:49:56.044"/>
</kw>
<status status="PASS" starttime="20220802 13:49:56.043" endtime="20220802 13:49:56.044"/>
</kw>
<kw name="Set Global Variable" library="BuiltIn">
<arg>${response}</arg>
<doc>Makes a variable available globally in all tests and suites.</doc>
<msg timestamp="20220802 13:49:56.045" level="INFO">${response} = &lt;Response [403]&gt;</msg>
<status status="PASS" starttime="20220802 13:49:56.044" endtime="20220802 13:49:56.045"/>
</kw>
<status status="PASS" starttime="20220802 13:49:56.038" endtime="20220802 13:49:56.045"/>
</kw>
<kw name="Validar Status Code &quot;403&quot;" library="common" sourcename="Validar Status Code &quot;${statuscode}&quot;">
<kw name="Should Be True" library="BuiltIn">
<arg>${response.status_code} == ${statuscode}</arg>
<doc>Fails if the given condition is not true.</doc>
<status status="PASS" starttime="20220802 13:49:56.045" endtime="20220802 13:49:56.046"/>
</kw>
<status status="PASS" starttime="20220802 13:49:56.045" endtime="20220802 13:49:56.046"/>
</kw>
<kw name="Validar Mensagem: &quot;Rota exclusiva para administradores&quot;" library="common" sourcename="Validar Mensagem: &quot;${mensagem}&quot;">
<kw name="Should Match" library="BuiltIn">
<arg>${response.json()["message"]}</arg>
<arg>${mensagem}</arg>
<doc>Fails if the given ``string`` does not match the given ``pattern``.</doc>
<status status="PASS" starttime="20220802 13:49:56.046" endtime="20220802 13:49:56.047"/>
</kw>
<status status="PASS" starttime="20220802 13:49:56.046" endtime="20220802 13:49:56.047"/>
</kw>
<tag>DELETE403</tag>
<status status="PASS" starttime="20220802 13:49:56.022" endtime="20220802 13:49:56.047"/>
</test>
<test id="s1-t18" name="Cenário: Listar Estoque total" line="147">
<kw name="Listar estoque total" library="produtos_keywords">
<kw name="Estoquetotal" library="Livraria">
<var>${2}</var>
<msg timestamp="20220802 13:49:56.054" level="INFO">${2} = 50571</msg>
<status status="PASS" starttime="20220802 13:49:56.048" endtime="20220802 13:49:56.054"/>
</kw>
<kw name="Log To Console" library="BuiltIn">
<arg>${2}</arg>
<doc>Logs the given message to the console.</doc>
<status status="PASS" starttime="20220802 13:49:56.054" endtime="20220802 13:49:56.054"/>
</kw>
<status status="PASS" starttime="20220802 13:49:56.048" endtime="20220802 13:49:56.055"/>
</kw>
<status status="PASS" starttime="20220802 13:49:56.048" endtime="20220802 13:49:56.055"/>
</test>
<doc>Arquivo para Test Cases no Endpoint /produtos</doc>
<status status="PASS" starttime="20220802 13:49:55.249" endtime="20220802 13:49:56.056"/>
</suite>
<statistics>
<total>
<stat pass="18" fail="0" skip="0">All Tests</stat>
</total>
<tag>
<stat pass="1" fail="0" skip="0">DELETE1.200</stat>
<stat pass="1" fail="0" skip="0">DELETE2.200</stat>
<stat pass="1" fail="0" skip="0">DELETE400</stat>
<stat pass="1" fail="0" skip="0">DELETE401</stat>
<stat pass="1" fail="0" skip="0">DELETE403</stat>
<stat pass="1" fail="0" skip="0">GET200.1</stat>
<stat pass="1" fail="0" skip="0">GET200.2</stat>
<stat pass="1" fail="0" skip="0">GET400</stat>
<stat pass="1" fail="0" skip="0">POST201</stat>
<stat pass="1" fail="0" skip="0">POST400.1</stat>
<stat pass="1" fail="0" skip="0">POST400.2</stat>
<stat pass="1" fail="0" skip="0">POST400.3</stat>
<stat pass="1" fail="0" skip="0">POST401.1</stat>
<stat pass="1" fail="0" skip="0">PUT200</stat>
<stat pass="1" fail="0" skip="0">PUT201</stat>
<stat pass="1" fail="0" skip="0">PUT400</stat>
<stat pass="1" fail="0" skip="0">PUT401</stat>
</tag>
<suite>
<stat pass="18" fail="0" skip="0" id="s1" name="Produtos Testes">Produtos Testes</stat>
</suite>
</statistics>
<errors>
</errors>
</robot>
