<?xml version="1.0" encoding="UTF-8"?>
<robot generator="Robot 5.0.1 (Python 3.10.5 on win32)" generated="20220803 01:46:05.981" rpa="false" schemaversion="3">
<suite id="s1" name="Carrinhos" source="C:\Users\enzoc\OneDrive\Área de Trabalho\RoboTron_Enzo_Ceron_Projeto_Final\tests\carrinhos.robot">
<test id="s1-t1" name="Cenário: GET Todos os Carrinhos 200" line="8">
<kw name="Criar Sessao" library="base">
<kw name="Create Session" library="RequestsLibrary">
<arg>serverest</arg>
<arg>${BASE_URI}</arg>
<doc>Create Session: create a HTTP session to a server</doc>
<msg timestamp="20220803 01:46:06.275" level="INFO">Creating Session using : alias=serverest, url=http://localhost:3000, headers={},                     cookies={}, auth=None, timeout=None, proxies=None, verify=False,                     debug=0 </msg>
<status status="PASS" starttime="20220803 01:46:06.275" endtime="20220803 01:46:06.275"/>
</kw>
<status status="PASS" starttime="20220803 01:46:06.274" endtime="20220803 01:46:06.275"/>
</kw>
<kw name="GET Endpoint /carrinhos" library="carrinhos_keywords">
<kw name="GET On Session" library="RequestsLibrary">
<var>${response}</var>
<arg>serverest</arg>
<arg>/carrinhos</arg>
<doc>Sends a GET request on a previously created HTTP Session.</doc>
<msg timestamp="20220803 01:46:06.284" level="INFO">GET Request : url=http://localhost:3000/carrinhos 
 path_url=/carrinhos 
 headers={'User-Agent': 'python-requests/2.28.1', 'Accept-Encoding': 'gzip, deflate', 'Accept': '*/*', 'Connection': 'keep-alive'} 
 body=None 
 </msg>
<msg timestamp="20220803 01:46:06.284" level="INFO">GET Response : url=http://localhost:3000/carrinhos 
 status=200, reason=OK 
 headers={'Access-Control-Allow-Origin': '*', 'x-dns-prefetch-control': 'off', 'x-frame-options': 'SAMEORIGIN', 'strict-transport-security': 'max-age=15552000; includeSubDomains', 'x-download-options': 'noopen', 'x-content-type-options': 'nosniff', 'x-xss-protection': '1; mode=block', 'x-moesif-transaction-id': 'aad7ca9c-6cc2-41d5-9b1c-74b1b85c41a9', 'Content-Type': 'application/json; charset=utf-8', 'Content-Length': '980', 'Date': 'Wed, 03 Aug 2022 04:46:06 GMT', 'Connection': 'keep-alive', 'Keep-Alive': 'timeout=5'} 
 body={
    "quantidade": 2,
    "carrinhos": [
        {
            "produtos": [
                {
                    "idProduto": "BeeJh5lz3k6kSIzA",
                    "quantidade": "4",
                    "precoUnitario": 3556
                }
            ],
            "precoTotal": 14224,
            "quantidadeTotal": "04",
            "idUsuario": "asbN95BfqYkfPV7f",
            "_id": "GmchXPvhA7zkh8NL"
        },
        {
            "produtos": [
                {
                    "idProduto": "BeeJh5lz3k6kSIzA",
                    "quantidade": 2,
                    "precoUnitario": 470
                },
                {
                    "idProduto": "K6leHdftCeOJj8BJ",
                    "quantidade": 1,
                    "precoUnitario": 5240
                }
            ],
            "precoTotal": 6180,
            "quantidadeTotal": 3,
            "idUsuario": "oUb7aGkMtSEPf6BZ",
            "_id": "qbMqntef4iTOwWfg"
        }
    ]
} 
 </msg>
<msg timestamp="20220803 01:46:06.284" level="INFO">${response} = &lt;Response [200]&gt;</msg>
<status status="PASS" starttime="20220803 01:46:06.276" endtime="20220803 01:46:06.284"/>
</kw>
<kw name="Printar Conteudo Response" library="common">
<arg>${response}</arg>
<kw name="Log To Console" library="BuiltIn">
<arg>Response: ${response.content}</arg>
<doc>Logs the given message to the console.</doc>
<status status="PASS" starttime="20220803 01:46:06.285" endtime="20220803 01:46:06.289"/>
</kw>
<status status="PASS" starttime="20220803 01:46:06.285" endtime="20220803 01:46:06.289"/>
</kw>
<kw name="Set Global Variable" library="BuiltIn">
<arg>${response}</arg>
<doc>Makes a variable available globally in all tests and suites.</doc>
<msg timestamp="20220803 01:46:06.289" level="INFO">${response} = &lt;Response [200]&gt;</msg>
<status status="PASS" starttime="20220803 01:46:06.289" endtime="20220803 01:46:06.289"/>
</kw>
<status status="PASS" starttime="20220803 01:46:06.275" endtime="20220803 01:46:06.289"/>
</kw>
<kw name="Validar Status Code &quot;200&quot;" library="common" sourcename="Validar Status Code &quot;${statuscode}&quot;">
<kw name="Should Be True" library="BuiltIn">
<arg>${response.status_code} == ${statuscode}</arg>
<doc>Fails if the given condition is not true.</doc>
<status status="PASS" starttime="20220803 01:46:06.290" endtime="20220803 01:46:06.291"/>
</kw>
<status status="PASS" starttime="20220803 01:46:06.290" endtime="20220803 01:46:06.291"/>
</kw>
<tag>GET1.200</tag>
<status status="PASS" starttime="20220803 01:46:06.274" endtime="20220803 01:46:06.291"/>
</test>
<test id="s1-t2" name="Cenário: GET Carrinho Específico 200" line="14">
<kw name="Criar Sessao" library="base">
<kw name="Create Session" library="RequestsLibrary">
<arg>serverest</arg>
<arg>${BASE_URI}</arg>
<doc>Create Session: create a HTTP session to a server</doc>
<msg timestamp="20220803 01:46:06.292" level="INFO">Creating Session using : alias=serverest, url=http://localhost:3000, headers={},                     cookies={}, auth=None, timeout=None, proxies=None, verify=False,                     debug=0 </msg>
<status status="PASS" starttime="20220803 01:46:06.292" endtime="20220803 01:46:06.293"/>
</kw>
<status status="PASS" starttime="20220803 01:46:06.292" endtime="20220803 01:46:06.293"/>
</kw>
<kw name="GET Endpoint /carrinhos id &quot;/qbMqntef4iTOwWfg&quot;" library="carrinhos_keywords" sourcename="GET Endpoint /carrinhos id &quot;${id}&quot;">
<kw name="GET On Session" library="RequestsLibrary">
<var>${response}</var>
<arg>serverest</arg>
<arg>/carrinhos/${id}</arg>
<arg>expected_status=anything</arg>
<doc>Sends a GET request on a previously created HTTP Session.</doc>
<msg timestamp="20220803 01:46:06.297" level="INFO">GET Request : url=http://localhost:3000/carrinhos/qbMqntef4iTOwWfg 
 path_url=/carrinhos/qbMqntef4iTOwWfg 
 headers={'User-Agent': 'python-requests/2.28.1', 'Accept-Encoding': 'gzip, deflate', 'Accept': '*/*', 'Connection': 'keep-alive'} 
 body=None 
 </msg>
<msg timestamp="20220803 01:46:06.297" level="INFO">GET Response : url=http://localhost:3000/carrinhos/qbMqntef4iTOwWfg 
 status=200, reason=OK 
 headers={'Access-Control-Allow-Origin': '*', 'x-dns-prefetch-control': 'off', 'x-frame-options': 'SAMEORIGIN', 'strict-transport-security': 'max-age=15552000; includeSubDomains', 'x-download-options': 'noopen', 'x-content-type-options': 'nosniff', 'x-xss-protection': '1; mode=block', 'x-moesif-transaction-id': '66e3d566-5596-4df0-a18e-53301d3bba39', 'Content-Type': 'application/json; charset=utf-8', 'Content-Length': '401', 'Date': 'Wed, 03 Aug 2022 04:46:06 GMT', 'Connection': 'keep-alive', 'Keep-Alive': 'timeout=5'} 
 body={
    "produtos": [
        {
            "idProduto": "BeeJh5lz3k6kSIzA",
            "quantidade": 2,
            "precoUnitario": 470
        },
        {
            "idProduto": "K6leHdftCeOJj8BJ",
            "quantidade": 1,
            "precoUnitario": 5240
        }
    ],
    "precoTotal": 6180,
    "quantidadeTotal": 3,
    "idUsuario": "oUb7aGkMtSEPf6BZ",
    "_id": "qbMqntef4iTOwWfg"
} 
 </msg>
<msg timestamp="20220803 01:46:06.297" level="INFO">${response} = &lt;Response [200]&gt;</msg>
<status status="PASS" starttime="20220803 01:46:06.293" endtime="20220803 01:46:06.297"/>
</kw>
<kw name="Printar Conteudo Response" library="common">
<arg>${response}</arg>
<kw name="Log To Console" library="BuiltIn">
<arg>Response: ${response.content}</arg>
<doc>Logs the given message to the console.</doc>
<status status="PASS" starttime="20220803 01:46:06.297" endtime="20220803 01:46:06.299"/>
</kw>
<status status="PASS" starttime="20220803 01:46:06.297" endtime="20220803 01:46:06.299"/>
</kw>
<kw name="Set Global Variable" library="BuiltIn">
<arg>${response}</arg>
<doc>Makes a variable available globally in all tests and suites.</doc>
<msg timestamp="20220803 01:46:06.299" level="INFO">${response} = &lt;Response [200]&gt;</msg>
<status status="PASS" starttime="20220803 01:46:06.299" endtime="20220803 01:46:06.299"/>
</kw>
<status status="PASS" starttime="20220803 01:46:06.293" endtime="20220803 01:46:06.299"/>
</kw>
<kw name="Validar Status Code &quot;200&quot;" library="common" sourcename="Validar Status Code &quot;${statuscode}&quot;">
<kw name="Should Be True" library="BuiltIn">
<arg>${response.status_code} == ${statuscode}</arg>
<doc>Fails if the given condition is not true.</doc>
<status status="PASS" starttime="20220803 01:46:06.300" endtime="20220803 01:46:06.300"/>
</kw>
<status status="PASS" starttime="20220803 01:46:06.299" endtime="20220803 01:46:06.300"/>
</kw>
<kw name="Validar id: &quot;qbMqntef4iTOwWfg&quot;" library="carrinhos_keywords" sourcename="Validar id: &quot;${id}&quot;">
<kw name="Should Match" library="BuiltIn">
<arg>${response.json()["_id"]}</arg>
<arg>${id}</arg>
<doc>Fails if the given ``string`` does not match the given ``pattern``.</doc>
<status status="PASS" starttime="20220803 01:46:06.301" endtime="20220803 01:46:06.301"/>
</kw>
<status status="PASS" starttime="20220803 01:46:06.301" endtime="20220803 01:46:06.301"/>
</kw>
<tag>GET2.200</tag>
<status status="PASS" starttime="20220803 01:46:06.292" endtime="20220803 01:46:06.302"/>
</test>
<test id="s1-t3" name="Cenário: GET Carrinho Inexistente 400" line="21">
<kw name="Criar Sessao" library="base">
<kw name="Create Session" library="RequestsLibrary">
<arg>serverest</arg>
<arg>${BASE_URI}</arg>
<doc>Create Session: create a HTTP session to a server</doc>
<msg timestamp="20220803 01:46:06.304" level="INFO">Creating Session using : alias=serverest, url=http://localhost:3000, headers={},                     cookies={}, auth=None, timeout=None, proxies=None, verify=False,                     debug=0 </msg>
<status status="PASS" starttime="20220803 01:46:06.304" endtime="20220803 01:46:06.304"/>
</kw>
<status status="PASS" starttime="20220803 01:46:06.303" endtime="20220803 01:46:06.304"/>
</kw>
<kw name="GET Endpoint /carrinhos id &quot;Inexistente&quot;" library="carrinhos_keywords" sourcename="GET Endpoint /carrinhos id &quot;${id}&quot;">
<kw name="GET On Session" library="RequestsLibrary">
<var>${response}</var>
<arg>serverest</arg>
<arg>/carrinhos/${id}</arg>
<arg>expected_status=anything</arg>
<doc>Sends a GET request on a previously created HTTP Session.</doc>
<msg timestamp="20220803 01:46:06.309" level="INFO">GET Request : url=http://localhost:3000/carrinhos/Inexistente 
 path_url=/carrinhos/Inexistente 
 headers={'User-Agent': 'python-requests/2.28.1', 'Accept-Encoding': 'gzip, deflate', 'Accept': '*/*', 'Connection': 'keep-alive'} 
 body=None 
 </msg>
<msg timestamp="20220803 01:46:06.309" level="INFO">GET Response : url=http://localhost:3000/carrinhos/Inexistente 
 status=400, reason=Bad Request 
 headers={'Access-Control-Allow-Origin': '*', 'x-dns-prefetch-control': 'off', 'x-frame-options': 'SAMEORIGIN', 'strict-transport-security': 'max-age=15552000; includeSubDomains', 'x-download-options': 'noopen', 'x-content-type-options': 'nosniff', 'x-xss-protection': '1; mode=block', 'x-moesif-transaction-id': 'a3a29dbb-d498-49bd-8abe-dec296c37362', 'Content-Type': 'application/json; charset=utf-8', 'Content-Length': '45', 'Date': 'Wed, 03 Aug 2022 04:46:06 GMT', 'Connection': 'keep-alive', 'Keep-Alive': 'timeout=5'} 
 body={
    "message": "Carrinho não encontrado"
} 
 </msg>
<msg timestamp="20220803 01:46:06.309" level="INFO">${response} = &lt;Response [400]&gt;</msg>
<status status="PASS" starttime="20220803 01:46:06.304" endtime="20220803 01:46:06.309"/>
</kw>
<kw name="Printar Conteudo Response" library="common">
<arg>${response}</arg>
<kw name="Log To Console" library="BuiltIn">
<arg>Response: ${response.content}</arg>
<doc>Logs the given message to the console.</doc>
<status status="PASS" starttime="20220803 01:46:06.309" endtime="20220803 01:46:06.310"/>
</kw>
<status status="PASS" starttime="20220803 01:46:06.309" endtime="20220803 01:46:06.310"/>
</kw>
<kw name="Set Global Variable" library="BuiltIn">
<arg>${response}</arg>
<doc>Makes a variable available globally in all tests and suites.</doc>
<msg timestamp="20220803 01:46:06.310" level="INFO">${response} = &lt;Response [400]&gt;</msg>
<status status="PASS" starttime="20220803 01:46:06.310" endtime="20220803 01:46:06.310"/>
</kw>
<status status="PASS" starttime="20220803 01:46:06.304" endtime="20220803 01:46:06.311"/>
</kw>
<kw name="Validar Status Code &quot;400&quot;" library="common" sourcename="Validar Status Code &quot;${statuscode}&quot;">
<kw name="Should Be True" library="BuiltIn">
<arg>${response.status_code} == ${statuscode}</arg>
<doc>Fails if the given condition is not true.</doc>
<status status="PASS" starttime="20220803 01:46:06.311" endtime="20220803 01:46:06.312"/>
</kw>
<status status="PASS" starttime="20220803 01:46:06.311" endtime="20220803 01:46:06.312"/>
</kw>
<kw name="Validar Mensagem: &quot;Carrinho não encontrado&quot;" library="common" sourcename="Validar Mensagem: &quot;${mensagem}&quot;">
<kw name="Should Match" library="BuiltIn">
<arg>${response.json()["message"]}</arg>
<arg>${mensagem}</arg>
<doc>Fails if the given ``string`` does not match the given ``pattern``.</doc>
<status status="PASS" starttime="20220803 01:46:06.312" endtime="20220803 01:46:06.313"/>
</kw>
<status status="PASS" starttime="20220803 01:46:06.312" endtime="20220803 01:46:06.313"/>
</kw>
<tag>GET400</tag>
<status status="PASS" starttime="20220803 01:46:06.303" endtime="20220803 01:46:06.313"/>
</test>
<test id="s1-t4" name="Cenário: POST Cadastrar Carrinho 201" line="28">
<kw name="Criar Sessao" library="base">
<kw name="Create Session" library="RequestsLibrary">
<arg>serverest</arg>
<arg>${BASE_URI}</arg>
<doc>Create Session: create a HTTP session to a server</doc>
<msg timestamp="20220803 01:46:06.314" level="INFO">Creating Session using : alias=serverest, url=http://localhost:3000, headers={},                     cookies={}, auth=None, timeout=None, proxies=None, verify=False,                     debug=0 </msg>
<status status="PASS" starttime="20220803 01:46:06.314" endtime="20220803 01:46:06.314"/>
</kw>
<status status="PASS" starttime="20220803 01:46:06.314" endtime="20220803 01:46:06.314"/>
</kw>
<kw name="Fazer Login e Armazenar Token" library="login_keywords">
<kw name="Fazer Login com Usuário Válido de Massa Estatica" library="login_keywords">
<kw name="Importar JSON Estatico" library="common">
<var>${json}</var>
<arg>json_login_ex.json</arg>
<kw name="Get File" library="OperatingSystem">
<var>${arquivo}</var>
<arg>${EXECDIR}/../support/fixtures/static/${nome_arquivo}</arg>
<doc>Returns the contents of a specified file.</doc>
<msg timestamp="20220803 01:46:06.315" level="INFO" html="true">Getting file '&lt;a href="file://C:\Users\enzoc\OneDrive\Área de Trabalho\RoboTron_Enzo_Ceron_Projeto_Final\support\fixtures\static\json_login_ex.json"&gt;C:\Users\enzoc\OneDrive\Área de Trabalho\RoboTron_Enzo_Ceron_Projeto_Final\support\fixtures\static\json_login_ex.json&lt;/a&gt;'.</msg>
<msg timestamp="20220803 01:46:06.315" level="INFO">${arquivo} = {
    "login_valido_sem_carrinho":{
        "email":"ericreese@example.com",
        "password":"1C3OtLiJ@y"
    },
    "login_email_invalido":{
        "email":"emailInvalido@gmail.com",
        "pas...</msg>
<status status="PASS" starttime="20220803 01:46:06.315" endtime="20220803 01:46:06.315"/>
</kw>
<kw name="Evaluate" library="BuiltIn">
<var>&amp;{data}</var>
<arg>json.loads('''${arquivo}''')</arg>
<arg>json</arg>
<doc>Evaluates the given expression in Python and returns the result.</doc>
<msg timestamp="20220803 01:46:06.325" level="INFO">&amp;{data} = { login_valido_sem_carrinho={'email': 'ericreese@example.com', 'password': '1C3OtLiJ@y'} | login_email_invalido={'email': 'emailInvalido@gmail.com', 'password': '98765'} | login_senha_invalida={'email...</msg>
<status status="PASS" starttime="20220803 01:46:06.315" endtime="20220803 01:46:06.325"/>
</kw>
<msg timestamp="20220803 01:46:06.326" level="INFO">${json} = {'login_valido_sem_carrinho': {'email': 'ericreese@example.com', 'password': '1C3OtLiJ@y'}, 'login_email_invalido': {'email': 'emailInvalido@gmail.com', 'password': '98765'}, 'login_senha_invalida': {...</msg>
<status status="PASS" starttime="20220803 01:46:06.315" endtime="20220803 01:46:06.326"/>
</kw>
<kw name="Set Variable" library="BuiltIn">
<var>${payload}</var>
<arg>${json["login_valido_sem_carrinho"]}</arg>
<doc>Returns the given values which can then be assigned to a variables.</doc>
<msg timestamp="20220803 01:46:06.326" level="INFO">${payload} = {'email': 'ericreese@example.com', 'password': '1C3OtLiJ@y'}</msg>
<status status="PASS" starttime="20220803 01:46:06.326" endtime="20220803 01:46:06.326"/>
</kw>
<kw name="Set Global Variable" library="BuiltIn">
<arg>${payload}</arg>
<doc>Makes a variable available globally in all tests and suites.</doc>
<msg timestamp="20220803 01:46:06.326" level="INFO">${payload} = {'email': 'ericreese@example.com', 'password': '1C3OtLiJ@y'}</msg>
<status status="PASS" starttime="20220803 01:46:06.326" endtime="20220803 01:46:06.326"/>
</kw>
<kw name="POST Endpoint /login" library="login_keywords">
<kw name="POST On Session" library="RequestsLibrary">
<var>${response}</var>
<arg>serverest</arg>
<arg>/login</arg>
<arg>json=&amp;{payload}</arg>
<arg>expected_status=anything</arg>
<doc>Sends a POST request on a previously created HTTP Session.</doc>
<msg timestamp="20220803 01:46:06.331" level="INFO">POST Request : url=http://localhost:3000/login 
 path_url=/login 
 headers={'User-Agent': 'python-requests/2.28.1', 'Accept-Encoding': 'gzip, deflate', 'Accept': '*/*', 'Connection': 'keep-alive', 'Content-Length': '60', 'Content-Type': 'application/json'} 
 body=b'{"email": "ericreese@example.com", "password": "1C3OtLiJ@y"}' 
 </msg>
<msg timestamp="20220803 01:46:06.331" level="INFO">POST Response : url=http://localhost:3000/login 
 status=200, reason=OK 
 headers={'Access-Control-Allow-Origin': '*', 'x-dns-prefetch-control': 'off', 'x-frame-options': 'SAMEORIGIN', 'strict-transport-security': 'max-age=15552000; includeSubDomains', 'x-download-options': 'noopen', 'x-content-type-options': 'nosniff', 'x-xss-protection': '1; mode=block', 'x-moesif-transaction-id': '9b507941-0866-486d-a409-44c4428ac78e', 'Content-Type': 'application/json; charset=utf-8', 'Content-Length': '283', 'Date': 'Wed, 03 Aug 2022 04:46:06 GMT', 'Connection': 'keep-alive', 'Keep-Alive': 'timeout=5'} 
 body={
    "message": "Login realizado com sucesso",
    "authorization": "Bearer eyJhbGciOiJIUzI1NiIsInR5cCI6IkpXVCJ9.eyJlbWFpbCI6ImVyaWNyZWVzZUBleGFtcGxlLmNvbSIsInBhc3N3b3JkIjoiMUMzT3RMaUpAeSIsImlhdCI6MTY1OTUwMTk2NiwiZXhwIjoxNjU5NTAyNTY2fQ.z5EjS5irzD7JBv2tgIPmtZfZzg52BlP6rK_GVQ6q5Lo"
} 
 </msg>
<msg timestamp="20220803 01:46:06.331" level="INFO">${response} = &lt;Response [200]&gt;</msg>
<status status="PASS" starttime="20220803 01:46:06.327" endtime="20220803 01:46:06.331"/>
</kw>
<kw name="Printar Conteudo Response" library="common">
<arg>${response}</arg>
<kw name="Log To Console" library="BuiltIn">
<arg>Response: ${response.content}</arg>
<doc>Logs the given message to the console.</doc>
<status status="PASS" starttime="20220803 01:46:06.332" endtime="20220803 01:46:06.332"/>
</kw>
<status status="PASS" starttime="20220803 01:46:06.331" endtime="20220803 01:46:06.332"/>
</kw>
<kw name="Set Global Variable" library="BuiltIn">
<arg>${response}</arg>
<doc>Makes a variable available globally in all tests and suites.</doc>
<msg timestamp="20220803 01:46:06.333" level="INFO">${response} = &lt;Response [200]&gt;</msg>
<status status="PASS" starttime="20220803 01:46:06.333" endtime="20220803 01:46:06.333"/>
</kw>
<status status="PASS" starttime="20220803 01:46:06.326" endtime="20220803 01:46:06.333"/>
</kw>
<status status="PASS" starttime="20220803 01:46:06.314" endtime="20220803 01:46:06.333"/>
</kw>
<kw name="Validar Ter Logado" library="login_keywords">
<kw name="Should Be Equal" library="BuiltIn">
<arg>${response.json()["message"]}</arg>
<arg>Login realizado com sucesso</arg>
<doc>Fails if the given objects are unequal.</doc>
<status status="PASS" starttime="20220803 01:46:06.334" endtime="20220803 01:46:06.334"/>
</kw>
<kw name="Should Not Be Empty" library="BuiltIn">
<arg>${response.json()["authorization"]}</arg>
<doc>Verifies that the given item is not empty.</doc>
<msg timestamp="20220803 01:46:06.334" level="INFO">Length is 210</msg>
<status status="PASS" starttime="20220803 01:46:06.334" endtime="20220803 01:46:06.334"/>
</kw>
<status status="PASS" starttime="20220803 01:46:06.333" endtime="20220803 01:46:06.334"/>
</kw>
<kw name="Set Variable" library="BuiltIn">
<var>${token_auth}</var>
<arg>${response.json()["authorization"]}</arg>
<doc>Returns the given values which can then be assigned to a variables.</doc>
<msg timestamp="20220803 01:46:06.335" level="INFO">${token_auth} = Bearer eyJhbGciOiJIUzI1NiIsInR5cCI6IkpXVCJ9.eyJlbWFpbCI6ImVyaWNyZWVzZUBleGFtcGxlLmNvbSIsInBhc3N3b3JkIjoiMUMzT3RMaUpAeSIsImlhdCI6MTY1OTUwMTk2NiwiZXhwIjoxNjU5NTAyNTY2fQ.z5EjS5irzD7JBv2tgIPmtZfZzg52BlP6r...</msg>
<status status="PASS" starttime="20220803 01:46:06.335" endtime="20220803 01:46:06.335"/>
</kw>
<kw name="Set Global Variable" library="BuiltIn">
<arg>${token_auth}</arg>
<doc>Makes a variable available globally in all tests and suites.</doc>
<msg timestamp="20220803 01:46:06.335" level="INFO">${token_auth} = Bearer eyJhbGciOiJIUzI1NiIsInR5cCI6IkpXVCJ9.eyJlbWFpbCI6ImVyaWNyZWVzZUBleGFtcGxlLmNvbSIsInBhc3N3b3JkIjoiMUMzT3RMaUpAeSIsImlhdCI6MTY1OTUwMTk2NiwiZXhwIjoxNjU5NTAyNTY2fQ.z5EjS5irzD7JBv2tgIPmtZfZzg52BlP6r...</msg>
<status status="PASS" starttime="20220803 01:46:06.335" endtime="20220803 01:46:06.335"/>
</kw>
<status status="PASS" starttime="20220803 01:46:06.314" endtime="20220803 01:46:06.335"/>
</kw>
<kw name="Criar Carrinho Estatico Valido" library="carrinhos_keywords">
<kw name="Importar JSON Estatico" library="common">
<var>${json}</var>
<arg>json_carrinhos_ex.json</arg>
<kw name="Get File" library="OperatingSystem">
<var>${arquivo}</var>
<arg>${EXECDIR}/../support/fixtures/static/${nome_arquivo}</arg>
<doc>Returns the contents of a specified file.</doc>
<msg timestamp="20220803 01:46:06.336" level="INFO" html="true">Getting file '&lt;a href="file://C:\Users\enzoc\OneDrive\Área de Trabalho\RoboTron_Enzo_Ceron_Projeto_Final\support\fixtures\static\json_carrinhos_ex.json"&gt;C:\Users\enzoc\OneDrive\Área de Trabalho\RoboTron_Enzo_Ceron_Projeto_Final\support\fixtures\static\json_carrinhos_ex.json&lt;/a&gt;'.</msg>
<msg timestamp="20220803 01:46:06.336" level="INFO">${arquivo} = {
    "carrinho1":{
        "produtos": [
            {   "idProduto":"BeeJh5lz3k6kSIzA",
                "quantidade":"4"
            }
          ]
    },
    "carrinho2":{
        "produtos": [
    ...</msg>
<status status="PASS" starttime="20220803 01:46:06.336" endtime="20220803 01:46:06.336"/>
</kw>
<kw name="Evaluate" library="BuiltIn">
<var>&amp;{data}</var>
<arg>json.loads('''${arquivo}''')</arg>
<arg>json</arg>
<doc>Evaluates the given expression in Python and returns the result.</doc>
<msg timestamp="20220803 01:46:06.337" level="INFO">&amp;{data} = { carrinho1={'produtos': [{'idProduto': 'BeeJh5lz3k6kSIzA', 'quantidade': '4'}]} | carrinho2={'produtos': [{'idProduto': 'BeeJh5lz3k6kSIzA', 'quantidade': '2'}, {'idProduto': 'YaeJ455lz3k6kSIzA', 'qua...</msg>
<status status="PASS" starttime="20220803 01:46:06.336" endtime="20220803 01:46:06.337"/>
</kw>
<msg timestamp="20220803 01:46:06.337" level="INFO">${json} = {'carrinho1': {'produtos': [{'idProduto': 'BeeJh5lz3k6kSIzA', 'quantidade': '4'}]}, 'carrinho2': {'produtos': [{'idProduto': 'BeeJh5lz3k6kSIzA', 'quantidade': '2'}, {'idProduto': 'YaeJ455lz3k6kSIzA', ...</msg>
<status status="PASS" starttime="20220803 01:46:06.336" endtime="20220803 01:46:06.337"/>
</kw>
<kw name="Set Variable" library="BuiltIn">
<var>${payload}</var>
<arg>${json["carrinho1"]}</arg>
<doc>Returns the given values which can then be assigned to a variables.</doc>
<msg timestamp="20220803 01:46:06.337" level="INFO">${payload} = {'produtos': [{'idProduto': 'BeeJh5lz3k6kSIzA', 'quantidade': '4'}]}</msg>
<status status="PASS" starttime="20220803 01:46:06.337" endtime="20220803 01:46:06.337"/>
</kw>
<kw name="Set Global Variable" library="BuiltIn">
<arg>${payload}</arg>
<doc>Makes a variable available globally in all tests and suites.</doc>
<msg timestamp="20220803 01:46:06.338" level="INFO">${payload} = {'produtos': [{'idProduto': 'BeeJh5lz3k6kSIzA', 'quantidade': '4'}]}</msg>
<status status="PASS" starttime="20220803 01:46:06.337" endtime="20220803 01:46:06.338"/>
</kw>
<kw name="POST Endpoint /carrinhos" library="carrinhos_keywords">
<kw name="Create Dictionary" library="BuiltIn">
<var>${header}</var>
<arg>Authorization=${token_auth}</arg>
<doc>Creates and returns a dictionary based on the given ``items``.</doc>
<msg timestamp="20220803 01:46:06.338" level="INFO">${header} = {'Authorization': 'Bearer eyJhbGciOiJIUzI1NiIsInR5cCI6IkpXVCJ9.eyJlbWFpbCI6ImVyaWNyZWVzZUBleGFtcGxlLmNvbSIsInBhc3N3b3JkIjoiMUMzT3RMaUpAeSIsImlhdCI6MTY1OTUwMTk2NiwiZXhwIjoxNjU5NTAyNTY2fQ.z5EjS5irzD7JBv...</msg>
<status status="PASS" starttime="20220803 01:46:06.338" endtime="20220803 01:46:06.338"/>
</kw>
<kw name="POST On Session" library="RequestsLibrary">
<var>${response}</var>
<arg>serverest</arg>
<arg>/carrinhos</arg>
<arg>json=${payload}</arg>
<arg>expected_status=anything</arg>
<arg>headers=${header}</arg>
<doc>Sends a POST request on a previously created HTTP Session.</doc>
<msg timestamp="20220803 01:46:06.343" level="INFO">POST Request : url=http://localhost:3000/carrinhos 
 path_url=/carrinhos 
 headers={'User-Agent': 'python-requests/2.28.1', 'Accept-Encoding': 'gzip, deflate', 'Accept': '*/*', 'Connection': 'keep-alive', 'Authorization': 'Bearer eyJhbGciOiJIUzI1NiIsInR5cCI6IkpXVCJ9.eyJlbWFpbCI6ImVyaWNyZWVzZUBleGFtcGxlLmNvbSIsInBhc3N3b3JkIjoiMUMzT3RMaUpAeSIsImlhdCI6MTY1OTUwMTk2NiwiZXhwIjoxNjU5NTAyNTY2fQ.z5EjS5irzD7JBv2tgIPmtZfZzg52BlP6rK_GVQ6q5Lo', 'Content-Length': '68', 'Content-Type': 'application/json'} 
 body=b'{"produtos": [{"idProduto": "BeeJh5lz3k6kSIzA", "quantidade": "4"}]}' 
 </msg>
<msg timestamp="20220803 01:46:06.343" level="INFO">POST Response : url=http://localhost:3000/carrinhos 
 status=201, reason=Created 
 headers={'Access-Control-Allow-Origin': '*', 'x-dns-prefetch-control': 'off', 'x-frame-options': 'SAMEORIGIN', 'strict-transport-security': 'max-age=15552000; includeSubDomains', 'x-download-options': 'noopen', 'x-content-type-options': 'nosniff', 'x-xss-protection': '1; mode=block', 'x-moesif-transaction-id': 'b406940f-18db-4d47-93d4-7bc32eec4e3b', 'Content-Type': 'application/json; charset=utf-8', 'Content-Length': '82', 'Date': 'Wed, 03 Aug 2022 04:46:06 GMT', 'Connection': 'keep-alive', 'Keep-Alive': 'timeout=5'} 
 body={
    "message": "Cadastro realizado com sucesso",
    "_id": "zKm4eO7Sz3nSGDSn"
} 
 </msg>
<msg timestamp="20220803 01:46:06.343" level="INFO">${response} = &lt;Response [201]&gt;</msg>
<status status="PASS" starttime="20220803 01:46:06.338" endtime="20220803 01:46:06.344"/>
</kw>
<kw name="Printar Conteudo Response" library="common">
<arg>${response}</arg>
<kw name="Log To Console" library="BuiltIn">
<arg>Response: ${response.content}</arg>
<doc>Logs the given message to the console.</doc>
<status status="PASS" starttime="20220803 01:46:06.344" endtime="20220803 01:46:06.345"/>
</kw>
<status status="PASS" starttime="20220803 01:46:06.344" endtime="20220803 01:46:06.345"/>
</kw>
<kw name="Set Global Variable" library="BuiltIn">
<arg>${response}</arg>
<doc>Makes a variable available globally in all tests and suites.</doc>
<msg timestamp="20220803 01:46:06.345" level="INFO">${response} = &lt;Response [201]&gt;</msg>
<status status="PASS" starttime="20220803 01:46:06.345" endtime="20220803 01:46:06.345"/>
</kw>
<status status="PASS" starttime="20220803 01:46:06.338" endtime="20220803 01:46:06.345"/>
</kw>
<status status="PASS" starttime="20220803 01:46:06.335" endtime="20220803 01:46:06.345"/>
</kw>
<kw name="Validar Status Code &quot;201&quot;" library="common" sourcename="Validar Status Code &quot;${statuscode}&quot;">
<kw name="Should Be True" library="BuiltIn">
<arg>${response.status_code} == ${statuscode}</arg>
<doc>Fails if the given condition is not true.</doc>
<status status="PASS" starttime="20220803 01:46:06.346" endtime="20220803 01:46:06.346"/>
</kw>
<status status="PASS" starttime="20220803 01:46:06.345" endtime="20220803 01:46:06.346"/>
</kw>
<kw name="Validar Mensagem: &quot;Cadastro realizado com sucesso&quot;" library="common" sourcename="Validar Mensagem: &quot;${mensagem}&quot;">
<kw name="Should Match" library="BuiltIn">
<arg>${response.json()["message"]}</arg>
<arg>${mensagem}</arg>
<doc>Fails if the given ``string`` does not match the given ``pattern``.</doc>
<status status="PASS" starttime="20220803 01:46:06.347" endtime="20220803 01:46:06.347"/>
</kw>
<status status="PASS" starttime="20220803 01:46:06.347" endtime="20220803 01:46:06.348"/>
</kw>
<kw name="DELETE Endpoint &quot;/carrinhos/cancelar-compra&quot;" library="carrinhos_keywords" sourcename="DELETE Endpoint &quot;${endpoint}&quot;">
<kw name="Create Dictionary" library="BuiltIn">
<var>${header}</var>
<arg>Authorization=${token_auth}</arg>
<doc>Creates and returns a dictionary based on the given ``items``.</doc>
<msg timestamp="20220803 01:46:06.348" level="INFO">${header} = {'Authorization': 'Bearer eyJhbGciOiJIUzI1NiIsInR5cCI6IkpXVCJ9.eyJlbWFpbCI6ImVyaWNyZWVzZUBleGFtcGxlLmNvbSIsInBhc3N3b3JkIjoiMUMzT3RMaUpAeSIsImlhdCI6MTY1OTUwMTk2NiwiZXhwIjoxNjU5NTAyNTY2fQ.z5EjS5irzD7JBv...</msg>
<status status="PASS" starttime="20220803 01:46:06.348" endtime="20220803 01:46:06.348"/>
</kw>
<kw name="DELETE On Session" library="RequestsLibrary">
<var>${response}</var>
<arg>serverest</arg>
<arg>${endpoint}</arg>
<arg>expected_status=anything</arg>
<arg>headers=${header}</arg>
<doc>Sends a DELETE request on a previously created HTTP Session.</doc>
<msg timestamp="20220803 01:46:06.352" level="INFO">DELETE Request : url=http://localhost:3000/carrinhos/cancelar-compra 
 path_url=/carrinhos/cancelar-compra 
 headers={'User-Agent': 'python-requests/2.28.1', 'Accept-Encoding': 'gzip, deflate', 'Accept': '*/*', 'Connection': 'keep-alive', 'Authorization': 'Bearer eyJhbGciOiJIUzI1NiIsInR5cCI6IkpXVCJ9.eyJlbWFpbCI6ImVyaWNyZWVzZUBleGFtcGxlLmNvbSIsInBhc3N3b3JkIjoiMUMzT3RMaUpAeSIsImlhdCI6MTY1OTUwMTk2NiwiZXhwIjoxNjU5NTAyNTY2fQ.z5EjS5irzD7JBv2tgIPmtZfZzg52BlP6rK_GVQ6q5Lo', 'Content-Length': '0'} 
 body=None 
 </msg>
<msg timestamp="20220803 01:46:06.352" level="INFO">DELETE Response : url=http://localhost:3000/carrinhos/cancelar-compra 
 status=200, reason=OK 
 headers={'Access-Control-Allow-Origin': '*', 'x-dns-prefetch-control': 'off', 'x-frame-options': 'SAMEORIGIN', 'strict-transport-security': 'max-age=15552000; includeSubDomains', 'x-download-options': 'noopen', 'x-content-type-options': 'nosniff', 'x-xss-protection': '1; mode=block', 'x-moesif-transaction-id': '7b25ef84-7866-40fa-afe9-a2e4ad6afcc4', 'Content-Type': 'application/json; charset=utf-8', 'Content-Length': '86', 'Date': 'Wed, 03 Aug 2022 04:46:06 GMT', 'Connection': 'keep-alive', 'Keep-Alive': 'timeout=5'} 
 body={
    "message": "Registro excluído com sucesso. Estoque dos produtos reabastecido"
} 
 </msg>
<msg timestamp="20220803 01:46:06.352" level="INFO">${response} = &lt;Response [200]&gt;</msg>
<status status="PASS" starttime="20220803 01:46:06.348" endtime="20220803 01:46:06.352"/>
</kw>
<kw name="Printar Conteudo Response" library="common">
<arg>${response}</arg>
<kw name="Log To Console" library="BuiltIn">
<arg>Response: ${response.content}</arg>
<doc>Logs the given message to the console.</doc>
<status status="PASS" starttime="20220803 01:46:06.353" endtime="20220803 01:46:06.353"/>
</kw>
<status status="PASS" starttime="20220803 01:46:06.352" endtime="20220803 01:46:06.353"/>
</kw>
<kw name="Set Global Variable" library="BuiltIn">
<arg>${response}</arg>
<doc>Makes a variable available globally in all tests and suites.</doc>
<msg timestamp="20220803 01:46:06.354" level="INFO">${response} = &lt;Response [200]&gt;</msg>
<status status="PASS" starttime="20220803 01:46:06.354" endtime="20220803 01:46:06.354"/>
</kw>
<status status="PASS" starttime="20220803 01:46:06.348" endtime="20220803 01:46:06.354"/>
</kw>
<kw name="Validar Status Code &quot;200&quot;" library="common" sourcename="Validar Status Code &quot;${statuscode}&quot;">
<kw name="Should Be True" library="BuiltIn">
<arg>${response.status_code} == ${statuscode}</arg>
<doc>Fails if the given condition is not true.</doc>
<status status="PASS" starttime="20220803 01:46:06.354" endtime="20220803 01:46:06.355"/>
</kw>
<status status="PASS" starttime="20220803 01:46:06.354" endtime="20220803 01:46:06.355"/>
</kw>
<kw name="Validar Mensagem: &quot;Registro excluído com sucesso. Estoque dos produtos reabastecido&quot;" library="common" sourcename="Validar Mensagem: &quot;${mensagem}&quot;">
<kw name="Should Match" library="BuiltIn">
<arg>${response.json()["message"]}</arg>
<arg>${mensagem}</arg>
<doc>Fails if the given ``string`` does not match the given ``pattern``.</doc>
<status status="PASS" starttime="20220803 01:46:06.356" endtime="20220803 01:46:06.356"/>
</kw>
<status status="PASS" starttime="20220803 01:46:06.355" endtime="20220803 01:46:06.356"/>
</kw>
<tag>POST201</tag>
<status status="PASS" starttime="20220803 01:46:06.313" endtime="20220803 01:46:06.356"/>
</test>
<test id="s1-t5" name="Cenário: POST Erro no Cadastro 400" line="39">
<kw name="Criar Sessao" library="base">
<kw name="Create Session" library="RequestsLibrary">
<arg>serverest</arg>
<arg>${BASE_URI}</arg>
<doc>Create Session: create a HTTP session to a server</doc>
<msg timestamp="20220803 01:46:06.357" level="INFO">Creating Session using : alias=serverest, url=http://localhost:3000, headers={},                     cookies={}, auth=None, timeout=None, proxies=None, verify=False,                     debug=0 </msg>
<status status="PASS" starttime="20220803 01:46:06.357" endtime="20220803 01:46:06.358"/>
</kw>
<status status="PASS" starttime="20220803 01:46:06.357" endtime="20220803 01:46:06.358"/>
</kw>
<kw name="Fazer Login e Armazenar Token" library="login_keywords">
<kw name="Fazer Login com Usuário Válido de Massa Estatica" library="login_keywords">
<kw name="Importar JSON Estatico" library="common">
<var>${json}</var>
<arg>json_login_ex.json</arg>
<kw name="Get File" library="OperatingSystem">
<var>${arquivo}</var>
<arg>${EXECDIR}/../support/fixtures/static/${nome_arquivo}</arg>
<doc>Returns the contents of a specified file.</doc>
<msg timestamp="20220803 01:46:06.359" level="INFO" html="true">Getting file '&lt;a href="file://C:\Users\enzoc\OneDrive\Área de Trabalho\RoboTron_Enzo_Ceron_Projeto_Final\support\fixtures\static\json_login_ex.json"&gt;C:\Users\enzoc\OneDrive\Área de Trabalho\RoboTron_Enzo_Ceron_Projeto_Final\support\fixtures\static\json_login_ex.json&lt;/a&gt;'.</msg>
<msg timestamp="20220803 01:46:06.359" level="INFO">${arquivo} = {
    "login_valido_sem_carrinho":{
        "email":"ericreese@example.com",
        "password":"1C3OtLiJ@y"
    },
    "login_email_invalido":{
        "email":"emailInvalido@gmail.com",
        "pas...</msg>
<status status="PASS" starttime="20220803 01:46:06.359" endtime="20220803 01:46:06.359"/>
</kw>
<kw name="Evaluate" library="BuiltIn">
<var>&amp;{data}</var>
<arg>json.loads('''${arquivo}''')</arg>
<arg>json</arg>
<doc>Evaluates the given expression in Python and returns the result.</doc>
<msg timestamp="20220803 01:46:06.359" level="INFO">&amp;{data} = { login_valido_sem_carrinho={'email': 'ericreese@example.com', 'password': '1C3OtLiJ@y'} | login_email_invalido={'email': 'emailInvalido@gmail.com', 'password': '98765'} | login_senha_invalida={'email...</msg>
<status status="PASS" starttime="20220803 01:46:06.359" endtime="20220803 01:46:06.359"/>
</kw>
<msg timestamp="20220803 01:46:06.359" level="INFO">${json} = {'login_valido_sem_carrinho': {'email': 'ericreese@example.com', 'password': '1C3OtLiJ@y'}, 'login_email_invalido': {'email': 'emailInvalido@gmail.com', 'password': '98765'}, 'login_senha_invalida': {...</msg>
<status status="PASS" starttime="20220803 01:46:06.358" endtime="20220803 01:46:06.360"/>
</kw>
<kw name="Set Variable" library="BuiltIn">
<var>${payload}</var>
<arg>${json["login_valido_sem_carrinho"]}</arg>
<doc>Returns the given values which can then be assigned to a variables.</doc>
<msg timestamp="20220803 01:46:06.360" level="INFO">${payload} = {'email': 'ericreese@example.com', 'password': '1C3OtLiJ@y'}</msg>
<status status="PASS" starttime="20220803 01:46:06.360" endtime="20220803 01:46:06.360"/>
</kw>
<kw name="Set Global Variable" library="BuiltIn">
<arg>${payload}</arg>
<doc>Makes a variable available globally in all tests and suites.</doc>
<msg timestamp="20220803 01:46:06.360" level="INFO">${payload} = {'email': 'ericreese@example.com', 'password': '1C3OtLiJ@y'}</msg>
<status status="PASS" starttime="20220803 01:46:06.360" endtime="20220803 01:46:06.360"/>
</kw>
<kw name="POST Endpoint /login" library="login_keywords">
<kw name="POST On Session" library="RequestsLibrary">
<var>${response}</var>
<arg>serverest</arg>
<arg>/login</arg>
<arg>json=&amp;{payload}</arg>
<arg>expected_status=anything</arg>
<doc>Sends a POST request on a previously created HTTP Session.</doc>
<msg timestamp="20220803 01:46:06.366" level="INFO">POST Request : url=http://localhost:3000/login 
 path_url=/login 
 headers={'User-Agent': 'python-requests/2.28.1', 'Accept-Encoding': 'gzip, deflate', 'Accept': '*/*', 'Connection': 'keep-alive', 'Content-Length': '60', 'Content-Type': 'application/json'} 
 body=b'{"email": "ericreese@example.com", "password": "1C3OtLiJ@y"}' 
 </msg>
<msg timestamp="20220803 01:46:06.366" level="INFO">POST Response : url=http://localhost:3000/login 
 status=200, reason=OK 
 headers={'Access-Control-Allow-Origin': '*', 'x-dns-prefetch-control': 'off', 'x-frame-options': 'SAMEORIGIN', 'strict-transport-security': 'max-age=15552000; includeSubDomains', 'x-download-options': 'noopen', 'x-content-type-options': 'nosniff', 'x-xss-protection': '1; mode=block', 'x-moesif-transaction-id': '7b1c8b8b-a416-4bdb-a709-b166652ce4d1', 'Content-Type': 'application/json; charset=utf-8', 'Content-Length': '283', 'Date': 'Wed, 03 Aug 2022 04:46:06 GMT', 'Connection': 'keep-alive', 'Keep-Alive': 'timeout=5'} 
 body={
    "message": "Login realizado com sucesso",
    "authorization": "Bearer eyJhbGciOiJIUzI1NiIsInR5cCI6IkpXVCJ9.eyJlbWFpbCI6ImVyaWNyZWVzZUBleGFtcGxlLmNvbSIsInBhc3N3b3JkIjoiMUMzT3RMaUpAeSIsImlhdCI6MTY1OTUwMTk2NiwiZXhwIjoxNjU5NTAyNTY2fQ.z5EjS5irzD7JBv2tgIPmtZfZzg52BlP6rK_GVQ6q5Lo"
} 
 </msg>
<msg timestamp="20220803 01:46:06.366" level="INFO">${response} = &lt;Response [200]&gt;</msg>
<status status="PASS" starttime="20220803 01:46:06.360" endtime="20220803 01:46:06.366"/>
</kw>
<kw name="Printar Conteudo Response" library="common">
<arg>${response}</arg>
<kw name="Log To Console" library="BuiltIn">
<arg>Response: ${response.content}</arg>
<doc>Logs the given message to the console.</doc>
<status status="PASS" starttime="20220803 01:46:06.366" endtime="20220803 01:46:06.367"/>
</kw>
<status status="PASS" starttime="20220803 01:46:06.366" endtime="20220803 01:46:06.367"/>
</kw>
<kw name="Set Global Variable" library="BuiltIn">
<arg>${response}</arg>
<doc>Makes a variable available globally in all tests and suites.</doc>
<msg timestamp="20220803 01:46:06.368" level="INFO">${response} = &lt;Response [200]&gt;</msg>
<status status="PASS" starttime="20220803 01:46:06.367" endtime="20220803 01:46:06.368"/>
</kw>
<status status="PASS" starttime="20220803 01:46:06.360" endtime="20220803 01:46:06.368"/>
</kw>
<status status="PASS" starttime="20220803 01:46:06.358" endtime="20220803 01:46:06.368"/>
</kw>
<kw name="Validar Ter Logado" library="login_keywords">
<kw name="Should Be Equal" library="BuiltIn">
<arg>${response.json()["message"]}</arg>
<arg>Login realizado com sucesso</arg>
<doc>Fails if the given objects are unequal.</doc>
<status status="PASS" starttime="20220803 01:46:06.368" endtime="20220803 01:46:06.368"/>
</kw>
<kw name="Should Not Be Empty" library="BuiltIn">
<arg>${response.json()["authorization"]}</arg>
<doc>Verifies that the given item is not empty.</doc>
<msg timestamp="20220803 01:46:06.369" level="INFO">Length is 210</msg>
<status status="PASS" starttime="20220803 01:46:06.369" endtime="20220803 01:46:06.369"/>
</kw>
<status status="PASS" starttime="20220803 01:46:06.368" endtime="20220803 01:46:06.369"/>
</kw>
<kw name="Set Variable" library="BuiltIn">
<var>${token_auth}</var>
<arg>${response.json()["authorization"]}</arg>
<doc>Returns the given values which can then be assigned to a variables.</doc>
<msg timestamp="20220803 01:46:06.369" level="INFO">${token_auth} = Bearer eyJhbGciOiJIUzI1NiIsInR5cCI6IkpXVCJ9.eyJlbWFpbCI6ImVyaWNyZWVzZUBleGFtcGxlLmNvbSIsInBhc3N3b3JkIjoiMUMzT3RMaUpAeSIsImlhdCI6MTY1OTUwMTk2NiwiZXhwIjoxNjU5NTAyNTY2fQ.z5EjS5irzD7JBv2tgIPmtZfZzg52BlP6r...</msg>
<status status="PASS" starttime="20220803 01:46:06.369" endtime="20220803 01:46:06.369"/>
</kw>
<kw name="Set Global Variable" library="BuiltIn">
<arg>${token_auth}</arg>
<doc>Makes a variable available globally in all tests and suites.</doc>
<msg timestamp="20220803 01:46:06.370" level="INFO">${token_auth} = Bearer eyJhbGciOiJIUzI1NiIsInR5cCI6IkpXVCJ9.eyJlbWFpbCI6ImVyaWNyZWVzZUBleGFtcGxlLmNvbSIsInBhc3N3b3JkIjoiMUMzT3RMaUpAeSIsImlhdCI6MTY1OTUwMTk2NiwiZXhwIjoxNjU5NTAyNTY2fQ.z5EjS5irzD7JBv2tgIPmtZfZzg52BlP6r...</msg>
<status status="PASS" starttime="20220803 01:46:06.369" endtime="20220803 01:46:06.370"/>
</kw>
<status status="PASS" starttime="20220803 01:46:06.358" endtime="20220803 01:46:06.370"/>
</kw>
<kw name="Criar Carrinho Estatico Valido" library="carrinhos_keywords">
<kw name="Importar JSON Estatico" library="common">
<var>${json}</var>
<arg>json_carrinhos_ex.json</arg>
<kw name="Get File" library="OperatingSystem">
<var>${arquivo}</var>
<arg>${EXECDIR}/../support/fixtures/static/${nome_arquivo}</arg>
<doc>Returns the contents of a specified file.</doc>
<msg timestamp="20220803 01:46:06.370" level="INFO" html="true">Getting file '&lt;a href="file://C:\Users\enzoc\OneDrive\Área de Trabalho\RoboTron_Enzo_Ceron_Projeto_Final\support\fixtures\static\json_carrinhos_ex.json"&gt;C:\Users\enzoc\OneDrive\Área de Trabalho\RoboTron_Enzo_Ceron_Projeto_Final\support\fixtures\static\json_carrinhos_ex.json&lt;/a&gt;'.</msg>
<msg timestamp="20220803 01:46:06.371" level="INFO">${arquivo} = {
    "carrinho1":{
        "produtos": [
            {   "idProduto":"BeeJh5lz3k6kSIzA",
                "quantidade":"4"
            }
          ]
    },
    "carrinho2":{
        "produtos": [
    ...</msg>
<status status="PASS" starttime="20220803 01:46:06.370" endtime="20220803 01:46:06.371"/>
</kw>
<kw name="Evaluate" library="BuiltIn">
<var>&amp;{data}</var>
<arg>json.loads('''${arquivo}''')</arg>
<arg>json</arg>
<doc>Evaluates the given expression in Python and returns the result.</doc>
<msg timestamp="20220803 01:46:06.371" level="INFO">&amp;{data} = { carrinho1={'produtos': [{'idProduto': 'BeeJh5lz3k6kSIzA', 'quantidade': '4'}]} | carrinho2={'produtos': [{'idProduto': 'BeeJh5lz3k6kSIzA', 'quantidade': '2'}, {'idProduto': 'YaeJ455lz3k6kSIzA', 'qua...</msg>
<status status="PASS" starttime="20220803 01:46:06.371" endtime="20220803 01:46:06.371"/>
</kw>
<msg timestamp="20220803 01:46:06.371" level="INFO">${json} = {'carrinho1': {'produtos': [{'idProduto': 'BeeJh5lz3k6kSIzA', 'quantidade': '4'}]}, 'carrinho2': {'produtos': [{'idProduto': 'BeeJh5lz3k6kSIzA', 'quantidade': '2'}, {'idProduto': 'YaeJ455lz3k6kSIzA', ...</msg>
<status status="PASS" starttime="20220803 01:46:06.370" endtime="20220803 01:46:06.371"/>
</kw>
<kw name="Set Variable" library="BuiltIn">
<var>${payload}</var>
<arg>${json["carrinho1"]}</arg>
<doc>Returns the given values which can then be assigned to a variables.</doc>
<msg timestamp="20220803 01:46:06.372" level="INFO">${payload} = {'produtos': [{'idProduto': 'BeeJh5lz3k6kSIzA', 'quantidade': '4'}]}</msg>
<status status="PASS" starttime="20220803 01:46:06.371" endtime="20220803 01:46:06.372"/>
</kw>
<kw name="Set Global Variable" library="BuiltIn">
<arg>${payload}</arg>
<doc>Makes a variable available globally in all tests and suites.</doc>
<msg timestamp="20220803 01:46:06.372" level="INFO">${payload} = {'produtos': [{'idProduto': 'BeeJh5lz3k6kSIzA', 'quantidade': '4'}]}</msg>
<status status="PASS" starttime="20220803 01:46:06.372" endtime="20220803 01:46:06.372"/>
</kw>
<kw name="POST Endpoint /carrinhos" library="carrinhos_keywords">
<kw name="Create Dictionary" library="BuiltIn">
<var>${header}</var>
<arg>Authorization=${token_auth}</arg>
<doc>Creates and returns a dictionary based on the given ``items``.</doc>
<msg timestamp="20220803 01:46:06.372" level="INFO">${header} = {'Authorization': 'Bearer eyJhbGciOiJIUzI1NiIsInR5cCI6IkpXVCJ9.eyJlbWFpbCI6ImVyaWNyZWVzZUBleGFtcGxlLmNvbSIsInBhc3N3b3JkIjoiMUMzT3RMaUpAeSIsImlhdCI6MTY1OTUwMTk2NiwiZXhwIjoxNjU5NTAyNTY2fQ.z5EjS5irzD7JBv...</msg>
<status status="PASS" starttime="20220803 01:46:06.372" endtime="20220803 01:46:06.372"/>
</kw>
<kw name="POST On Session" library="RequestsLibrary">
<var>${response}</var>
<arg>serverest</arg>
<arg>/carrinhos</arg>
<arg>json=${payload}</arg>
<arg>expected_status=anything</arg>
<arg>headers=${header}</arg>
<doc>Sends a POST request on a previously created HTTP Session.</doc>
<msg timestamp="20220803 01:46:06.377" level="INFO">POST Request : url=http://localhost:3000/carrinhos 
 path_url=/carrinhos 
 headers={'User-Agent': 'python-requests/2.28.1', 'Accept-Encoding': 'gzip, deflate', 'Accept': '*/*', 'Connection': 'keep-alive', 'Authorization': 'Bearer eyJhbGciOiJIUzI1NiIsInR5cCI6IkpXVCJ9.eyJlbWFpbCI6ImVyaWNyZWVzZUBleGFtcGxlLmNvbSIsInBhc3N3b3JkIjoiMUMzT3RMaUpAeSIsImlhdCI6MTY1OTUwMTk2NiwiZXhwIjoxNjU5NTAyNTY2fQ.z5EjS5irzD7JBv2tgIPmtZfZzg52BlP6rK_GVQ6q5Lo', 'Content-Length': '68', 'Content-Type': 'application/json'} 
 body=b'{"produtos": [{"idProduto": "BeeJh5lz3k6kSIzA", "quantidade": "4"}]}' 
 </msg>
<msg timestamp="20220803 01:46:06.377" level="INFO">POST Response : url=http://localhost:3000/carrinhos 
 status=201, reason=Created 
 headers={'Access-Control-Allow-Origin': '*', 'x-dns-prefetch-control': 'off', 'x-frame-options': 'SAMEORIGIN', 'strict-transport-security': 'max-age=15552000; includeSubDomains', 'x-download-options': 'noopen', 'x-content-type-options': 'nosniff', 'x-xss-protection': '1; mode=block', 'x-moesif-transaction-id': '03daadb3-1afb-4b15-90b3-5a4791e86e3f', 'Content-Type': 'application/json; charset=utf-8', 'Content-Length': '82', 'Date': 'Wed, 03 Aug 2022 04:46:06 GMT', 'Connection': 'keep-alive', 'Keep-Alive': 'timeout=5'} 
 body={
    "message": "Cadastro realizado com sucesso",
    "_id": "5OrJxmUL6Tyq2XSW"
} 
 </msg>
<msg timestamp="20220803 01:46:06.377" level="INFO">${response} = &lt;Response [201]&gt;</msg>
<status status="PASS" starttime="20220803 01:46:06.372" endtime="20220803 01:46:06.377"/>
</kw>
<kw name="Printar Conteudo Response" library="common">
<arg>${response}</arg>
<kw name="Log To Console" library="BuiltIn">
<arg>Response: ${response.content}</arg>
<doc>Logs the given message to the console.</doc>
<status status="PASS" starttime="20220803 01:46:06.378" endtime="20220803 01:46:06.378"/>
</kw>
<status status="PASS" starttime="20220803 01:46:06.377" endtime="20220803 01:46:06.378"/>
</kw>
<kw name="Set Global Variable" library="BuiltIn">
<arg>${response}</arg>
<doc>Makes a variable available globally in all tests and suites.</doc>
<msg timestamp="20220803 01:46:06.379" level="INFO">${response} = &lt;Response [201]&gt;</msg>
<status status="PASS" starttime="20220803 01:46:06.378" endtime="20220803 01:46:06.379"/>
</kw>
<status status="PASS" starttime="20220803 01:46:06.372" endtime="20220803 01:46:06.379"/>
</kw>
<status status="PASS" starttime="20220803 01:46:06.370" endtime="20220803 01:46:06.379"/>
</kw>
<kw name="Validar Status Code &quot;201&quot;" library="common" sourcename="Validar Status Code &quot;${statuscode}&quot;">
<kw name="Should Be True" library="BuiltIn">
<arg>${response.status_code} == ${statuscode}</arg>
<doc>Fails if the given condition is not true.</doc>
<status status="PASS" starttime="20220803 01:46:06.379" endtime="20220803 01:46:06.380"/>
</kw>
<status status="PASS" starttime="20220803 01:46:06.379" endtime="20220803 01:46:06.380"/>
</kw>
<kw name="Validar Mensagem: &quot;Cadastro realizado com sucesso&quot;" library="common" sourcename="Validar Mensagem: &quot;${mensagem}&quot;">
<kw name="Should Match" library="BuiltIn">
<arg>${response.json()["message"]}</arg>
<arg>${mensagem}</arg>
<doc>Fails if the given ``string`` does not match the given ``pattern``.</doc>
<status status="PASS" starttime="20220803 01:46:06.380" endtime="20220803 01:46:06.381"/>
</kw>
<status status="PASS" starttime="20220803 01:46:06.380" endtime="20220803 01:46:06.381"/>
</kw>
<kw name="Criar Outro Carrinho Estatico Valido Para o Mesmo Usuario" library="carrinhos_keywords">
<kw name="Importar JSON Estatico" library="common">
<var>${json}</var>
<arg>json_carrinhos_ex.json</arg>
<kw name="Get File" library="OperatingSystem">
<var>${arquivo}</var>
<arg>${EXECDIR}/../support/fixtures/static/${nome_arquivo}</arg>
<doc>Returns the contents of a specified file.</doc>
<msg timestamp="20220803 01:46:06.382" level="INFO" html="true">Getting file '&lt;a href="file://C:\Users\enzoc\OneDrive\Área de Trabalho\RoboTron_Enzo_Ceron_Projeto_Final\support\fixtures\static\json_carrinhos_ex.json"&gt;C:\Users\enzoc\OneDrive\Área de Trabalho\RoboTron_Enzo_Ceron_Projeto_Final\support\fixtures\static\json_carrinhos_ex.json&lt;/a&gt;'.</msg>
<msg timestamp="20220803 01:46:06.382" level="INFO">${arquivo} = {
    "carrinho1":{
        "produtos": [
            {   "idProduto":"BeeJh5lz3k6kSIzA",
                "quantidade":"4"
            }
          ]
    },
    "carrinho2":{
        "produtos": [
    ...</msg>
<status status="PASS" starttime="20220803 01:46:06.382" endtime="20220803 01:46:06.382"/>
</kw>
<kw name="Evaluate" library="BuiltIn">
<var>&amp;{data}</var>
<arg>json.loads('''${arquivo}''')</arg>
<arg>json</arg>
<doc>Evaluates the given expression in Python and returns the result.</doc>
<msg timestamp="20220803 01:46:06.382" level="INFO">&amp;{data} = { carrinho1={'produtos': [{'idProduto': 'BeeJh5lz3k6kSIzA', 'quantidade': '4'}]} | carrinho2={'produtos': [{'idProduto': 'BeeJh5lz3k6kSIzA', 'quantidade': '2'}, {'idProduto': 'YaeJ455lz3k6kSIzA', 'qua...</msg>
<status status="PASS" starttime="20220803 01:46:06.382" endtime="20220803 01:46:06.382"/>
</kw>
<msg timestamp="20220803 01:46:06.383" level="INFO">${json} = {'carrinho1': {'produtos': [{'idProduto': 'BeeJh5lz3k6kSIzA', 'quantidade': '4'}]}, 'carrinho2': {'produtos': [{'idProduto': 'BeeJh5lz3k6kSIzA', 'quantidade': '2'}, {'idProduto': 'YaeJ455lz3k6kSIzA', ...</msg>
<status status="PASS" starttime="20220803 01:46:06.381" endtime="20220803 01:46:06.383"/>
</kw>
<kw name="Set Variable" library="BuiltIn">
<var>${payload}</var>
<arg>${json["carrinho2"]}</arg>
<doc>Returns the given values which can then be assigned to a variables.</doc>
<msg timestamp="20220803 01:46:06.383" level="INFO">${payload} = {'produtos': [{'idProduto': 'BeeJh5lz3k6kSIzA', 'quantidade': '2'}, {'idProduto': 'YaeJ455lz3k6kSIzA', 'quantidade': '3'}]}</msg>
<status status="PASS" starttime="20220803 01:46:06.383" endtime="20220803 01:46:06.383"/>
</kw>
<kw name="Set Global Variable" library="BuiltIn">
<arg>${payload}</arg>
<doc>Makes a variable available globally in all tests and suites.</doc>
<msg timestamp="20220803 01:46:06.383" level="INFO">${payload} = {'produtos': [{'idProduto': 'BeeJh5lz3k6kSIzA', 'quantidade': '2'}, {'idProduto': 'YaeJ455lz3k6kSIzA', 'quantidade': '3'}]}</msg>
<status status="PASS" starttime="20220803 01:46:06.383" endtime="20220803 01:46:06.383"/>
</kw>
<kw name="POST Outro Carrinho para Mesmo Usuario" library="carrinhos_keywords">
<kw name="Create Dictionary" library="BuiltIn">
<var>${header}</var>
<arg>Authorization=${token_auth}</arg>
<doc>Creates and returns a dictionary based on the given ``items``.</doc>
<msg timestamp="20220803 01:46:06.384" level="INFO">${header} = {'Authorization': 'Bearer eyJhbGciOiJIUzI1NiIsInR5cCI6IkpXVCJ9.eyJlbWFpbCI6ImVyaWNyZWVzZUBleGFtcGxlLmNvbSIsInBhc3N3b3JkIjoiMUMzT3RMaUpAeSIsImlhdCI6MTY1OTUwMTk2NiwiZXhwIjoxNjU5NTAyNTY2fQ.z5EjS5irzD7JBv...</msg>
<status status="PASS" starttime="20220803 01:46:06.384" endtime="20220803 01:46:06.384"/>
</kw>
<kw name="POST On Session" library="RequestsLibrary">
<var>${response}</var>
<arg>serverest</arg>
<arg>/carrinhos</arg>
<arg>json=${payload}</arg>
<arg>expected_status=anything</arg>
<arg>headers=${header}</arg>
<doc>Sends a POST request on a previously created HTTP Session.</doc>
<msg timestamp="20220803 01:46:06.388" level="INFO">POST Request : url=http://localhost:3000/carrinhos 
 path_url=/carrinhos 
 headers={'User-Agent': 'python-requests/2.28.1', 'Accept-Encoding': 'gzip, deflate', 'Accept': '*/*', 'Connection': 'keep-alive', 'Authorization': 'Bearer eyJhbGciOiJIUzI1NiIsInR5cCI6IkpXVCJ9.eyJlbWFpbCI6ImVyaWNyZWVzZUBleGFtcGxlLmNvbSIsInBhc3N3b3JkIjoiMUMzT3RMaUpAeSIsImlhdCI6MTY1OTUwMTk2NiwiZXhwIjoxNjU5NTAyNTY2fQ.z5EjS5irzD7JBv2tgIPmtZfZzg52BlP6rK_GVQ6q5Lo', 'Content-Length': '123', 'Content-Type': 'application/json'} 
 body=b'{"produtos": [{"idProduto": "BeeJh5lz3k6kSIzA", "quantidade": "2"}, {"idProduto": "YaeJ455lz3k6kSIzA", "quantidade": "3"}]}' 
 </msg>
<msg timestamp="20220803 01:46:06.388" level="INFO">POST Response : url=http://localhost:3000/carrinhos 
 status=400, reason=Bad Request 
 headers={'Access-Control-Allow-Origin': '*', 'x-dns-prefetch-control': 'off', 'x-frame-options': 'SAMEORIGIN', 'strict-transport-security': 'max-age=15552000; includeSubDomains', 'x-download-options': 'noopen', 'x-content-type-options': 'nosniff', 'x-xss-protection': '1; mode=block', 'x-moesif-transaction-id': '22a97421-2d88-4a1b-82b8-0a517eab0274', 'Content-Type': 'application/json; charset=utf-8', 'Content-Length': '61', 'Date': 'Wed, 03 Aug 2022 04:46:06 GMT', 'Connection': 'keep-alive', 'Keep-Alive': 'timeout=5'} 
 body={
    "message": "Não é permitido ter mais de 1 carrinho"
} 
 </msg>
<msg timestamp="20220803 01:46:06.388" level="INFO">${response} = &lt;Response [400]&gt;</msg>
<status status="PASS" starttime="20220803 01:46:06.384" endtime="20220803 01:46:06.388"/>
</kw>
<kw name="Printar Conteudo Response" library="common">
<arg>${response}</arg>
<kw name="Log To Console" library="BuiltIn">
<arg>Response: ${response.content}</arg>
<doc>Logs the given message to the console.</doc>
<status status="PASS" starttime="20220803 01:46:06.388" endtime="20220803 01:46:06.389"/>
</kw>
<status status="PASS" starttime="20220803 01:46:06.388" endtime="20220803 01:46:06.389"/>
</kw>
<kw name="Set Global Variable" library="BuiltIn">
<arg>${response}</arg>
<doc>Makes a variable available globally in all tests and suites.</doc>
<msg timestamp="20220803 01:46:06.389" level="INFO">${response} = &lt;Response [400]&gt;</msg>
<status status="PASS" starttime="20220803 01:46:06.389" endtime="20220803 01:46:06.389"/>
</kw>
<status status="PASS" starttime="20220803 01:46:06.383" endtime="20220803 01:46:06.389"/>
</kw>
<status status="PASS" starttime="20220803 01:46:06.381" endtime="20220803 01:46:06.390"/>
</kw>
<kw name="Validar Status Code &quot;400&quot;" library="common" sourcename="Validar Status Code &quot;${statuscode}&quot;">
<kw name="Should Be True" library="BuiltIn">
<arg>${response.status_code} == ${statuscode}</arg>
<doc>Fails if the given condition is not true.</doc>
<status status="PASS" starttime="20220803 01:46:06.390" endtime="20220803 01:46:06.391"/>
</kw>
<status status="PASS" starttime="20220803 01:46:06.390" endtime="20220803 01:46:06.391"/>
</kw>
<kw name="Validar Mensagem: &quot;Não é permitido ter mais de 1 carrinho&quot;" library="common" sourcename="Validar Mensagem: &quot;${mensagem}&quot;">
<kw name="Should Match" library="BuiltIn">
<arg>${response.json()["message"]}</arg>
<arg>${mensagem}</arg>
<doc>Fails if the given ``string`` does not match the given ``pattern``.</doc>
<status status="PASS" starttime="20220803 01:46:06.391" endtime="20220803 01:46:06.392"/>
</kw>
<status status="PASS" starttime="20220803 01:46:06.391" endtime="20220803 01:46:06.392"/>
</kw>
<kw name="DELETE Endpoint &quot;/carrinhos/cancelar-compra&quot;" library="carrinhos_keywords" sourcename="DELETE Endpoint &quot;${endpoint}&quot;">
<kw name="Create Dictionary" library="BuiltIn">
<var>${header}</var>
<arg>Authorization=${token_auth}</arg>
<doc>Creates and returns a dictionary based on the given ``items``.</doc>
<msg timestamp="20220803 01:46:06.392" level="INFO">${header} = {'Authorization': 'Bearer eyJhbGciOiJIUzI1NiIsInR5cCI6IkpXVCJ9.eyJlbWFpbCI6ImVyaWNyZWVzZUBleGFtcGxlLmNvbSIsInBhc3N3b3JkIjoiMUMzT3RMaUpAeSIsImlhdCI6MTY1OTUwMTk2NiwiZXhwIjoxNjU5NTAyNTY2fQ.z5EjS5irzD7JBv...</msg>
<status status="PASS" starttime="20220803 01:46:06.392" endtime="20220803 01:46:06.392"/>
</kw>
<kw name="DELETE On Session" library="RequestsLibrary">
<var>${response}</var>
<arg>serverest</arg>
<arg>${endpoint}</arg>
<arg>expected_status=anything</arg>
<arg>headers=${header}</arg>
<doc>Sends a DELETE request on a previously created HTTP Session.</doc>
<msg timestamp="20220803 01:46:06.398" level="INFO">DELETE Request : url=http://localhost:3000/carrinhos/cancelar-compra 
 path_url=/carrinhos/cancelar-compra 
 headers={'User-Agent': 'python-requests/2.28.1', 'Accept-Encoding': 'gzip, deflate', 'Accept': '*/*', 'Connection': 'keep-alive', 'Authorization': 'Bearer eyJhbGciOiJIUzI1NiIsInR5cCI6IkpXVCJ9.eyJlbWFpbCI6ImVyaWNyZWVzZUBleGFtcGxlLmNvbSIsInBhc3N3b3JkIjoiMUMzT3RMaUpAeSIsImlhdCI6MTY1OTUwMTk2NiwiZXhwIjoxNjU5NTAyNTY2fQ.z5EjS5irzD7JBv2tgIPmtZfZzg52BlP6rK_GVQ6q5Lo', 'Content-Length': '0'} 
 body=None 
 </msg>
<msg timestamp="20220803 01:46:06.398" level="INFO">DELETE Response : url=http://localhost:3000/carrinhos/cancelar-compra 
 status=200, reason=OK 
 headers={'Access-Control-Allow-Origin': '*', 'x-dns-prefetch-control': 'off', 'x-frame-options': 'SAMEORIGIN', 'strict-transport-security': 'max-age=15552000; includeSubDomains', 'x-download-options': 'noopen', 'x-content-type-options': 'nosniff', 'x-xss-protection': '1; mode=block', 'x-moesif-transaction-id': '95a100f6-1b43-4b4f-beae-00bf40fd46e3', 'Content-Type': 'application/json; charset=utf-8', 'Content-Length': '86', 'Date': 'Wed, 03 Aug 2022 04:46:06 GMT', 'Connection': 'keep-alive', 'Keep-Alive': 'timeout=5'} 
 body={
    "message": "Registro excluído com sucesso. Estoque dos produtos reabastecido"
} 
 </msg>
<msg timestamp="20220803 01:46:06.398" level="INFO">${response} = &lt;Response [200]&gt;</msg>
<status status="PASS" starttime="20220803 01:46:06.392" endtime="20220803 01:46:06.398"/>
</kw>
<kw name="Printar Conteudo Response" library="common">
<arg>${response}</arg>
<kw name="Log To Console" library="BuiltIn">
<arg>Response: ${response.content}</arg>
<doc>Logs the given message to the console.</doc>
<status status="PASS" starttime="20220803 01:46:06.398" endtime="20220803 01:46:06.399"/>
</kw>
<status status="PASS" starttime="20220803 01:46:06.398" endtime="20220803 01:46:06.399"/>
</kw>
<kw name="Set Global Variable" library="BuiltIn">
<arg>${response}</arg>
<doc>Makes a variable available globally in all tests and suites.</doc>
<msg timestamp="20220803 01:46:06.400" level="INFO">${response} = &lt;Response [200]&gt;</msg>
<status status="PASS" starttime="20220803 01:46:06.399" endtime="20220803 01:46:06.400"/>
</kw>
<status status="PASS" starttime="20220803 01:46:06.392" endtime="20220803 01:46:06.400"/>
</kw>
<kw name="Validar Status Code &quot;200&quot;" library="common" sourcename="Validar Status Code &quot;${statuscode}&quot;">
<kw name="Should Be True" library="BuiltIn">
<arg>${response.status_code} == ${statuscode}</arg>
<doc>Fails if the given condition is not true.</doc>
<status status="PASS" starttime="20220803 01:46:06.400" endtime="20220803 01:46:06.401"/>
</kw>
<status status="PASS" starttime="20220803 01:46:06.400" endtime="20220803 01:46:06.401"/>
</kw>
<kw name="Validar Mensagem: &quot;Registro excluído com sucesso. Estoque dos produtos reabastecido&quot;" library="common" sourcename="Validar Mensagem: &quot;${mensagem}&quot;">
<kw name="Should Match" library="BuiltIn">
<arg>${response.json()["message"]}</arg>
<arg>${mensagem}</arg>
<doc>Fails if the given ``string`` does not match the given ``pattern``.</doc>
<status status="PASS" starttime="20220803 01:46:06.402" endtime="20220803 01:46:06.402"/>
</kw>
<status status="PASS" starttime="20220803 01:46:06.401" endtime="20220803 01:46:06.402"/>
</kw>
<tag>POST400</tag>
<status status="PASS" starttime="20220803 01:46:06.357" endtime="20220803 01:46:06.402"/>
</test>
<test id="s1-t6" name="Cenário: POST Erro no Token 401" line="53">
<kw name="Criar Sessao" library="base">
<kw name="Create Session" library="RequestsLibrary">
<arg>serverest</arg>
<arg>${BASE_URI}</arg>
<doc>Create Session: create a HTTP session to a server</doc>
<msg timestamp="20220803 01:46:06.403" level="INFO">Creating Session using : alias=serverest, url=http://localhost:3000, headers={},                     cookies={}, auth=None, timeout=None, proxies=None, verify=False,                     debug=0 </msg>
<status status="PASS" starttime="20220803 01:46:06.403" endtime="20220803 01:46:06.404"/>
</kw>
<status status="PASS" starttime="20220803 01:46:06.403" endtime="20220803 01:46:06.404"/>
</kw>
<kw name="POST Carrinho Sem Token" library="carrinhos_keywords">
<kw name="POST On Session" library="RequestsLibrary">
<var>${response}</var>
<arg>serverest</arg>
<arg>/carrinhos</arg>
<arg>json=${payload}</arg>
<arg>expected_status=anything</arg>
<doc>Sends a POST request on a previously created HTTP Session.</doc>
<msg timestamp="20220803 01:46:06.408" level="INFO">POST Request : url=http://localhost:3000/carrinhos 
 path_url=/carrinhos 
 headers={'User-Agent': 'python-requests/2.28.1', 'Accept-Encoding': 'gzip, deflate', 'Accept': '*/*', 'Connection': 'keep-alive', 'Content-Length': '123', 'Content-Type': 'application/json'} 
 body=b'{"produtos": [{"idProduto": "BeeJh5lz3k6kSIzA", "quantidade": "2"}, {"idProduto": "YaeJ455lz3k6kSIzA", "quantidade": "3"}]}' 
 </msg>
<msg timestamp="20220803 01:46:06.408" level="INFO">POST Response : url=http://localhost:3000/carrinhos 
 status=401, reason=Unauthorized 
 headers={'Access-Control-Allow-Origin': '*', 'x-dns-prefetch-control': 'off', 'x-frame-options': 'SAMEORIGIN', 'strict-transport-security': 'max-age=15552000; includeSubDomains', 'x-download-options': 'noopen', 'x-content-type-options': 'nosniff', 'x-xss-protection': '1; mode=block', 'x-moesif-transaction-id': '7b05c75a-caac-417f-923c-8d6386db1b2e', 'Content-Type': 'application/json; charset=utf-8', 'Content-Length': '103', 'Date': 'Wed, 03 Aug 2022 04:46:06 GMT', 'Connection': 'keep-alive', 'Keep-Alive': 'timeout=5'} 
 body={
    "message": "Token de acesso ausente, inválido, expirado ou usuário do token não existe mais"
} 
 </msg>
<msg timestamp="20220803 01:46:06.408" level="INFO">${response} = &lt;Response [401]&gt;</msg>
<status status="PASS" starttime="20220803 01:46:06.404" endtime="20220803 01:46:06.408"/>
</kw>
<kw name="Printar Conteudo Response" library="common">
<arg>${response}</arg>
<kw name="Log To Console" library="BuiltIn">
<arg>Response: ${response.content}</arg>
<doc>Logs the given message to the console.</doc>
<status status="PASS" starttime="20220803 01:46:06.409" endtime="20220803 01:46:06.410"/>
</kw>
<status status="PASS" starttime="20220803 01:46:06.408" endtime="20220803 01:46:06.410"/>
</kw>
<kw name="Set Global Variable" library="BuiltIn">
<arg>${response}</arg>
<doc>Makes a variable available globally in all tests and suites.</doc>
<msg timestamp="20220803 01:46:06.410" level="INFO">${response} = &lt;Response [401]&gt;</msg>
<status status="PASS" starttime="20220803 01:46:06.410" endtime="20220803 01:46:06.410"/>
</kw>
<status status="PASS" starttime="20220803 01:46:06.404" endtime="20220803 01:46:06.410"/>
</kw>
<kw name="Validar Status Code &quot;401&quot;" library="common" sourcename="Validar Status Code &quot;${statuscode}&quot;">
<kw name="Should Be True" library="BuiltIn">
<arg>${response.status_code} == ${statuscode}</arg>
<doc>Fails if the given condition is not true.</doc>
<status status="PASS" starttime="20220803 01:46:06.410" endtime="20220803 01:46:06.411"/>
</kw>
<status status="PASS" starttime="20220803 01:46:06.410" endtime="20220803 01:46:06.411"/>
</kw>
<kw name="Validar Mensagem: &quot;Token de acesso ausente, inválido, expirado ou usuário do token não existe mais&quot;" library="common" sourcename="Validar Mensagem: &quot;${mensagem}&quot;">
<kw name="Should Match" library="BuiltIn">
<arg>${response.json()["message"]}</arg>
<arg>${mensagem}</arg>
<doc>Fails if the given ``string`` does not match the given ``pattern``.</doc>
<status status="PASS" starttime="20220803 01:46:06.412" endtime="20220803 01:46:06.412"/>
</kw>
<status status="PASS" starttime="20220803 01:46:06.411" endtime="20220803 01:46:06.412"/>
</kw>
<tag>POST401</tag>
<status status="PASS" starttime="20220803 01:46:06.403" endtime="20220803 01:46:06.412"/>
</test>
<test id="s1-t7" name="Cenário: DELETE Concluir Compra e Excluir Carrinho 200" line="60">
<kw name="Criar Sessao" library="base">
<kw name="Create Session" library="RequestsLibrary">
<arg>serverest</arg>
<arg>${BASE_URI}</arg>
<doc>Create Session: create a HTTP session to a server</doc>
<msg timestamp="20220803 01:46:06.414" level="INFO">Creating Session using : alias=serverest, url=http://localhost:3000, headers={},                     cookies={}, auth=None, timeout=None, proxies=None, verify=False,                     debug=0 </msg>
<status status="PASS" starttime="20220803 01:46:06.413" endtime="20220803 01:46:06.414"/>
</kw>
<status status="PASS" starttime="20220803 01:46:06.413" endtime="20220803 01:46:06.414"/>
</kw>
<kw name="Fazer Login e Armazenar Token" library="login_keywords">
<kw name="Fazer Login com Usuário Válido de Massa Estatica" library="login_keywords">
<kw name="Importar JSON Estatico" library="common">
<var>${json}</var>
<arg>json_login_ex.json</arg>
<kw name="Get File" library="OperatingSystem">
<var>${arquivo}</var>
<arg>${EXECDIR}/../support/fixtures/static/${nome_arquivo}</arg>
<doc>Returns the contents of a specified file.</doc>
<msg timestamp="20220803 01:46:06.415" level="INFO" html="true">Getting file '&lt;a href="file://C:\Users\enzoc\OneDrive\Área de Trabalho\RoboTron_Enzo_Ceron_Projeto_Final\support\fixtures\static\json_login_ex.json"&gt;C:\Users\enzoc\OneDrive\Área de Trabalho\RoboTron_Enzo_Ceron_Projeto_Final\support\fixtures\static\json_login_ex.json&lt;/a&gt;'.</msg>
<msg timestamp="20220803 01:46:06.415" level="INFO">${arquivo} = {
    "login_valido_sem_carrinho":{
        "email":"ericreese@example.com",
        "password":"1C3OtLiJ@y"
    },
    "login_email_invalido":{
        "email":"emailInvalido@gmail.com",
        "pas...</msg>
<status status="PASS" starttime="20220803 01:46:06.414" endtime="20220803 01:46:06.415"/>
</kw>
<kw name="Evaluate" library="BuiltIn">
<var>&amp;{data}</var>
<arg>json.loads('''${arquivo}''')</arg>
<arg>json</arg>
<doc>Evaluates the given expression in Python and returns the result.</doc>
<msg timestamp="20220803 01:46:06.415" level="INFO">&amp;{data} = { login_valido_sem_carrinho={'email': 'ericreese@example.com', 'password': '1C3OtLiJ@y'} | login_email_invalido={'email': 'emailInvalido@gmail.com', 'password': '98765'} | login_senha_invalida={'email...</msg>
<status status="PASS" starttime="20220803 01:46:06.415" endtime="20220803 01:46:06.415"/>
</kw>
<msg timestamp="20220803 01:46:06.415" level="INFO">${json} = {'login_valido_sem_carrinho': {'email': 'ericreese@example.com', 'password': '1C3OtLiJ@y'}, 'login_email_invalido': {'email': 'emailInvalido@gmail.com', 'password': '98765'}, 'login_senha_invalida': {...</msg>
<status status="PASS" starttime="20220803 01:46:06.414" endtime="20220803 01:46:06.415"/>
</kw>
<kw name="Set Variable" library="BuiltIn">
<var>${payload}</var>
<arg>${json["login_valido_sem_carrinho"]}</arg>
<doc>Returns the given values which can then be assigned to a variables.</doc>
<msg timestamp="20220803 01:46:06.416" level="INFO">${payload} = {'email': 'ericreese@example.com', 'password': '1C3OtLiJ@y'}</msg>
<status status="PASS" starttime="20220803 01:46:06.416" endtime="20220803 01:46:06.416"/>
</kw>
<kw name="Set Global Variable" library="BuiltIn">
<arg>${payload}</arg>
<doc>Makes a variable available globally in all tests and suites.</doc>
<msg timestamp="20220803 01:46:06.416" level="INFO">${payload} = {'email': 'ericreese@example.com', 'password': '1C3OtLiJ@y'}</msg>
<status status="PASS" starttime="20220803 01:46:06.416" endtime="20220803 01:46:06.416"/>
</kw>
<kw name="POST Endpoint /login" library="login_keywords">
<kw name="POST On Session" library="RequestsLibrary">
<var>${response}</var>
<arg>serverest</arg>
<arg>/login</arg>
<arg>json=&amp;{payload}</arg>
<arg>expected_status=anything</arg>
<doc>Sends a POST request on a previously created HTTP Session.</doc>
<msg timestamp="20220803 01:46:06.421" level="INFO">POST Request : url=http://localhost:3000/login 
 path_url=/login 
 headers={'User-Agent': 'python-requests/2.28.1', 'Accept-Encoding': 'gzip, deflate', 'Accept': '*/*', 'Connection': 'keep-alive', 'Content-Length': '60', 'Content-Type': 'application/json'} 
 body=b'{"email": "ericreese@example.com", "password": "1C3OtLiJ@y"}' 
 </msg>
<msg timestamp="20220803 01:46:06.421" level="INFO">POST Response : url=http://localhost:3000/login 
 status=200, reason=OK 
 headers={'Access-Control-Allow-Origin': '*', 'x-dns-prefetch-control': 'off', 'x-frame-options': 'SAMEORIGIN', 'strict-transport-security': 'max-age=15552000; includeSubDomains', 'x-download-options': 'noopen', 'x-content-type-options': 'nosniff', 'x-xss-protection': '1; mode=block', 'x-moesif-transaction-id': '3d14498f-c1b5-41e6-bed1-dde1b34c8724', 'Content-Type': 'application/json; charset=utf-8', 'Content-Length': '283', 'Date': 'Wed, 03 Aug 2022 04:46:06 GMT', 'Connection': 'keep-alive', 'Keep-Alive': 'timeout=5'} 
 body={
    "message": "Login realizado com sucesso",
    "authorization": "Bearer eyJhbGciOiJIUzI1NiIsInR5cCI6IkpXVCJ9.eyJlbWFpbCI6ImVyaWNyZWVzZUBleGFtcGxlLmNvbSIsInBhc3N3b3JkIjoiMUMzT3RMaUpAeSIsImlhdCI6MTY1OTUwMTk2NiwiZXhwIjoxNjU5NTAyNTY2fQ.z5EjS5irzD7JBv2tgIPmtZfZzg52BlP6rK_GVQ6q5Lo"
} 
 </msg>
<msg timestamp="20220803 01:46:06.421" level="INFO">${response} = &lt;Response [200]&gt;</msg>
<status status="PASS" starttime="20220803 01:46:06.416" endtime="20220803 01:46:06.421"/>
</kw>
<kw name="Printar Conteudo Response" library="common">
<arg>${response}</arg>
<kw name="Log To Console" library="BuiltIn">
<arg>Response: ${response.content}</arg>
<doc>Logs the given message to the console.</doc>
<status status="PASS" starttime="20220803 01:46:06.421" endtime="20220803 01:46:06.422"/>
</kw>
<status status="PASS" starttime="20220803 01:46:06.421" endtime="20220803 01:46:06.422"/>
</kw>
<kw name="Set Global Variable" library="BuiltIn">
<arg>${response}</arg>
<doc>Makes a variable available globally in all tests and suites.</doc>
<msg timestamp="20220803 01:46:06.423" level="INFO">${response} = &lt;Response [200]&gt;</msg>
<status status="PASS" starttime="20220803 01:46:06.423" endtime="20220803 01:46:06.423"/>
</kw>
<status status="PASS" starttime="20220803 01:46:06.416" endtime="20220803 01:46:06.423"/>
</kw>
<status status="PASS" starttime="20220803 01:46:06.414" endtime="20220803 01:46:06.423"/>
</kw>
<kw name="Validar Ter Logado" library="login_keywords">
<kw name="Should Be Equal" library="BuiltIn">
<arg>${response.json()["message"]}</arg>
<arg>Login realizado com sucesso</arg>
<doc>Fails if the given objects are unequal.</doc>
<status status="PASS" starttime="20220803 01:46:06.423" endtime="20220803 01:46:06.424"/>
</kw>
<kw name="Should Not Be Empty" library="BuiltIn">
<arg>${response.json()["authorization"]}</arg>
<doc>Verifies that the given item is not empty.</doc>
<msg timestamp="20220803 01:46:06.424" level="INFO">Length is 210</msg>
<status status="PASS" starttime="20220803 01:46:06.424" endtime="20220803 01:46:06.424"/>
</kw>
<status status="PASS" starttime="20220803 01:46:06.423" endtime="20220803 01:46:06.424"/>
</kw>
<kw name="Set Variable" library="BuiltIn">
<var>${token_auth}</var>
<arg>${response.json()["authorization"]}</arg>
<doc>Returns the given values which can then be assigned to a variables.</doc>
<msg timestamp="20220803 01:46:06.424" level="INFO">${token_auth} = Bearer eyJhbGciOiJIUzI1NiIsInR5cCI6IkpXVCJ9.eyJlbWFpbCI6ImVyaWNyZWVzZUBleGFtcGxlLmNvbSIsInBhc3N3b3JkIjoiMUMzT3RMaUpAeSIsImlhdCI6MTY1OTUwMTk2NiwiZXhwIjoxNjU5NTAyNTY2fQ.z5EjS5irzD7JBv2tgIPmtZfZzg52BlP6r...</msg>
<status status="PASS" starttime="20220803 01:46:06.424" endtime="20220803 01:46:06.424"/>
</kw>
<kw name="Set Global Variable" library="BuiltIn">
<arg>${token_auth}</arg>
<doc>Makes a variable available globally in all tests and suites.</doc>
<msg timestamp="20220803 01:46:06.425" level="INFO">${token_auth} = Bearer eyJhbGciOiJIUzI1NiIsInR5cCI6IkpXVCJ9.eyJlbWFpbCI6ImVyaWNyZWVzZUBleGFtcGxlLmNvbSIsInBhc3N3b3JkIjoiMUMzT3RMaUpAeSIsImlhdCI6MTY1OTUwMTk2NiwiZXhwIjoxNjU5NTAyNTY2fQ.z5EjS5irzD7JBv2tgIPmtZfZzg52BlP6r...</msg>
<status status="PASS" starttime="20220803 01:46:06.425" endtime="20220803 01:46:06.425"/>
</kw>
<status status="PASS" starttime="20220803 01:46:06.414" endtime="20220803 01:46:06.425"/>
</kw>
<kw name="Criar Carrinho Estatico Valido" library="carrinhos_keywords">
<kw name="Importar JSON Estatico" library="common">
<var>${json}</var>
<arg>json_carrinhos_ex.json</arg>
<kw name="Get File" library="OperatingSystem">
<var>${arquivo}</var>
<arg>${EXECDIR}/../support/fixtures/static/${nome_arquivo}</arg>
<doc>Returns the contents of a specified file.</doc>
<msg timestamp="20220803 01:46:06.425" level="INFO" html="true">Getting file '&lt;a href="file://C:\Users\enzoc\OneDrive\Área de Trabalho\RoboTron_Enzo_Ceron_Projeto_Final\support\fixtures\static\json_carrinhos_ex.json"&gt;C:\Users\enzoc\OneDrive\Área de Trabalho\RoboTron_Enzo_Ceron_Projeto_Final\support\fixtures\static\json_carrinhos_ex.json&lt;/a&gt;'.</msg>
<msg timestamp="20220803 01:46:06.427" level="INFO">${arquivo} = {
    "carrinho1":{
        "produtos": [
            {   "idProduto":"BeeJh5lz3k6kSIzA",
                "quantidade":"4"
            }
          ]
    },
    "carrinho2":{
        "produtos": [
    ...</msg>
<status status="PASS" starttime="20220803 01:46:06.425" endtime="20220803 01:46:06.427"/>
</kw>
<kw name="Evaluate" library="BuiltIn">
<var>&amp;{data}</var>
<arg>json.loads('''${arquivo}''')</arg>
<arg>json</arg>
<doc>Evaluates the given expression in Python and returns the result.</doc>
<msg timestamp="20220803 01:46:06.427" level="INFO">&amp;{data} = { carrinho1={'produtos': [{'idProduto': 'BeeJh5lz3k6kSIzA', 'quantidade': '4'}]} | carrinho2={'produtos': [{'idProduto': 'BeeJh5lz3k6kSIzA', 'quantidade': '2'}, {'idProduto': 'YaeJ455lz3k6kSIzA', 'qua...</msg>
<status status="PASS" starttime="20220803 01:46:06.427" endtime="20220803 01:46:06.427"/>
</kw>
<msg timestamp="20220803 01:46:06.427" level="INFO">${json} = {'carrinho1': {'produtos': [{'idProduto': 'BeeJh5lz3k6kSIzA', 'quantidade': '4'}]}, 'carrinho2': {'produtos': [{'idProduto': 'BeeJh5lz3k6kSIzA', 'quantidade': '2'}, {'idProduto': 'YaeJ455lz3k6kSIzA', ...</msg>
<status status="PASS" starttime="20220803 01:46:06.425" endtime="20220803 01:46:06.427"/>
</kw>
<kw name="Set Variable" library="BuiltIn">
<var>${payload}</var>
<arg>${json["carrinho1"]}</arg>
<doc>Returns the given values which can then be assigned to a variables.</doc>
<msg timestamp="20220803 01:46:06.428" level="INFO">${payload} = {'produtos': [{'idProduto': 'BeeJh5lz3k6kSIzA', 'quantidade': '4'}]}</msg>
<status status="PASS" starttime="20220803 01:46:06.427" endtime="20220803 01:46:06.428"/>
</kw>
<kw name="Set Global Variable" library="BuiltIn">
<arg>${payload}</arg>
<doc>Makes a variable available globally in all tests and suites.</doc>
<msg timestamp="20220803 01:46:06.428" level="INFO">${payload} = {'produtos': [{'idProduto': 'BeeJh5lz3k6kSIzA', 'quantidade': '4'}]}</msg>
<status status="PASS" starttime="20220803 01:46:06.428" endtime="20220803 01:46:06.428"/>
</kw>
<kw name="POST Endpoint /carrinhos" library="carrinhos_keywords">
<kw name="Create Dictionary" library="BuiltIn">
<var>${header}</var>
<arg>Authorization=${token_auth}</arg>
<doc>Creates and returns a dictionary based on the given ``items``.</doc>
<msg timestamp="20220803 01:46:06.428" level="INFO">${header} = {'Authorization': 'Bearer eyJhbGciOiJIUzI1NiIsInR5cCI6IkpXVCJ9.eyJlbWFpbCI6ImVyaWNyZWVzZUBleGFtcGxlLmNvbSIsInBhc3N3b3JkIjoiMUMzT3RMaUpAeSIsImlhdCI6MTY1OTUwMTk2NiwiZXhwIjoxNjU5NTAyNTY2fQ.z5EjS5irzD7JBv...</msg>
<status status="PASS" starttime="20220803 01:46:06.428" endtime="20220803 01:46:06.428"/>
</kw>
<kw name="POST On Session" library="RequestsLibrary">
<var>${response}</var>
<arg>serverest</arg>
<arg>/carrinhos</arg>
<arg>json=${payload}</arg>
<arg>expected_status=anything</arg>
<arg>headers=${header}</arg>
<doc>Sends a POST request on a previously created HTTP Session.</doc>
<msg timestamp="20220803 01:46:06.434" level="INFO">POST Request : url=http://localhost:3000/carrinhos 
 path_url=/carrinhos 
 headers={'User-Agent': 'python-requests/2.28.1', 'Accept-Encoding': 'gzip, deflate', 'Accept': '*/*', 'Connection': 'keep-alive', 'Authorization': 'Bearer eyJhbGciOiJIUzI1NiIsInR5cCI6IkpXVCJ9.eyJlbWFpbCI6ImVyaWNyZWVzZUBleGFtcGxlLmNvbSIsInBhc3N3b3JkIjoiMUMzT3RMaUpAeSIsImlhdCI6MTY1OTUwMTk2NiwiZXhwIjoxNjU5NTAyNTY2fQ.z5EjS5irzD7JBv2tgIPmtZfZzg52BlP6rK_GVQ6q5Lo', 'Content-Length': '68', 'Content-Type': 'application/json'} 
 body=b'{"produtos": [{"idProduto": "BeeJh5lz3k6kSIzA", "quantidade": "4"}]}' 
 </msg>
<msg timestamp="20220803 01:46:06.434" level="INFO">POST Response : url=http://localhost:3000/carrinhos 
 status=201, reason=Created 
 headers={'Access-Control-Allow-Origin': '*', 'x-dns-prefetch-control': 'off', 'x-frame-options': 'SAMEORIGIN', 'strict-transport-security': 'max-age=15552000; includeSubDomains', 'x-download-options': 'noopen', 'x-content-type-options': 'nosniff', 'x-xss-protection': '1; mode=block', 'x-moesif-transaction-id': '06a68e98-27fd-4873-955a-5e5a81d0005a', 'Content-Type': 'application/json; charset=utf-8', 'Content-Length': '82', 'Date': 'Wed, 03 Aug 2022 04:46:06 GMT', 'Connection': 'keep-alive', 'Keep-Alive': 'timeout=5'} 
 body={
    "message": "Cadastro realizado com sucesso",
    "_id": "7fRdCEdXPjUQMb8v"
} 
 </msg>
<msg timestamp="20220803 01:46:06.434" level="INFO">${response} = &lt;Response [201]&gt;</msg>
<status status="PASS" starttime="20220803 01:46:06.428" endtime="20220803 01:46:06.434"/>
</kw>
<kw name="Printar Conteudo Response" library="common">
<arg>${response}</arg>
<kw name="Log To Console" library="BuiltIn">
<arg>Response: ${response.content}</arg>
<doc>Logs the given message to the console.</doc>
<status status="PASS" starttime="20220803 01:46:06.434" endtime="20220803 01:46:06.435"/>
</kw>
<status status="PASS" starttime="20220803 01:46:06.434" endtime="20220803 01:46:06.435"/>
</kw>
<kw name="Set Global Variable" library="BuiltIn">
<arg>${response}</arg>
<doc>Makes a variable available globally in all tests and suites.</doc>
<msg timestamp="20220803 01:46:06.435" level="INFO">${response} = &lt;Response [201]&gt;</msg>
<status status="PASS" starttime="20220803 01:46:06.435" endtime="20220803 01:46:06.435"/>
</kw>
[...]
</kw>
<kw name="Printar Conteudo Response" library="common">
<arg>${response}</arg>
<kw name="Log To Console" library="BuiltIn">
<arg>Response: ${response.content}</arg>
<doc>Logs the given message to the console.</doc>
<status status="PASS" starttime="20220803 01:46:06.465" endtime="20220803 01:46:06.466"/>
</kw>
<status status="PASS" starttime="20220803 01:46:06.465" endtime="20220803 01:46:06.466"/>
</kw>
<kw name="Set Global Variable" library="BuiltIn">
<arg>${response}</arg>
<doc>Makes a variable available globally in all tests and suites.</doc>
<msg timestamp="20220803 01:46:06.467" level="INFO">${response} = &lt;Response [200]&gt;</msg>
<status status="PASS" starttime="20220803 01:46:06.466" endtime="20220803 01:46:06.467"/>
</kw>
<status status="PASS" starttime="20220803 01:46:06.460" endtime="20220803 01:46:06.467"/>
</kw>
<status status="PASS" starttime="20220803 01:46:06.458" endtime="20220803 01:46:06.467"/>
</kw>
<kw name="Validar Ter Logado" library="login_keywords">
<kw name="Should Be Equal" library="BuiltIn">
<arg>${response.json()["message"]}</arg>
<arg>Login realizado com sucesso</arg>
<doc>Fails if the given objects are unequal.</doc>
<status status="PASS" starttime="20220803 01:46:06.467" endtime="20220803 01:46:06.468"/>
</kw>
<kw name="Should Not Be Empty" library="BuiltIn">
<arg>${response.json()["authorization"]}</arg>
<doc>Verifies that the given item is not empty.</doc>
<msg timestamp="20220803 01:46:06.468" level="INFO">Length is 210</msg>
<status status="PASS" starttime="20220803 01:46:06.468" endtime="20220803 01:46:06.468"/>
</kw>
<status status="PASS" starttime="20220803 01:46:06.467" endtime="20220803 01:46:06.468"/>
</kw>
<kw name="Set Variable" library="BuiltIn">
<var>${token_auth}</var>
<arg>${response.json()["authorization"]}</arg>
<doc>Returns the given values which can then be assigned to a variables.</doc>
<msg timestamp="20220803 01:46:06.469" level="INFO">${token_auth} = Bearer eyJhbGciOiJIUzI1NiIsInR5cCI6IkpXVCJ9.eyJlbWFpbCI6ImVyaWNyZWVzZUBleGFtcGxlLmNvbSIsInBhc3N3b3JkIjoiMUMzT3RMaUpAeSIsImlhdCI6MTY1OTUwMTk2NiwiZXhwIjoxNjU5NTAyNTY2fQ.z5EjS5irzD7JBv2tgIPmtZfZzg52BlP6r...</msg>
<status status="PASS" starttime="20220803 01:46:06.468" endtime="20220803 01:46:06.469"/>
</kw>
<kw name="Set Global Variable" library="BuiltIn">
<arg>${token_auth}</arg>
<doc>Makes a variable available globally in all tests and suites.</doc>
<msg timestamp="20220803 01:46:06.469" level="INFO">${token_auth} = Bearer eyJhbGciOiJIUzI1NiIsInR5cCI6IkpXVCJ9.eyJlbWFpbCI6ImVyaWNyZWVzZUBleGFtcGxlLmNvbSIsInBhc3N3b3JkIjoiMUMzT3RMaUpAeSIsImlhdCI6MTY1OTUwMTk2NiwiZXhwIjoxNjU5NTAyNTY2fQ.z5EjS5irzD7JBv2tgIPmtZfZzg52BlP6r...</msg>
<status status="PASS" starttime="20220803 01:46:06.469" endtime="20220803 01:46:06.469"/>
</kw>
<status status="PASS" starttime="20220803 01:46:06.458" endtime="20220803 01:46:06.469"/>
</kw>
<kw name="Criar Carrinho Estatico Valido" library="carrinhos_keywords">
<kw name="Importar JSON Estatico" library="common">
<var>${json}</var>
<arg>json_carrinhos_ex.json</arg>
<kw name="Get File" library="OperatingSystem">
<var>${arquivo}</var>
<arg>${EXECDIR}/../support/fixtures/static/${nome_arquivo}</arg>
<doc>Returns the contents of a specified file.</doc>
<msg timestamp="20220803 01:46:06.470" level="INFO" html="true">Getting file '&lt;a href="file://C:\Users\enzoc\OneDrive\Área de Trabalho\RoboTron_Enzo_Ceron_Projeto_Final\support\fixtures\static\json_carrinhos_ex.json"&gt;C:\Users\enzoc\OneDrive\Área de Trabalho\RoboTron_Enzo_Ceron_Projeto_Final\support\fixtures\static\json_carrinhos_ex.json&lt;/a&gt;'.</msg>
<msg timestamp="20220803 01:46:06.470" level="INFO">${arquivo} = {
    "carrinho1":{
        "produtos": [
            {   "idProduto":"BeeJh5lz3k6kSIzA",
                "quantidade":"4"
            }
          ]
    },
    "carrinho2":{
        "produtos": [
    ...</msg>
<status status="PASS" starttime="20220803 01:46:06.470" endtime="20220803 01:46:06.470"/>
</kw>
<kw name="Evaluate" library="BuiltIn">
<var>&amp;{data}</var>
<arg>json.loads('''${arquivo}''')</arg>
<arg>json</arg>
<doc>Evaluates the given expression in Python and returns the result.</doc>
<msg timestamp="20220803 01:46:06.470" level="INFO">&amp;{data} = { carrinho1={'produtos': [{'idProduto': 'BeeJh5lz3k6kSIzA', 'quantidade': '4'}]} | carrinho2={'produtos': [{'idProduto': 'BeeJh5lz3k6kSIzA', 'quantidade': '2'}, {'idProduto': 'YaeJ455lz3k6kSIzA', 'qua...</msg>
<status status="PASS" starttime="20220803 01:46:06.470" endtime="20220803 01:46:06.470"/>
</kw>
<msg timestamp="20220803 01:46:06.471" level="INFO">${json} = {'carrinho1': {'produtos': [{'idProduto': 'BeeJh5lz3k6kSIzA', 'quantidade': '4'}]}, 'carrinho2': {'produtos': [{'idProduto': 'BeeJh5lz3k6kSIzA', 'quantidade': '2'}, {'idProduto': 'YaeJ455lz3k6kSIzA', ...</msg>
<status status="PASS" starttime="20220803 01:46:06.469" endtime="20220803 01:46:06.471"/>
</kw>
<kw name="Set Variable" library="BuiltIn">
<var>${payload}</var>
<arg>${json["carrinho1"]}</arg>
<doc>Returns the given values which can then be assigned to a variables.</doc>
<msg timestamp="20220803 01:46:06.471" level="INFO">${payload} = {'produtos': [{'idProduto': 'BeeJh5lz3k6kSIzA', 'quantidade': '4'}]}</msg>
<status status="PASS" starttime="20220803 01:46:06.471" endtime="20220803 01:46:06.471"/>
</kw>
<kw name="Set Global Variable" library="BuiltIn">
<arg>${payload}</arg>
<doc>Makes a variable available globally in all tests and suites.</doc>
<msg timestamp="20220803 01:46:06.471" level="INFO">${payload} = {'produtos': [{'idProduto': 'BeeJh5lz3k6kSIzA', 'quantidade': '4'}]}</msg>
<status status="PASS" starttime="20220803 01:46:06.471" endtime="20220803 01:46:06.471"/>
</kw>
<kw name="POST Endpoint /carrinhos" library="carrinhos_keywords">
<kw name="Create Dictionary" library="BuiltIn">
<var>${header}</var>
<arg>Authorization=${token_auth}</arg>
<doc>Creates and returns a dictionary based on the given ``items``.</doc>
<msg timestamp="20220803 01:46:06.472" level="INFO">${header} = {'Authorization': 'Bearer eyJhbGciOiJIUzI1NiIsInR5cCI6IkpXVCJ9.eyJlbWFpbCI6ImVyaWNyZWVzZUBleGFtcGxlLmNvbSIsInBhc3N3b3JkIjoiMUMzT3RMaUpAeSIsImlhdCI6MTY1OTUwMTk2NiwiZXhwIjoxNjU5NTAyNTY2fQ.z5EjS5irzD7JBv...</msg>
<status status="PASS" starttime="20220803 01:46:06.471" endtime="20220803 01:46:06.472"/>
</kw>
<kw name="POST On Session" library="RequestsLibrary">
<var>${response}</var>
<arg>serverest</arg>
<arg>/carrinhos</arg>
<arg>json=${payload}</arg>
<arg>expected_status=anything</arg>
<arg>headers=${header}</arg>
<doc>Sends a POST request on a previously created HTTP Session.</doc>
<msg timestamp="20220803 01:46:06.477" level="INFO">POST Request : url=http://localhost:3000/carrinhos 
 path_url=/carrinhos 
 headers={'User-Agent': 'python-requests/2.28.1', 'Accept-Encoding': 'gzip, deflate', 'Accept': '*/*', 'Connection': 'keep-alive', 'Authorization': 'Bearer eyJhbGciOiJIUzI1NiIsInR5cCI6IkpXVCJ9.eyJlbWFpbCI6ImVyaWNyZWVzZUBleGFtcGxlLmNvbSIsInBhc3N3b3JkIjoiMUMzT3RMaUpAeSIsImlhdCI6MTY1OTUwMTk2NiwiZXhwIjoxNjU5NTAyNTY2fQ.z5EjS5irzD7JBv2tgIPmtZfZzg52BlP6rK_GVQ6q5Lo', 'Content-Length': '68', 'Content-Type': 'application/json'} 
 body=b'{"produtos": [{"idProduto": "BeeJh5lz3k6kSIzA", "quantidade": "4"}]}' 
 </msg>
<msg timestamp="20220803 01:46:06.478" level="INFO">POST Response : url=http://localhost:3000/carrinhos 
 status=201, reason=Created 
 headers={'Access-Control-Allow-Origin': '*', 'x-dns-prefetch-control': 'off', 'x-frame-options': 'SAMEORIGIN', 'strict-transport-security': 'max-age=15552000; includeSubDomains', 'x-download-options': 'noopen', 'x-content-type-options': 'nosniff', 'x-xss-protection': '1; mode=block', 'x-moesif-transaction-id': '42238d43-b216-466f-8862-c29b1dc85122', 'Content-Type': 'application/json; charset=utf-8', 'Content-Length': '82', 'Date': 'Wed, 03 Aug 2022 04:46:06 GMT', 'Connection': 'keep-alive', 'Keep-Alive': 'timeout=5'} 
 body={
    "message": "Cadastro realizado com sucesso",
    "_id": "pooCteZR2PqORFwW"
} 
 </msg>
<msg timestamp="20220803 01:46:06.478" level="INFO">${response} = &lt;Response [201]&gt;</msg>
<status status="PASS" starttime="20220803 01:46:06.472" endtime="20220803 01:46:06.478"/>
</kw>
<kw name="Printar Conteudo Response" library="common">
<arg>${response}</arg>
<kw name="Log To Console" library="BuiltIn">
<arg>Response: ${response.content}</arg>
<doc>Logs the given message to the console.</doc>
<status status="PASS" starttime="20220803 01:46:06.478" endtime="20220803 01:46:06.479"/>
</kw>
<status status="PASS" starttime="20220803 01:46:06.478" endtime="20220803 01:46:06.479"/>
</kw>
<kw name="Set Global Variable" library="BuiltIn">
<arg>${response}</arg>
<doc>Makes a variable available globally in all tests and suites.</doc>
<msg timestamp="20220803 01:46:06.479" level="INFO">${response} = &lt;Response [201]&gt;</msg>
<status status="PASS" starttime="20220803 01:46:06.479" endtime="20220803 01:46:06.479"/>
</kw>
<status status="PASS" starttime="20220803 01:46:06.471" endtime="20220803 01:46:06.479"/>
</kw>
<status status="PASS" starttime="20220803 01:46:06.469" endtime="20220803 01:46:06.479"/>
</kw>
<kw name="Validar Status Code &quot;201&quot;" library="common" sourcename="Validar Status Code &quot;${statuscode}&quot;">
<kw name="Should Be True" library="BuiltIn">
<arg>${response.status_code} == ${statuscode}</arg>
<doc>Fails if the given condition is not true.</doc>
<status status="PASS" starttime="20220803 01:46:06.480" endtime="20220803 01:46:06.481"/>
</kw>
<status status="PASS" starttime="20220803 01:46:06.480" endtime="20220803 01:46:06.481"/>
</kw>
<kw name="Validar Mensagem: &quot;Cadastro realizado com sucesso&quot;" library="common" sourcename="Validar Mensagem: &quot;${mensagem}&quot;">
<kw name="Should Match" library="BuiltIn">
<arg>${response.json()["message"]}</arg>
<arg>${mensagem}</arg>
<doc>Fails if the given ``string`` does not match the given ``pattern``.</doc>
<status status="PASS" starttime="20220803 01:46:06.481" endtime="20220803 01:46:06.482"/>
</kw>
<status status="PASS" starttime="20220803 01:46:06.481" endtime="20220803 01:46:06.482"/>
</kw>
<kw name="DELETE Endpoint &quot;/carrinhos/cancelar-compra&quot;" library="carrinhos_keywords" sourcename="DELETE Endpoint &quot;${endpoint}&quot;">
<kw name="Create Dictionary" library="BuiltIn">
<var>${header}</var>
<arg>Authorization=${token_auth}</arg>
<doc>Creates and returns a dictionary based on the given ``items``.</doc>
<msg timestamp="20220803 01:46:06.482" level="INFO">${header} = {'Authorization': 'Bearer eyJhbGciOiJIUzI1NiIsInR5cCI6IkpXVCJ9.eyJlbWFpbCI6ImVyaWNyZWVzZUBleGFtcGxlLmNvbSIsInBhc3N3b3JkIjoiMUMzT3RMaUpAeSIsImlhdCI6MTY1OTUwMTk2NiwiZXhwIjoxNjU5NTAyNTY2fQ.z5EjS5irzD7JBv...</msg>
<status status="PASS" starttime="20220803 01:46:06.482" endtime="20220803 01:46:06.482"/>
</kw>
<kw name="DELETE On Session" library="RequestsLibrary">
<var>${response}</var>
<arg>serverest</arg>
<arg>${endpoint}</arg>
<arg>expected_status=anything</arg>
<arg>headers=${header}</arg>
<doc>Sends a DELETE request on a previously created HTTP Session.</doc>
<msg timestamp="20220803 01:46:06.487" level="INFO">DELETE Request : url=http://localhost:3000/carrinhos/cancelar-compra 
 path_url=/carrinhos/cancelar-compra 
 headers={'User-Agent': 'python-requests/2.28.1', 'Accept-Encoding': 'gzip, deflate', 'Accept': '*/*', 'Connection': 'keep-alive', 'Authorization': 'Bearer eyJhbGciOiJIUzI1NiIsInR5cCI6IkpXVCJ9.eyJlbWFpbCI6ImVyaWNyZWVzZUBleGFtcGxlLmNvbSIsInBhc3N3b3JkIjoiMUMzT3RMaUpAeSIsImlhdCI6MTY1OTUwMTk2NiwiZXhwIjoxNjU5NTAyNTY2fQ.z5EjS5irzD7JBv2tgIPmtZfZzg52BlP6rK_GVQ6q5Lo', 'Content-Length': '0'} 
 body=None 
 </msg>
<msg timestamp="20220803 01:46:06.487" level="INFO">DELETE Response : url=http://localhost:3000/carrinhos/cancelar-compra 
 status=200, reason=OK 
 headers={'Access-Control-Allow-Origin': '*', 'x-dns-prefetch-control': 'off', 'x-frame-options': 'SAMEORIGIN', 'strict-transport-security': 'max-age=15552000; includeSubDomains', 'x-download-options': 'noopen', 'x-content-type-options': 'nosniff', 'x-xss-protection': '1; mode=block', 'x-moesif-transaction-id': '79ca2902-c04e-47b6-a4b3-40e2e0bc7c1c', 'Content-Type': 'application/json; charset=utf-8', 'Content-Length': '86', 'Date': 'Wed, 03 Aug 2022 04:46:06 GMT', 'Connection': 'keep-alive', 'Keep-Alive': 'timeout=5'} 
 body={
    "message": "Registro excluído com sucesso. Estoque dos produtos reabastecido"
} 
 </msg>
<msg timestamp="20220803 01:46:06.487" level="INFO">${response} = &lt;Response [200]&gt;</msg>
<status status="PASS" starttime="20220803 01:46:06.482" endtime="20220803 01:46:06.487"/>
</kw>
<kw name="Printar Conteudo Response" library="common">
<arg>${response}</arg>
<kw name="Log To Console" library="BuiltIn">
<arg>Response: ${response.content}</arg>
<doc>Logs the given message to the console.</doc>
<status status="PASS" starttime="20220803 01:46:06.487" endtime="20220803 01:46:06.488"/>
</kw>
<status status="PASS" starttime="20220803 01:46:06.487" endtime="20220803 01:46:06.488"/>
</kw>
<kw name="Set Global Variable" library="BuiltIn">
<arg>${response}</arg>
<doc>Makes a variable available globally in all tests and suites.</doc>
<msg timestamp="20220803 01:46:06.489" level="INFO">${response} = &lt;Response [200]&gt;</msg>
<status status="PASS" starttime="20220803 01:46:06.489" endtime="20220803 01:46:06.489"/>
</kw>
<status status="PASS" starttime="20220803 01:46:06.482" endtime="20220803 01:46:06.489"/>
</kw>
<kw name="Validar Status Code &quot;200&quot;" library="common" sourcename="Validar Status Code &quot;${statuscode}&quot;">
<kw name="Should Be True" library="BuiltIn">
<arg>${response.status_code} == ${statuscode}</arg>
<doc>Fails if the given condition is not true.</doc>
<status status="PASS" starttime="20220803 01:46:06.489" endtime="20220803 01:46:06.490"/>
</kw>
<status status="PASS" starttime="20220803 01:46:06.489" endtime="20220803 01:46:06.490"/>
</kw>
<kw name="Validar Mensagem: &quot;Registro excluído com sucesso. Estoque dos produtos reabastecido&quot;" library="common" sourcename="Validar Mensagem: &quot;${mensagem}&quot;">
<kw name="Should Match" library="BuiltIn">
<arg>${response.json()["message"]}</arg>
<arg>${mensagem}</arg>
<doc>Fails if the given ``string`` does not match the given ``pattern``.</doc>
<status status="PASS" starttime="20220803 01:46:06.490" endtime="20220803 01:46:06.491"/>
</kw>
<status status="PASS" starttime="20220803 01:46:06.490" endtime="20220803 01:46:06.491"/>
</kw>
<tag>DELETE2.200</tag>
<status status="PASS" starttime="20220803 01:46:06.457" endtime="20220803 01:46:06.491"/>
</test>
<test id="s1-t10" name="Cenário: DELETE Cancelar Compra com Erro no Token 401" line="89">
<kw name="Criar Sessao" library="base">
<kw name="Create Session" library="RequestsLibrary">
<arg>serverest</arg>
<arg>${BASE_URI}</arg>
<doc>Create Session: create a HTTP session to a server</doc>
<msg timestamp="20220803 01:46:06.493" level="INFO">Creating Session using : alias=serverest, url=http://localhost:3000, headers={},                     cookies={}, auth=None, timeout=None, proxies=None, verify=False,                     debug=0 </msg>
<status status="PASS" starttime="20220803 01:46:06.492" endtime="20220803 01:46:06.493"/>
</kw>
<status status="PASS" starttime="20220803 01:46:06.492" endtime="20220803 01:46:06.493"/>
</kw>
<kw name="DELETE Endpoint &quot;/carrinhos/cancelar-compra&quot; Sem Token" library="carrinhos_keywords" sourcename="DELETE Endpoint &quot;${endpoint}&quot; Sem Token">
<kw name="DELETE On Session" library="RequestsLibrary">
<var>${response}</var>
<arg>serverest</arg>
<arg>${endpoint}</arg>
<arg>expected_status=anything</arg>
<doc>Sends a DELETE request on a previously created HTTP Session.</doc>
<msg timestamp="20220803 01:46:06.497" level="INFO">DELETE Request : url=http://localhost:3000/carrinhos/cancelar-compra 
 path_url=/carrinhos/cancelar-compra 
 headers={'User-Agent': 'python-requests/2.28.1', 'Accept-Encoding': 'gzip, deflate', 'Accept': '*/*', 'Connection': 'keep-alive', 'Content-Length': '0'} 
 body=None 
 </msg>
<msg timestamp="20220803 01:46:06.497" level="INFO">DELETE Response : url=http://localhost:3000/carrinhos/cancelar-compra 
 status=401, reason=Unauthorized 
 headers={'Access-Control-Allow-Origin': '*', 'x-dns-prefetch-control': 'off', 'x-frame-options': 'SAMEORIGIN', 'strict-transport-security': 'max-age=15552000; includeSubDomains', 'x-download-options': 'noopen', 'x-content-type-options': 'nosniff', 'x-xss-protection': '1; mode=block', 'x-moesif-transaction-id': '22fc0da0-5275-4552-9c93-cb86f5cdd0fc', 'Content-Type': 'application/json; charset=utf-8', 'Content-Length': '103', 'Date': 'Wed, 03 Aug 2022 04:46:06 GMT', 'Connection': 'keep-alive', 'Keep-Alive': 'timeout=5'} 
 body={
    "message": "Token de acesso ausente, inválido, expirado ou usuário do token não existe mais"
} 
 </msg>
<msg timestamp="20220803 01:46:06.498" level="INFO">${response} = &lt;Response [401]&gt;</msg>
<status status="PASS" starttime="20220803 01:46:06.494" endtime="20220803 01:46:06.498"/>
</kw>
<kw name="Printar Conteudo Response" library="common">
<arg>${response}</arg>
<kw name="Log To Console" library="BuiltIn">
<arg>Response: ${response.content}</arg>
<doc>Logs the given message to the console.</doc>
<status status="PASS" starttime="20220803 01:46:06.498" endtime="20220803 01:46:06.499"/>
</kw>
<status status="PASS" starttime="20220803 01:46:06.498" endtime="20220803 01:46:06.499"/>
</kw>
<kw name="Set Global Variable" library="BuiltIn">
<arg>${response}</arg>
<doc>Makes a variable available globally in all tests and suites.</doc>
<msg timestamp="20220803 01:46:06.499" level="INFO">${response} = &lt;Response [401]&gt;</msg>
<status status="PASS" starttime="20220803 01:46:06.499" endtime="20220803 01:46:06.499"/>
</kw>
<status status="PASS" starttime="20220803 01:46:06.494" endtime="20220803 01:46:06.500"/>
</kw>
<kw name="Validar Status Code &quot;401&quot;" library="common" sourcename="Validar Status Code &quot;${statuscode}&quot;">
<kw name="Should Be True" library="BuiltIn">
<arg>${response.status_code} == ${statuscode}</arg>
<doc>Fails if the given condition is not true.</doc>
<status status="PASS" starttime="20220803 01:46:06.500" endtime="20220803 01:46:06.501"/>
</kw>
<status status="PASS" starttime="20220803 01:46:06.500" endtime="20220803 01:46:06.501"/>
</kw>
<kw name="Validar Mensagem: &quot;Token de acesso ausente, inválido, expirado ou usuário do token não existe mais&quot;" library="common" sourcename="Validar Mensagem: &quot;${mensagem}&quot;">
<kw name="Should Match" library="BuiltIn">
<arg>${response.json()["message"]}</arg>
<arg>${mensagem}</arg>
<doc>Fails if the given ``string`` does not match the given ``pattern``.</doc>
<status status="PASS" starttime="20220803 01:46:06.501" endtime="20220803 01:46:06.502"/>
</kw>
<status status="PASS" starttime="20220803 01:46:06.501" endtime="20220803 01:46:06.502"/>
</kw>
<tag>DELETE2.401</tag>
<status status="PASS" starttime="20220803 01:46:06.492" endtime="20220803 01:46:06.502"/>
</test>
<doc>Arquivo para Test Cases no Endpoint /carrinhos</doc>
<status status="PASS" starttime="20220803 01:46:05.982" endtime="20220803 01:46:06.502"/>
</suite>
<statistics>
<total>
<stat pass="10" fail="0" skip="0">All Tests</stat>
</total>
<tag>
<stat pass="1" fail="0" skip="0">DELETE1.200</stat>
<stat pass="1" fail="0" skip="0">DELETE1.401</stat>
<stat pass="1" fail="0" skip="0">DELETE2.200</stat>
<stat pass="1" fail="0" skip="0">DELETE2.401</stat>
<stat pass="1" fail="0" skip="0">GET1.200</stat>
<stat pass="1" fail="0" skip="0">GET2.200</stat>
<stat pass="1" fail="0" skip="0">GET400</stat>
<stat pass="1" fail="0" skip="0">POST201</stat>
<stat pass="1" fail="0" skip="0">POST400</stat>
<stat pass="1" fail="0" skip="0">POST401</stat>
</tag>
<suite>
<stat pass="10" fail="0" skip="0" id="s1" name="Carrinhos">Carrinhos</stat>
</suite>
</statistics>
<errors>
</errors>
</robot>
